Log file open, 05/19/20 18:07:20
LogWindows: Failed to load 'aqProf.dll' (GetLastError=126)
LogWindows: File 'aqProf.dll' does not exist
LogWindows: Failed to load 'VtuneApi.dll' (GetLastError=126)
LogWindows: File 'VtuneApi.dll' does not exist
LogWindows: Failed to load 'VtuneApi32e.dll' (GetLastError=126)
LogWindows: File 'VtuneApi32e.dll' does not exist
LogConsoleResponse: Display: Failed to find resolution value strings in scalability ini. Falling back to default.
LogInit: Display: Running engine for game: MoveSkatePhys
LogPlatformFile: Not using cached read wrapper
LogTaskGraph: Started task graph with 5 named threads and 35 total threads with 3 sets of task threads.
LogStats: Stats thread started at 0.122865
LogD3D11RHI: Loaded GFSDK_Aftermath_Lib.x64.dll
LogICUInternationalization: ICU TimeZone Detection - Raw Offset: +12:00, Platform Override: ''
LogPluginManager: Mounting plugin Paper2D
LogPluginManager: Mounting plugin AISupport
LogPluginManager: Mounting plugin LightPropagationVolume
LogPluginManager: Mounting plugin ActorLayerUtilities
LogPluginManager: Mounting plugin AnimationSharing
LogPluginManager: Mounting plugin CLionSourceCodeAccess
LogPluginManager: Mounting plugin CodeLiteSourceCodeAccess
LogPluginManager: Mounting plugin ConcertMain
LogPluginManager: Mounting plugin ConcertSyncClient
LogPluginManager: Mounting plugin ConcertSyncCore
LogPluginManager: Mounting plugin MultiUserClient
LogPluginManager: Mounting plugin GitSourceControl
LogPluginManager: Mounting plugin KDevelopSourceCodeAccess
LogPluginManager: Mounting plugin NullSourceCodeAccess
LogPluginManager: Mounting plugin PerforceSourceControl
LogPluginManager: Mounting plugin PlasticSourceControl
LogPluginManager: Mounting plugin SubversionSourceControl
LogPluginManager: Mounting plugin UObjectPlugin
LogPluginManager: Mounting plugin VisualStudioCodeSourceCodeAccess
LogPluginManager: Mounting plugin VisualStudioSourceCodeAccess
LogPluginManager: Mounting plugin XCodeSourceCodeAccess
LogPluginManager: Mounting plugin AssetManagerEditor
LogPluginManager: Mounting plugin CryptoKeys
LogPluginManager: Mounting plugin CurveEditorTools
LogPluginManager: Mounting plugin DataValidation
LogPluginManager: Mounting plugin FacialAnimation
LogPluginManager: Mounting plugin GameplayTagsEditor
LogPluginManager: Mounting plugin MacGraphicsSwitching
LogPluginManager: Mounting plugin MaterialAnalyzer
LogPluginManager: Mounting plugin MobileLauncherProfileWizard
LogPluginManager: Mounting plugin PluginBrowser
LogPluginManager: Mounting plugin SpeedTreeImporter
LogPluginManager: Mounting plugin DatasmithContent
LogPluginManager: Mounting plugin VariantManagerContent
LogPluginManager: Mounting plugin AlembicImporter
LogPluginManager: Mounting plugin AutomationUtils
LogPluginManager: Mounting plugin BackChannel
LogPluginManager: Mounting plugin CharacterAI
LogPluginManager: Mounting plugin GeometryCache
LogPluginManager: Mounting plugin PlatformCrypto
LogPluginManager: Mounting plugin ProxyLODPlugin
LogPluginManager: Mounting plugin SkeletalReduction
LogPluginManager: Mounting plugin MagicLeap
LogPluginManager: Mounting plugin MagicLeapMedia
LogPluginManager: Mounting plugin MLSDK
LogPluginManager: Mounting plugin AndroidMedia
LogPluginManager: Mounting plugin AvfMedia
LogPluginManager: Mounting plugin ImgMedia
LogPluginManager: Mounting plugin MediaCompositing
LogPluginManager: Mounting plugin MediaPlayerEditor
LogPluginManager: Mounting plugin WebMMedia
LogPluginManager: Mounting plugin WmfMedia
LogPluginManager: Mounting plugin TcpMessaging
LogPluginManager: Mounting plugin UdpMessaging
LogPluginManager: Mounting plugin ActorSequence
LogPluginManager: Mounting plugin LevelSequenceEditor
LogPluginManager: Mounting plugin MatineeToLevelSequence
LogPluginManager: Mounting plugin NetcodeUnitTest
LogPluginManager: Mounting plugin NUTUnrealEngine4
LogPluginManager: Mounting plugin OnlineSubsystemGooglePlay
LogPluginManager: Mounting plugin OnlineSubsystemIOS
LogPluginManager: Mounting plugin OnlineSubsystem
LogPluginManager: Mounting plugin OnlineSubsystemNull
LogPluginManager: Mounting plugin OnlineSubsystemUtils
LogPluginManager: Mounting plugin LauncherChunkInstaller
LogPluginManager: Mounting plugin AndroidDeviceProfileSelector
LogPluginManager: Mounting plugin AndroidMoviePlayer
LogPluginManager: Mounting plugin AndroidPermission
LogPluginManager: Mounting plugin AppleImageUtils
LogPluginManager: Mounting plugin AppleMoviePlayer
LogPluginManager: Mounting plugin ArchVisCharacter
LogPluginManager: Mounting plugin AssetTags
LogPluginManager: Mounting plugin AudioCapture
LogPluginManager: Mounting plugin CableComponent
LogPluginManager: Mounting plugin CustomMeshComponent
LogPluginManager: Mounting plugin SQLiteCore
LogPluginManager: Mounting plugin EditableMesh
LogPluginManager: Mounting plugin ExampleDeviceProfileSelector
LogPluginManager: Mounting plugin GoogleCloudMessaging
LogPluginManager: Mounting plugin IOSDeviceProfileSelector
LogPluginManager: Mounting plugin LinuxDeviceProfileSelector
LogPluginManager: Mounting plugin LocationServicesBPLibrary
LogPluginManager: Mounting plugin MobilePatchingUtils
LogPluginManager: Mounting plugin OculusVR
LogPluginManager: Mounting plugin PhysXVehicles
LogPluginManager: Mounting plugin PostSplashScreen
LogPluginManager: Mounting plugin ProceduralMeshComponent
LogPluginManager: Mounting plugin RuntimePhysXCooking
LogPluginManager: Mounting plugin SignificanceManager
LogPluginManager: Mounting plugin SteamVR
LogPluginManager: Mounting plugin WebMMoviePlayer
LogPluginManager: Mounting plugin WindowsMoviePlayer
LogPluginManager: Mounting plugin ScreenshotTools
LogInit: Using libcurl 7.55.1-DEV
LogInit:  - built for x86_64-pc-win32
LogInit:  - supports SSL with OpenSSL/1.1.1
LogInit:  - supports HTTP deflate (compression) using libz 1.2.8
LogInit:  - other features:
LogInit:      CURL_VERSION_SSL
LogInit:      CURL_VERSION_LIBZ
LogInit:      CURL_VERSION_IPV6
LogInit:      CURL_VERSION_ASYNCHDNS
LogInit:      CURL_VERSION_LARGEFILE
LogInit:      CURL_VERSION_IDN
LogInit:  CurlRequestOptions (configurable via config and command line):
LogInit:  - bVerifyPeer = true  - Libcurl will verify peer certificate
LogInit:  - bUseHttpProxy = false  - Libcurl will NOT use HTTP proxy
LogInit:  - bDontReuseConnections = false  - Libcurl will reuse connections
LogInit:  - MaxHostConnections = 16  - Libcurl will limit the number of connections to a host
LogInit:  - LocalHostAddr = Default
LogInit:  - BufferSize = 65536
LogOnline: OSS: Creating online subsystem instance for: NULL
LogInit: WinSock: version 1.1 (2.2), MaxSocks=32767, MaxUdp=65467
LogOnline: OSS: TryLoadSubsystemAndSetDefault: Loaded subsystem for module [NULL]
LogHMD: Failed initializing OVRPlugin 1.40.0
LogInit: Build: ++UE4+Release-4.24-CL-11590370
LogInit: Engine Version: 4.24.3-11590370+++UE4+Release-4.24
LogInit: Compatible Engine Version: 4.24.0-10570792+++UE4+Release-4.24
LogInit: Net CL: 10570792
LogInit: OS: Windows 10 (Release 1903) (), CPU: AMD Ryzen 5 1600 Six-Core Processor            , GPU: NVIDIA GeForce GTX 1060 6GB
LogInit: Compiled (64-bit): Feb 24 2020 15:39:18
LogInit: Compiled with Visual C++: 19.16.27032.01
LogInit: Build Configuration: Development
LogInit: Branch Name: ++UE4+Release-4.24
LogInit: Command Line:  -EpicPortal -epicusername=Griff_Ladd -epicuserid=7e4c4c62acb44f19bddbfb2a4922e6b3 -epiclocale=en
LogInit: Base Directory: D:/Program Files (x86)/UE_4.24/Engine/Binaries/Win64/
LogInit: Installed Engine Build: 1
LogDevObjectVersion: Number of dev versions registered: 25
LogDevObjectVersion:   Dev-Blueprints (B0D832E4-1F89-4F0D-ACCF-7EB736FD4AA2): 10
LogDevObjectVersion:   Dev-Build (E1C64328-A22C-4D53-A36C-8E866417BD8C): 0
LogDevObjectVersion:   Dev-Core (375EC13C-06E4-48FB-B500-84F0262A717E): 3
LogDevObjectVersion:   Dev-Editor (E4B068ED-F494-42E9-A231-DA0B2E46BB41): 37
LogDevObjectVersion:   Dev-Framework (CFFC743F-43B0-4480-9391-14DF171D2073): 36
LogDevObjectVersion:   Dev-Mobile (B02B49B5-BB20-44E9-A304-32B752E40360): 2
LogDevObjectVersion:   Dev-Networking (A4E4105C-59A1-49B5-A7C5-40C4547EDFEE): 0
LogDevObjectVersion:   Dev-Online (39C831C9-5AE6-47DC-9A44-9C173E1C8E7C): 0
LogDevObjectVersion:   Dev-Physics (78F01B33-EBEA-4F98-B9B4-84EACCB95AA2): 2
LogDevObjectVersion:   Dev-Platform (6631380F-2D4D-43E0-8009-CF276956A95A): 0
LogDevObjectVersion:   Dev-Rendering (12F88B9F-8875-4AFC-A67C-D90C383ABD29): 36
LogDevObjectVersion:   Dev-Sequencer (7B5AE74C-D270-4C10-A958-57980B212A5A): 11
LogDevObjectVersion:   Dev-VR (D7296918-1DD6-4BDD-9DE2-64A83CC13884): 2
LogDevObjectVersion:   Dev-LoadTimes (C2A15278-BFE7-4AFE-6C17-90FF531DF755): 1
LogDevObjectVersion:   Private-Geometry (6EACA3D4-40EC-4CC1-B786-8BED09428FC5): 3
LogDevObjectVersion:   Dev-AnimPhys (29E575DD-E0A3-4627-9D10-D276232CDCEA): 17
LogDevObjectVersion:   Dev-Anim (AF43A65D-7FD3-4947-9873-3E8ED9C1BB05): 2
LogDevObjectVersion:   Dev-ReflectionCapture (6B266CEC-1EC7-4B8F-A30B-E4D90942FC07): 1
LogDevObjectVersion:   Dev-Automation (0DF73D61-A23F-47EA-B727-89E90C41499A): 1
LogDevObjectVersion:   FortniteMain (601D1886-AC64-4F84-AA16-D3DE0DEAC7D6): 31
LogDevObjectVersion:   Dev-Enterprise (9DFFBCD6-494F-0158-E221-12823C92A888): 8
LogDevObjectVersion:   Dev-Niagara (F2AED0AC-9AFE-416F-8664-AA7FFA26D6FC): 1
LogDevObjectVersion:   Dev-Destruction (174F1F0B-B4C6-45A5-B13F-2EE8D0FB917D): 9
LogDevObjectVersion:   Dev-Physics-Ext (35F94A83-E258-406C-A318-09F59610247C): 8
LogDevObjectVersion:   Dev-CineCamera (B2E18506-4273-CFC2-A54E-F4BB758BBA07): 1
LogInit: Presizing for max 25165824 objects, including 0 objects not considered by GC, pre-allocating 0 bytes for permanent pool.
LogInit: Object subsystem initialized
LogConfig: Setting CVar [[con.DebugEarlyDefault:1]]
LogConfig: Setting CVar [[r.setres:1280x720]]
[2020.05.19-06.07.21:808][  0]LogConfig: Setting CVar [[r.VSync:0]]
[2020.05.19-06.07.21:808][  0]LogConfig: Setting CVar [[r.RHICmdBypass:0]]
[2020.05.19-06.07.21:808][  0]LogConfig: Applying CVar settings from Section [/Script/Engine.RendererSettings] File [F:/Unreal Crap/Github/BSE-Killer-Round-19071/MoveSkatePhys/Saved/Config/Windows/Engine.ini]
[2020.05.19-06.07.21:808][  0]LogConfig: Setting CVar [[r.GPUCrashDebugging:0]]
[2020.05.19-06.07.21:808][  0]LogConfig: Setting CVar [[r.DefaultFeature.AutoExposure:0]]
[2020.05.19-06.07.21:808][  0]LogConfig: Applying CVar settings from Section [/Script/Engine.RendererOverrideSettings] File [F:/Unreal Crap/Github/BSE-Killer-Round-19071/MoveSkatePhys/Saved/Config/Windows/Engine.ini]
[2020.05.19-06.07.21:808][  0]LogConfig: Applying CVar settings from Section [/Script/Engine.StreamingSettings] File [F:/Unreal Crap/Github/BSE-Killer-Round-19071/MoveSkatePhys/Saved/Config/Windows/Engine.ini]
[2020.05.19-06.07.21:808][  0]LogConfig: Setting CVar [[s.MinBulkDataSizeForAsyncLoading:131072]]
[2020.05.19-06.07.21:808][  0]LogConfig: Setting CVar [[s.AsyncLoadingThreadEnabled:0]]
[2020.05.19-06.07.21:808][  0]LogConfig: Setting CVar [[s.EventDrivenLoaderEnabled:1]]
[2020.05.19-06.07.21:808][  0]LogConfig: Setting CVar [[s.WarnIfTimeLimitExceeded:0]]
[2020.05.19-06.07.21:808][  0]LogConfig: Setting CVar [[s.TimeLimitExceededMultiplier:1.5]]
[2020.05.19-06.07.21:808][  0]LogConfig: Setting CVar [[s.TimeLimitExceededMinTime:0.005]]
[2020.05.19-06.07.21:808][  0]LogConfig: Setting CVar [[s.UseBackgroundLevelStreaming:1]]
[2020.05.19-06.07.21:808][  0]LogConfig: Setting CVar [[s.PriorityAsyncLoadingExtraTime:15.0]]
[2020.05.19-06.07.21:808][  0]LogConfig: Setting CVar [[s.LevelStreamingActorsUpdateTimeLimit:5.0]]
[2020.05.19-06.07.21:808][  0]LogConfig: Setting CVar [[s.PriorityLevelStreamingActorsUpdateExtraTime:5.0]]
[2020.05.19-06.07.21:808][  0]LogConfig: Setting CVar [[s.LevelStreamingComponentsRegistrationGranularity:10]]
[2020.05.19-06.07.21:808][  0]LogConfig: Setting CVar [[s.UnregisterComponentsTimeLimit:1.0]]
[2020.05.19-06.07.21:808][  0]LogConfig: Setting CVar [[s.LevelStreamingComponentsUnregistrationGranularity:5]]
[2020.05.19-06.07.21:808][  0]LogConfig: Setting CVar [[s.FlushStreamingOnExit:1]]
[2020.05.19-06.07.21:808][  0]LogConfig: Applying CVar settings from Section [/Script/Engine.GarbageCollectionSettings] File [F:/Unreal Crap/Github/BSE-Killer-Round-19071/MoveSkatePhys/Saved/Config/Windows/Engine.ini]
[2020.05.19-06.07.21:808][  0]LogConfig: Setting CVar [[gc.MaxObjectsNotConsideredByGC:1]]
[2020.05.19-06.07.21:808][  0]LogConfig: Setting CVar [[gc.SizeOfPermanentObjectPool:0]]
[2020.05.19-06.07.21:808][  0]LogConfig: Setting CVar [[gc.FlushStreamingOnGC:0]]
[2020.05.19-06.07.21:808][  0]LogConfig: Setting CVar [[gc.NumRetriesBeforeForcingGC:10]]
[2020.05.19-06.07.21:808][  0]LogConfig: Setting CVar [[gc.AllowParallelGC:1]]
[2020.05.19-06.07.21:808][  0]LogConfig: Setting CVar [[gc.TimeBetweenPurgingPendingKillObjects:61.1]]
[2020.05.19-06.07.21:808][  0]LogConfig: Setting CVar [[gc.MaxObjectsInEditor:25165824]]
[2020.05.19-06.07.21:808][  0]LogConfig: Setting CVar [[gc.IncrementalBeginDestroyEnabled:1]]
[2020.05.19-06.07.21:808][  0]LogConfig: Setting CVar [[gc.CreateGCClusters:1]]
[2020.05.19-06.07.21:808][  0]LogConfig: Setting CVar [[gc.MinGCClusterSize:5]]
[2020.05.19-06.07.21:808][  0]LogConfig: Setting CVar [[gc.ActorClusteringEnabled:0]]
[2020.05.19-06.07.21:808][  0]LogConfig: Setting CVar [[gc.BlueprintClusteringEnabled:0]]
[2020.05.19-06.07.21:808][  0]LogConfig: Setting CVar [[gc.UseDisregardForGCOnDedicatedServers:0]]
[2020.05.19-06.07.21:808][  0]LogConfig: Applying CVar settings from Section [/Script/Engine.NetworkSettings] File [F:/Unreal Crap/Github/BSE-Killer-Round-19071/MoveSkatePhys/Saved/Config/Windows/Engine.ini]
[2020.05.19-06.07.21:808][  0]LogConfig: Applying CVar settings from Section [/Script/UnrealEd.CookerSettings] File [F:/Unreal Crap/Github/BSE-Killer-Round-19071/MoveSkatePhys/Saved/Config/Windows/Engine.ini]
[2020.05.19-06.07.21:814][  0]LogConfig: Applying CVar settings from Section [ViewDistanceQuality@3] File [F:/Unreal Crap/Github/BSE-Killer-Round-19071/MoveSkatePhys/Saved/Config/Windows/Scalability.ini]
[2020.05.19-06.07.21:814][  0]LogConfig: Setting CVar [[r.SkeletalMeshLODBias:0]]
[2020.05.19-06.07.21:814][  0]LogConfig: Setting CVar [[r.ViewDistanceScale:1.0]]
[2020.05.19-06.07.21:814][  0]LogConfig: Applying CVar settings from Section [AntiAliasingQuality@3] File [F:/Unreal Crap/Github/BSE-Killer-Round-19071/MoveSkatePhys/Saved/Config/Windows/Scalability.ini]
[2020.05.19-06.07.21:814][  0]LogConfig: Setting CVar [[r.PostProcessAAQuality:4]]
[2020.05.19-06.07.21:814][  0]LogConfig: Applying CVar settings from Section [ShadowQuality@3] File [F:/Unreal Crap/Github/BSE-Killer-Round-19071/MoveSkatePhys/Saved/Config/Windows/Scalability.ini]
[2020.05.19-06.07.21:814][  0]LogConfig: Setting CVar [[r.LightFunctionQuality:1]]
[2020.05.19-06.07.21:814][  0]LogConfig: Setting CVar [[r.ShadowQuality:5]]
[2020.05.19-06.07.21:814][  0]LogConfig: Setting CVar [[r.Shadow.CSM.MaxCascades:10]]
[2020.05.19-06.07.21:814][  0]LogConfig: Setting CVar [[r.Shadow.MaxResolution:2048]]
[2020.05.19-06.07.21:814][  0]LogConfig: Setting CVar [[r.Shadow.MaxCSMResolution:2048]]
[2020.05.19-06.07.21:814][  0]LogConfig: Setting CVar [[r.Shadow.RadiusThreshold:0.01]]
[2020.05.19-06.07.21:814][  0]LogConfig: Setting CVar [[r.Shadow.DistanceScale:1.0]]
[2020.05.19-06.07.21:814][  0]LogConfig: Setting CVar [[r.Shadow.CSM.TransitionScale:1.0]]
[2020.05.19-06.07.21:814][  0]LogConfig: Setting CVar [[r.Shadow.PreShadowResolutionFactor:1.0]]
[2020.05.19-06.07.21:814][  0]LogConfig: Setting CVar [[r.DistanceFieldShadowing:1]]
[2020.05.19-06.07.21:814][  0]LogConfig: Setting CVar [[r.DistanceFieldAO:1]]
[2020.05.19-06.07.21:814][  0]LogConfig: Setting CVar [[r.AOQuality:2]]
[2020.05.19-06.07.21:814][  0]LogConfig: Setting CVar [[r.VolumetricFog:1]]
[2020.05.19-06.07.21:814][  0]LogConfig: Setting CVar [[r.VolumetricFog.GridPixelSize:8]]
[2020.05.19-06.07.21:814][  0]LogConfig: Setting CVar [[r.VolumetricFog.GridSizeZ:128]]
[2020.05.19-06.07.21:814][  0]LogConfig: Setting CVar [[r.VolumetricFog.HistoryMissSupersampleCount:4]]
[2020.05.19-06.07.21:814][  0]LogConfig: Setting CVar [[r.LightMaxDrawDistanceScale:1]]
[2020.05.19-06.07.21:814][  0]LogConfig: Setting CVar [[r.CapsuleShadows:1]]
[2020.05.19-06.07.21:814][  0]LogConfig: Applying CVar settings from Section [PostProcessQuality@3] File [F:/Unreal Crap/Github/BSE-Killer-Round-19071/MoveSkatePhys/Saved/Config/Windows/Scalability.ini]
[2020.05.19-06.07.21:814][  0]LogConfig: Setting CVar [[r.MotionBlurQuality:4]]
[2020.05.19-06.07.21:814][  0]LogConfig: Setting CVar [[r.AmbientOcclusionMipLevelFactor:0.4]]
[2020.05.19-06.07.21:814][  0]LogConfig: Setting CVar [[r.AmbientOcclusionMaxQuality:100]]
[2020.05.19-06.07.21:814][  0]LogConfig: Setting CVar [[r.AmbientOcclusionLevels:-1]]
[2020.05.19-06.07.21:814][  0]LogConfig: Setting CVar [[r.AmbientOcclusionRadiusScale:1.0]]
[2020.05.19-06.07.21:814][  0]LogConfig: Setting CVar [[r.DepthOfFieldQuality:2]]
[2020.05.19-06.07.21:814][  0]LogConfig: Setting CVar [[r.RenderTargetPoolMin:400]]
[2020.05.19-06.07.21:814][  0]LogConfig: Setting CVar [[r.LensFlareQuality:2]]
[2020.05.19-06.07.21:814][  0]LogConfig: Setting CVar [[r.SceneColorFringeQuality:1]]
[2020.05.19-06.07.21:814][  0]LogConfig: Setting CVar [[r.EyeAdaptationQuality:2]]
[2020.05.19-06.07.21:814][  0]LogConfig: Setting CVar [[r.BloomQuality:5]]
[2020.05.19-06.07.21:814][  0]LogConfig: Setting CVar [[r.FastBlurThreshold:100]]
[2020.05.19-06.07.21:814][  0]LogConfig: Setting CVar [[r.Upscale.Quality:3]]
[2020.05.19-06.07.21:814][  0]LogConfig: Setting CVar [[r.Tonemapper.GrainQuantization:1]]
[2020.05.19-06.07.21:814][  0]LogConfig: Setting CVar [[r.LightShaftQuality:1]]
[2020.05.19-06.07.21:814][  0]LogConfig: Setting CVar [[r.Filter.SizeScale:1]]
[2020.05.19-06.07.21:814][  0]LogConfig: Setting CVar [[r.Tonemapper.Quality:5]]
[2020.05.19-06.07.21:814][  0]LogConfig: Setting CVar [[r.DOF.Gather.AccumulatorQuality:1        ; higher gathering accumulator quality]]
[2020.05.19-06.07.21:814][  0]LogConfig: Setting CVar [[r.DOF.Gather.PostfilterMethod:1          ; Median3x3 postfilering method]]
[2020.05.19-06.07.21:814][  0]LogConfig: Setting CVar [[r.DOF.Gather.EnableBokehSettings:0       ; no bokeh simulation when gathering]]
[2020.05.19-06.07.21:814][  0]LogConfig: Setting CVar [[r.DOF.Gather.RingCount:4                 ; medium number of samples when gathering]]
[2020.05.19-06.07.21:815][  0]LogConfig: Setting CVar [[r.DOF.Scatter.ForegroundCompositing:1    ; additive foreground scattering]]
[2020.05.19-06.07.21:815][  0]LogConfig: Setting CVar [[r.DOF.Scatter.BackgroundCompositing:2    ; additive background scattering]]
[2020.05.19-06.07.21:815][  0]LogConfig: Setting CVar [[r.DOF.Scatter.EnableBokehSettings:1      ; bokeh simulation when scattering]]
[2020.05.19-06.07.21:815][  0]LogConfig: Setting CVar [[r.DOF.Scatter.MaxSpriteRatio:0.1         ; only a maximum of 10% of scattered bokeh]]
[2020.05.19-06.07.21:815][  0]LogConfig: Setting CVar [[r.DOF.Recombine.Quality:1                ; cheap slight out of focus]]
[2020.05.19-06.07.21:815][  0]LogConfig: Setting CVar [[r.DOF.Recombine.EnableBokehSettings:0    ; no bokeh simulation on slight out of focus]]
[2020.05.19-06.07.21:815][  0]LogConfig: Setting CVar [[r.DOF.TemporalAAQuality:1                ; more stable temporal accumulation]]
[2020.05.19-06.07.21:815][  0]LogConfig: Setting CVar [[r.DOF.Kernel.MaxForegroundRadius:0.025]]
[2020.05.19-06.07.21:815][  0]LogConfig: Setting CVar [[r.DOF.Kernel.MaxBackgroundRadius:0.025]]
[2020.05.19-06.07.21:815][  0]LogConfig: Applying CVar settings from Section [TextureQuality@3] File [F:/Unreal Crap/Github/BSE-Killer-Round-19071/MoveSkatePhys/Saved/Config/Windows/Scalability.ini]
[2020.05.19-06.07.21:815][  0]LogConfig: Setting CVar [[r.Streaming.MipBias:0]]
[2020.05.19-06.07.21:815][  0]LogConfig: Setting CVar [[r.Streaming.AmortizeCPUToGPUCopy:0]]
[2020.05.19-06.07.21:815][  0]LogConfig: Setting CVar [[r.Streaming.MaxNumTexturesToStreamPerFrame:0]]
[2020.05.19-06.07.21:815][  0]LogConfig: Setting CVar [[r.Streaming.Boost:1]]
[2020.05.19-06.07.21:815][  0]LogConfig: Setting CVar [[r.MaxAnisotropy:8]]
[2020.05.19-06.07.21:815][  0]LogConfig: Setting CVar [[r.VT.MaxAnisotropy:8]]
[2020.05.19-06.07.21:815][  0]LogConfig: Setting CVar [[r.Streaming.LimitPoolSizeToVRAM:0]]
[2020.05.19-06.07.21:815][  0]LogConfig: Setting CVar [[r.Streaming.PoolSize:1000]]
[2020.05.19-06.07.21:815][  0]LogConfig: Setting CVar [[r.Streaming.MaxEffectiveScreenSize:0]]
[2020.05.19-06.07.21:815][  0]LogConfig: Applying CVar settings from Section [EffectsQuality@3] File [F:/Unreal Crap/Github/BSE-Killer-Round-19071/MoveSkatePhys/Saved/Config/Windows/Scalability.ini]
[2020.05.19-06.07.21:815][  0]LogConfig: Setting CVar [[r.TranslucencyLightingVolumeDim:64]]
[2020.05.19-06.07.21:815][  0]LogConfig: Setting CVar [[r.RefractionQuality:2]]
[2020.05.19-06.07.21:815][  0]LogConfig: Setting CVar [[r.SSR.Quality:3]]
[2020.05.19-06.07.21:815][  0]LogConfig: Setting CVar [[r.SSR.HalfResSceneColor:0]]
[2020.05.19-06.07.21:815][  0]LogConfig: Setting CVar [[r.SceneColorFormat:4]]
[2020.05.19-06.07.21:815][  0]LogConfig: Setting CVar [[r.DetailMode:2]]
[2020.05.19-06.07.21:815][  0]LogConfig: Setting CVar [[r.TranslucencyVolumeBlur:1]]
[2020.05.19-06.07.21:815][  0]LogConfig: Setting CVar [[r.MaterialQualityLevel:1 ; High quality]]
[2020.05.19-06.07.21:815][  0]LogConfig: Setting CVar [[r.SSS.Scale:1]]
[2020.05.19-06.07.21:815][  0]LogConfig: Setting CVar [[r.SSS.SampleSet:2]]
[2020.05.19-06.07.21:815][  0]LogConfig: Setting CVar [[r.SSS.Quality:1]]
[2020.05.19-06.07.21:815][  0]LogConfig: Setting CVar [[r.SSS.HalfRes:1]]
[2020.05.19-06.07.21:815][  0]LogConfig: Setting CVar [[r.SSGI.Quality:3]]
[2020.05.19-06.07.21:815][  0]LogConfig: Setting CVar [[r.EmitterSpawnRateScale:1.0]]
[2020.05.19-06.07.21:815][  0]LogConfig: Setting CVar [[r.ParticleLightQuality:2]]
[2020.05.19-06.07.21:815][  0]LogConfig: Setting CVar [[r.SkyAtmosphere.AerialPerspectiveLUT.FastApplyOnOpaque:1 ; Always have FastSkyLUT 1 in this case to avoid wrong sky]]
[2020.05.19-06.07.21:815][  0]LogConfig: Setting CVar [[r.SkyAtmosphere.AerialPerspectiveLUT.SampleCountPerSlice:1]]
[2020.05.19-06.07.21:815][  0]LogConfig: Setting CVar [[r.SkyAtmosphere.AerialPerspectiveLUT.DepthResolution:16.0]]
[2020.05.19-06.07.21:815][  0]LogConfig: Setting CVar [[r.SkyAtmosphere.FastSkyLUT:1]]
[2020.05.19-06.07.21:815][  0]LogConfig: Setting CVar [[r.SkyAtmosphere.FastSkyLUT.SampleCountMin:4.0]]
[2020.05.19-06.07.21:815][  0]LogConfig: Setting CVar [[r.SkyAtmosphere.FastSkyLUT.SampleCountMax:32.0]]
[2020.05.19-06.07.21:815][  0]LogConfig: Setting CVar [[r.SkyAtmosphere.SampleCountMin:4.0]]
[2020.05.19-06.07.21:815][  0]LogConfig: Setting CVar [[r.SkyAtmosphere.SampleCountMax:32.0]]
[2020.05.19-06.07.21:815][  0]LogConfig: Setting CVar [[r.SkyAtmosphere.TransmittanceLUT.UseSmallFormat:0]]
[2020.05.19-06.07.21:815][  0]LogConfig: Setting CVar [[r.SkyAtmosphere.TransmittanceLUT.SampleCount:10.0]]
[2020.05.19-06.07.21:815][  0]LogConfig: Setting CVar [[r.SkyAtmosphere.MultiScatteringLUT.SampleCount:15.0]]
[2020.05.19-06.07.21:815][  0]LogConfig: Applying CVar settings from Section [FoliageQuality@3] File [F:/Unreal Crap/Github/BSE-Killer-Round-19071/MoveSkatePhys/Saved/Config/Windows/Scalability.ini]
[2020.05.19-06.07.21:815][  0]LogConfig: Setting CVar [[foliage.DensityScale:1.0]]
[2020.05.19-06.07.21:815][  0]LogConfig: Setting CVar [[grass.DensityScale:1.0]]
[2020.05.19-06.07.21:815][  0]LogConfig: Applying CVar settings from Section [ShadingQuality@3] File [F:/Unreal Crap/Github/BSE-Killer-Round-19071/MoveSkatePhys/Saved/Config/Windows/Scalability.ini]
[2020.05.19-06.07.21:815][  0]LogConfig: Setting CVar [[r.HairStrands.SkyLighting.SampleCount:16]]
[2020.05.19-06.07.21:815][  0]LogConfig: Setting CVar [[r.HairStrands.SkyLighting.JitterIntegration:0]]
[2020.05.19-06.07.21:815][  0]LogConfig: Setting CVar [[r.HairStrands.SkyAO.SampleCount:16]]
[2020.05.19-06.07.21:815][  0]LogInit: Selected Device Profile: [Windows]
[2020.05.19-06.07.21:815][  0]LogInit: Applying CVar settings loaded from the selected device profile: [Windows]
[2020.05.19-06.07.21:819][  0]LogHAL: Display: Platform has ~ 16 GB [17111674880 / 17179869184 / 16], which maps to Larger [LargestMinGB=32, LargerMinGB=12, DefaultMinGB=8, SmallerMinGB=6, SmallestMinGB=0)
[2020.05.19-06.07.21:819][  0]LogInit: Going up to parent DeviceProfile []
[2020.05.19-06.07.21:819][  0]LogConfig: Applying CVar settings from Section [ViewDistanceQuality@3] File [F:/Unreal Crap/Github/BSE-Killer-Round-19071/MoveSkatePhys/Saved/Config/Windows/Scalability.ini]
[2020.05.19-06.07.21:819][  0]LogConfig: Setting CVar [[r.SkeletalMeshLODBias:0]]
[2020.05.19-06.07.21:819][  0]LogConfig: Setting CVar [[r.ViewDistanceScale:1.0]]
[2020.05.19-06.07.21:819][  0]LogConfig: Applying CVar settings from Section [AntiAliasingQuality@3] File [F:/Unreal Crap/Github/BSE-Killer-Round-19071/MoveSkatePhys/Saved/Config/Windows/Scalability.ini]
[2020.05.19-06.07.21:819][  0]LogConfig: Setting CVar [[r.PostProcessAAQuality:4]]
[2020.05.19-06.07.21:819][  0]LogConfig: Applying CVar settings from Section [ShadowQuality@3] File [F:/Unreal Crap/Github/BSE-Killer-Round-19071/MoveSkatePhys/Saved/Config/Windows/Scalability.ini]
[2020.05.19-06.07.21:819][  0]LogConfig: Setting CVar [[r.LightFunctionQuality:1]]
[2020.05.19-06.07.21:819][  0]LogConfig: Setting CVar [[r.ShadowQuality:5]]
[2020.05.19-06.07.21:819][  0]LogConfig: Setting CVar [[r.Shadow.CSM.MaxCascades:10]]
[2020.05.19-06.07.21:819][  0]LogConfig: Setting CVar [[r.Shadow.MaxResolution:2048]]
[2020.05.19-06.07.21:819][  0]LogConfig: Setting CVar [[r.Shadow.MaxCSMResolution:2048]]
[2020.05.19-06.07.21:819][  0]LogConfig: Setting CVar [[r.Shadow.RadiusThreshold:0.01]]
[2020.05.19-06.07.21:819][  0]LogConfig: Setting CVar [[r.Shadow.DistanceScale:1.0]]
[2020.05.19-06.07.21:819][  0]LogConfig: Setting CVar [[r.Shadow.CSM.TransitionScale:1.0]]
[2020.05.19-06.07.21:819][  0]LogConfig: Setting CVar [[r.Shadow.PreShadowResolutionFactor:1.0]]
[2020.05.19-06.07.21:820][  0]LogConfig: Setting CVar [[r.DistanceFieldShadowing:1]]
[2020.05.19-06.07.21:820][  0]LogConfig: Setting CVar [[r.DistanceFieldAO:1]]
[2020.05.19-06.07.21:820][  0]LogConfig: Setting CVar [[r.AOQuality:2]]
[2020.05.19-06.07.21:820][  0]LogConfig: Setting CVar [[r.VolumetricFog:1]]
[2020.05.19-06.07.21:820][  0]LogConfig: Setting CVar [[r.VolumetricFog.GridPixelSize:8]]
[2020.05.19-06.07.21:820][  0]LogConfig: Setting CVar [[r.VolumetricFog.GridSizeZ:128]]
[2020.05.19-06.07.21:820][  0]LogConfig: Setting CVar [[r.VolumetricFog.HistoryMissSupersampleCount:4]]
[2020.05.19-06.07.21:820][  0]LogConfig: Setting CVar [[r.LightMaxDrawDistanceScale:1]]
[2020.05.19-06.07.21:820][  0]LogConfig: Setting CVar [[r.CapsuleShadows:1]]
[2020.05.19-06.07.21:820][  0]LogConfig: Applying CVar settings from Section [PostProcessQuality@3] File [F:/Unreal Crap/Github/BSE-Killer-Round-19071/MoveSkatePhys/Saved/Config/Windows/Scalability.ini]
[2020.05.19-06.07.21:820][  0]LogConfig: Setting CVar [[r.MotionBlurQuality:4]]
[2020.05.19-06.07.21:820][  0]LogConfig: Setting CVar [[r.AmbientOcclusionMipLevelFactor:0.4]]
[2020.05.19-06.07.21:820][  0]LogConfig: Setting CVar [[r.AmbientOcclusionMaxQuality:100]]
[2020.05.19-06.07.21:820][  0]LogConfig: Setting CVar [[r.AmbientOcclusionLevels:-1]]
[2020.05.19-06.07.21:820][  0]LogConfig: Setting CVar [[r.AmbientOcclusionRadiusScale:1.0]]
[2020.05.19-06.07.21:820][  0]LogConfig: Setting CVar [[r.DepthOfFieldQuality:2]]
[2020.05.19-06.07.21:820][  0]LogConfig: Setting CVar [[r.RenderTargetPoolMin:400]]
[2020.05.19-06.07.21:820][  0]LogConfig: Setting CVar [[r.LensFlareQuality:2]]
[2020.05.19-06.07.21:820][  0]LogConfig: Setting CVar [[r.SceneColorFringeQuality:1]]
[2020.05.19-06.07.21:820][  0]LogConfig: Setting CVar [[r.EyeAdaptationQuality:2]]
[2020.05.19-06.07.21:820][  0]LogConfig: Setting CVar [[r.BloomQuality:5]]
[2020.05.19-06.07.21:820][  0]LogConfig: Setting CVar [[r.FastBlurThreshold:100]]
[2020.05.19-06.07.21:820][  0]LogConfig: Setting CVar [[r.Upscale.Quality:3]]
[2020.05.19-06.07.21:820][  0]LogConfig: Setting CVar [[r.Tonemapper.GrainQuantization:1]]
[2020.05.19-06.07.21:820][  0]LogConfig: Setting CVar [[r.LightShaftQuality:1]]
[2020.05.19-06.07.21:820][  0]LogConfig: Setting CVar [[r.Filter.SizeScale:1]]
[2020.05.19-06.07.21:820][  0]LogConfig: Setting CVar [[r.Tonemapper.Quality:5]]
[2020.05.19-06.07.21:820][  0]LogConfig: Setting CVar [[r.DOF.Gather.AccumulatorQuality:1        ; higher gathering accumulator quality]]
[2020.05.19-06.07.21:820][  0]LogConfig: Setting CVar [[r.DOF.Gather.PostfilterMethod:1          ; Median3x3 postfilering method]]
[2020.05.19-06.07.21:820][  0]LogConfig: Setting CVar [[r.DOF.Gather.EnableBokehSettings:0       ; no bokeh simulation when gathering]]
[2020.05.19-06.07.21:820][  0]LogConfig: Setting CVar [[r.DOF.Gather.RingCount:4                 ; medium number of samples when gathering]]
[2020.05.19-06.07.21:820][  0]LogConfig: Setting CVar [[r.DOF.Scatter.ForegroundCompositing:1    ; additive foreground scattering]]
[2020.05.19-06.07.21:820][  0]LogConfig: Setting CVar [[r.DOF.Scatter.BackgroundCompositing:2    ; additive background scattering]]
[2020.05.19-06.07.21:820][  0]LogConfig: Setting CVar [[r.DOF.Scatter.EnableBokehSettings:1      ; bokeh simulation when scattering]]
[2020.05.19-06.07.21:820][  0]LogConfig: Setting CVar [[r.DOF.Scatter.MaxSpriteRatio:0.1         ; only a maximum of 10% of scattered bokeh]]
[2020.05.19-06.07.21:820][  0]LogConfig: Setting CVar [[r.DOF.Recombine.Quality:1                ; cheap slight out of focus]]
[2020.05.19-06.07.21:820][  0]LogConfig: Setting CVar [[r.DOF.Recombine.EnableBokehSettings:0    ; no bokeh simulation on slight out of focus]]
[2020.05.19-06.07.21:820][  0]LogConfig: Setting CVar [[r.DOF.TemporalAAQuality:1                ; more stable temporal accumulation]]
[2020.05.19-06.07.21:820][  0]LogConfig: Setting CVar [[r.DOF.Kernel.MaxForegroundRadius:0.025]]
[2020.05.19-06.07.21:820][  0]LogConfig: Setting CVar [[r.DOF.Kernel.MaxBackgroundRadius:0.025]]
[2020.05.19-06.07.21:820][  0]LogConfig: Applying CVar settings from Section [TextureQuality@3] File [F:/Unreal Crap/Github/BSE-Killer-Round-19071/MoveSkatePhys/Saved/Config/Windows/Scalability.ini]
[2020.05.19-06.07.21:820][  0]LogConfig: Setting CVar [[r.Streaming.MipBias:0]]
[2020.05.19-06.07.21:820][  0]LogConfig: Setting CVar [[r.Streaming.AmortizeCPUToGPUCopy:0]]
[2020.05.19-06.07.21:820][  0]LogConfig: Setting CVar [[r.Streaming.MaxNumTexturesToStreamPerFrame:0]]
[2020.05.19-06.07.21:820][  0]LogConfig: Setting CVar [[r.Streaming.Boost:1]]
[2020.05.19-06.07.21:820][  0]LogConfig: Setting CVar [[r.MaxAnisotropy:8]]
[2020.05.19-06.07.21:820][  0]LogConfig: Setting CVar [[r.VT.MaxAnisotropy:8]]
[2020.05.19-06.07.21:820][  0]LogConfig: Setting CVar [[r.Streaming.LimitPoolSizeToVRAM:0]]
[2020.05.19-06.07.21:820][  0]LogConfig: Setting CVar [[r.Streaming.PoolSize:1000]]
[2020.05.19-06.07.21:820][  0]LogConfig: Setting CVar [[r.Streaming.MaxEffectiveScreenSize:0]]
[2020.05.19-06.07.21:820][  0]LogConfig: Applying CVar settings from Section [EffectsQuality@3] File [F:/Unreal Crap/Github/BSE-Killer-Round-19071/MoveSkatePhys/Saved/Config/Windows/Scalability.ini]
[2020.05.19-06.07.21:820][  0]LogConfig: Setting CVar [[r.TranslucencyLightingVolumeDim:64]]
[2020.05.19-06.07.21:820][  0]LogConfig: Setting CVar [[r.RefractionQuality:2]]
[2020.05.19-06.07.21:820][  0]LogConfig: Setting CVar [[r.SSR.Quality:3]]
[2020.05.19-06.07.21:820][  0]LogConfig: Setting CVar [[r.SSR.HalfResSceneColor:0]]
[2020.05.19-06.07.21:820][  0]LogConfig: Setting CVar [[r.SceneColorFormat:4]]
[2020.05.19-06.07.21:820][  0]LogConfig: Setting CVar [[r.DetailMode:2]]
[2020.05.19-06.07.21:821][  0]LogConfig: Setting CVar [[r.TranslucencyVolumeBlur:1]]
[2020.05.19-06.07.21:821][  0]LogConfig: Setting CVar [[r.MaterialQualityLevel:1 ; High quality]]
[2020.05.19-06.07.21:821][  0]LogConfig: Setting CVar [[r.SSS.Scale:1]]
[2020.05.19-06.07.21:821][  0]LogConfig: Setting CVar [[r.SSS.SampleSet:2]]
[2020.05.19-06.07.21:821][  0]LogConfig: Setting CVar [[r.SSS.Quality:1]]
[2020.05.19-06.07.21:821][  0]LogConfig: Setting CVar [[r.SSS.HalfRes:1]]
[2020.05.19-06.07.21:821][  0]LogConfig: Setting CVar [[r.SSGI.Quality:3]]
[2020.05.19-06.07.21:821][  0]LogConfig: Setting CVar [[r.EmitterSpawnRateScale:1.0]]
[2020.05.19-06.07.21:821][  0]LogConfig: Setting CVar [[r.ParticleLightQuality:2]]
[2020.05.19-06.07.21:821][  0]LogConfig: Setting CVar [[r.SkyAtmosphere.AerialPerspectiveLUT.FastApplyOnOpaque:1 ; Always have FastSkyLUT 1 in this case to avoid wrong sky]]
[2020.05.19-06.07.21:821][  0]LogConfig: Setting CVar [[r.SkyAtmosphere.AerialPerspectiveLUT.SampleCountPerSlice:1]]
[2020.05.19-06.07.21:821][  0]LogConfig: Setting CVar [[r.SkyAtmosphere.AerialPerspectiveLUT.DepthResolution:16.0]]
[2020.05.19-06.07.21:821][  0]LogConfig: Setting CVar [[r.SkyAtmosphere.FastSkyLUT:1]]
[2020.05.19-06.07.21:821][  0]LogConfig: Setting CVar [[r.SkyAtmosphere.FastSkyLUT.SampleCountMin:4.0]]
[2020.05.19-06.07.21:821][  0]LogConfig: Setting CVar [[r.SkyAtmosphere.FastSkyLUT.SampleCountMax:32.0]]
[2020.05.19-06.07.21:821][  0]LogConfig: Setting CVar [[r.SkyAtmosphere.SampleCountMin:4.0]]
[2020.05.19-06.07.21:821][  0]LogConfig: Setting CVar [[r.SkyAtmosphere.SampleCountMax:32.0]]
[2020.05.19-06.07.21:821][  0]LogConfig: Setting CVar [[r.SkyAtmosphere.TransmittanceLUT.UseSmallFormat:0]]
[2020.05.19-06.07.21:821][  0]LogConfig: Setting CVar [[r.SkyAtmosphere.TransmittanceLUT.SampleCount:10.0]]
[2020.05.19-06.07.21:821][  0]LogConfig: Setting CVar [[r.SkyAtmosphere.MultiScatteringLUT.SampleCount:15.0]]
[2020.05.19-06.07.21:821][  0]LogConfig: Applying CVar settings from Section [FoliageQuality@3] File [F:/Unreal Crap/Github/BSE-Killer-Round-19071/MoveSkatePhys/Saved/Config/Windows/Scalability.ini]
[2020.05.19-06.07.21:821][  0]LogConfig: Setting CVar [[foliage.DensityScale:1.0]]
[2020.05.19-06.07.21:821][  0]LogConfig: Setting CVar [[grass.DensityScale:1.0]]
[2020.05.19-06.07.21:821][  0]LogConfig: Applying CVar settings from Section [ShadingQuality@3] File [F:/Unreal Crap/Github/BSE-Killer-Round-19071/MoveSkatePhys/Saved/Config/Windows/Scalability.ini]
[2020.05.19-06.07.21:821][  0]LogConfig: Setting CVar [[r.HairStrands.SkyLighting.SampleCount:16]]
[2020.05.19-06.07.21:821][  0]LogConfig: Setting CVar [[r.HairStrands.SkyLighting.JitterIntegration:0]]
[2020.05.19-06.07.21:821][  0]LogConfig: Setting CVar [[r.HairStrands.SkyAO.SampleCount:16]]
[2020.05.19-06.07.21:821][  0]LogConfig: Applying CVar settings from Section [Startup] File [../../../Engine/Config/ConsoleVariables.ini]
[2020.05.19-06.07.21:821][  0]LogConfig: Setting CVar [[net.UseAdaptiveNetUpdateFrequency:0]]
[2020.05.19-06.07.21:821][  0]LogConfig: Setting CVar [[p.chaos.AllowCreatePhysxBodies:1]]
[2020.05.19-06.07.21:822][  0]LogConfig: Applying CVar settings from Section [ConsoleVariables] File [F:/Unreal Crap/Github/BSE-Killer-Round-19071/MoveSkatePhys/Saved/Config/Windows/Engine.ini]
[2020.05.19-06.07.21:822][  0]LogInit: Computer: DESKTOP-9SEVMK7
[2020.05.19-06.07.21:822][  0]LogInit: User: Playtech
[2020.05.19-06.07.21:822][  0]LogInit: CPU Page size=4096, Cores=6
[2020.05.19-06.07.21:822][  0]LogInit: High frequency timer resolution =10.000000 MHz
[2020.05.19-06.07.21:822][  0]LogMemory: Memory total: Physical=15.9GB (16GB approx)
[2020.05.19-06.07.21:822][  0]LogMemory: Platform Memory Stats for Windows
[2020.05.19-06.07.21:822][  0]LogMemory: Process Physical Memory: 114.60 MB used, 114.60 MB peak
[2020.05.19-06.07.21:822][  0]LogMemory: Process Virtual Memory: 108.68 MB used, 108.68 MB peak
[2020.05.19-06.07.21:822][  0]LogMemory: Physical Memory: 8101.83 MB used,  8217.14 MB free, 16318.96 MB total
[2020.05.19-06.07.21:822][  0]LogMemory: Virtual Memory: 5235.77 MB used,  134212496.00 MB free, 134217728.00 MB total
[2020.05.19-06.07.21:829][  0]LogWindows: WindowsPlatformFeatures enabled
[2020.05.19-06.07.21:870][  0]LogInit: Using OS detected language (en-GB).
[2020.05.19-06.07.21:870][  0]LogInit: Using OS detected locale (en-NZ).
[2020.05.19-06.07.21:871][  0]LogTextLocalizationManager: No specific localization for 'en-GB' exists, so the 'en' localization will be used.
[2020.05.19-06.07.22:103][  0]LogInit: Setting process to per monitor DPI aware
[2020.05.19-06.07.22:144][  0]LogSlate: New Slate User Created.  User Index 0, Is Virtual User: 0
[2020.05.19-06.07.22:144][  0]LogSlate: Slate User Registered.  User Index 0, Is Virtual User: 0
[2020.05.19-06.07.22:574][  0]LogHMD: Failed to initialize OpenVR with code 117
[2020.05.19-06.07.22:574][  0]LogD3D11RHI: D3D11 min allowed feature level: 11_0
[2020.05.19-06.07.22:574][  0]LogD3D11RHI: D3D11 max allowed feature level: 11_0
[2020.05.19-06.07.22:574][  0]LogD3D11RHI: D3D11 adapters:
[2020.05.19-06.07.22:671][  0]LogD3D11RHI:    0. 'NVIDIA GeForce GTX 1060 6GB' (Feature Level 11_0)
[2020.05.19-06.07.22:671][  0]LogD3D11RHI:       6052/0/8159 MB DedicatedVideo/DedicatedSystem/SharedSystem, Outputs:2, VendorId:0x10de
[2020.05.19-06.07.22:676][  0]LogD3D11RHI:    1. 'Microsoft Basic Render Driver' (Feature Level 11_0)
[2020.05.19-06.07.22:676][  0]LogD3D11RHI:       0/0/8159 MB DedicatedVideo/DedicatedSystem/SharedSystem, Outputs:0, VendorId:0x1414
[2020.05.19-06.07.22:676][  0]LogD3D11RHI: Chosen D3D11 Adapter: 0
[2020.05.19-06.07.22:689][  0]LogD3D11RHI: Creating new Direct3DDevice
[2020.05.19-06.07.22:689][  0]LogD3D11RHI:     GPU DeviceId: 0x1c03 (for the marketing name, search the web for "GPU Device Id")
[2020.05.19-06.07.22:689][  0]LogWindows: EnumDisplayDevices:
[2020.05.19-06.07.22:689][  0]LogWindows:    0. 'NVIDIA GeForce GTX 1060 6GB' (P:0 D:1)
[2020.05.19-06.07.22:690][  0]LogWindows:    1. 'NVIDIA GeForce GTX 1060 6GB' (P:1 D:1)
[2020.05.19-06.07.22:690][  0]LogWindows:    2. 'NVIDIA GeForce GTX 1060 6GB' (P:0 D:0)
[2020.05.19-06.07.22:690][  0]LogWindows:    3. 'NVIDIA GeForce GTX 1060 6GB' (P:0 D:0)
[2020.05.19-06.07.22:690][  0]LogWindows: DebugString: FoundDriverCount:4 
[2020.05.19-06.07.22:690][  0]LogD3D11RHI:     Adapter Name: NVIDIA GeForce GTX 1060 6GB
[2020.05.19-06.07.22:690][  0]LogD3D11RHI:   Driver Version: 432.00 (internal:26.21.14.3200, unified:432.00)
[2020.05.19-06.07.22:690][  0]LogD3D11RHI:      Driver Date: 7-24-2019
[2020.05.19-06.07.22:690][  0]LogRHI: Texture pool is 4236 MB (70% of 6052 MB)
[2020.05.19-06.07.22:759][  0]LogD3D11RHI: RHI has support for 64 bit atomics
[2020.05.19-06.07.22:759][  0]LogD3D11RHI: Async texture creation enabled
[2020.05.19-06.07.22:838][  0]LogD3D11RHI: GPU Timing Frequency: 1000.000000 (Debug: 2 1)
[2020.05.19-06.07.23:296][  0]LogTargetPlatformManager: Display: Loaded TargetPlatform 'AllDesktop'
[2020.05.19-06.07.23:336][  0]LogTargetPlatformManager: Display: Loaded TargetPlatform 'Android'
[2020.05.19-06.07.23:336][  0]LogTargetPlatformManager: Display: Loaded TargetPlatform 'Android_ASTC'
[2020.05.19-06.07.23:336][  0]LogTargetPlatformManager: Display: Loaded TargetPlatform 'Android_ATC'
[2020.05.19-06.07.23:336][  0]LogTargetPlatformManager: Display: Loaded TargetPlatform 'Android_DXT'
[2020.05.19-06.07.23:336][  0]LogTargetPlatformManager: Display: Loaded TargetPlatform 'Android_ETC1'
[2020.05.19-06.07.23:336][  0]LogTargetPlatformManager: Display: Loaded TargetPlatform 'Android_ETC1a'
[2020.05.19-06.07.23:336][  0]LogTargetPlatformManager: Display: Loaded TargetPlatform 'Android_ETC2'
[2020.05.19-06.07.23:336][  0]LogTargetPlatformManager: Display: Loaded TargetPlatform 'Android_PVRTC'
[2020.05.19-06.07.23:336][  0]LogTargetPlatformManager: Display: Loaded TargetPlatform 'AndroidClient'
[2020.05.19-06.07.23:336][  0]LogTargetPlatformManager: Display: Loaded TargetPlatform 'Android_ASTCClient'
[2020.05.19-06.07.23:336][  0]LogTargetPlatformManager: Display: Loaded TargetPlatform 'Android_ATCClient'
[2020.05.19-06.07.23:336][  0]LogTargetPlatformManager: Display: Loaded TargetPlatform 'Android_DXTClient'
[2020.05.19-06.07.23:336][  0]LogTargetPlatformManager: Display: Loaded TargetPlatform 'Android_ETC1Client'
[2020.05.19-06.07.23:336][  0]LogTargetPlatformManager: Display: Loaded TargetPlatform 'Android_ETC1aClient'
[2020.05.19-06.07.23:336][  0]LogTargetPlatformManager: Display: Loaded TargetPlatform 'Android_ETC2Client'
[2020.05.19-06.07.23:336][  0]LogTargetPlatformManager: Display: Loaded TargetPlatform 'Android_PVRTCClient'
[2020.05.19-06.07.23:336][  0]LogTargetPlatformManager: Display: Loaded TargetPlatform 'Android_Multi'
[2020.05.19-06.07.23:336][  0]LogTargetPlatformManager: Display: Loaded TargetPlatform 'Android_MultiClient'
[2020.05.19-06.07.23:364][  0]LogTargetPlatformManager: Display: Loaded TargetPlatform 'IOSClient'
[2020.05.19-06.07.23:364][  0]LogTargetPlatformManager: Display: Loaded TargetPlatform 'IOS'
[2020.05.19-06.07.23:374][  0]LogTargetPlatformManager: Display: Loaded TargetPlatform 'LinuxNoEditor'
[2020.05.19-06.07.23:383][  0]LogTargetPlatformManager: Display: Loaded TargetPlatform 'LinuxClient'
[2020.05.19-06.07.23:393][  0]LogTargetPlatformManager: Display: Loaded TargetPlatform 'LinuxServer'
[2020.05.19-06.07.23:402][  0]LogTargetPlatformManager: Display: Loaded TargetPlatform 'LinuxAArch64NoEditor'
[2020.05.19-06.07.23:412][  0]LogTargetPlatformManager: Display: Loaded TargetPlatform 'LinuxAArch64Client'
[2020.05.19-06.07.23:422][  0]LogTargetPlatformManager: Display: Loaded TargetPlatform 'LinuxAArch64Server'
[2020.05.19-06.07.23:457][  0]LogTargetPlatformManager: Display: Loaded TargetPlatform 'Lumin'
[2020.05.19-06.07.23:457][  0]LogTargetPlatformManager: Display: Loaded TargetPlatform 'LuminClient'
[2020.05.19-06.07.23:479][  0]LogTargetPlatformManager: Display: Loaded TargetPlatform 'TVOSClient'
[2020.05.19-06.07.23:479][  0]LogTargetPlatformManager: Display: Loaded TargetPlatform 'TVOS'
[2020.05.19-06.07.23:490][  0]LogTargetPlatformManager: Display: Loaded TargetPlatform 'WindowsNoEditor'
[2020.05.19-06.07.23:502][  0]LogTargetPlatformManager: Display: Loaded TargetPlatform 'Windows'
[2020.05.19-06.07.23:512][  0]LogTargetPlatformManager: Display: Loaded TargetPlatform 'WindowsClient'
[2020.05.19-06.07.23:523][  0]LogTargetPlatformManager: Display: Loaded TargetPlatform 'WindowsServer'
[2020.05.19-06.07.23:523][  0]LogTargetPlatformManager: Display: Building Assets For Windows
[2020.05.19-06.07.23:529][  0]LogAudioDebug: Display: Lib vorbis DLL was dynamically loaded.
[2020.05.19-06.07.23:589][  0]LogShaderCompilers: Guid format shader working directory is -9 characters bigger than the processId version (F:/Unreal Crap/Github/BSE-Killer-Round-19071/MoveSkatePhys/Intermediate/Shaders/WorkingDirectory/8532/).
[2020.05.19-06.07.23:589][  0]LogShaderCompilers: Cleaned the shader compiler working directory 'C:/Users/Playtech/AppData/Local/Temp/UnrealShaderWorkingDir/225B309741805C350A9B1895AF694CB5/'.
[2020.05.19-06.07.23:590][  0]LogXGEController: Cannot use XGE Controller as Incredibuild is not installed on this machine.
[2020.05.19-06.07.23:590][  0]LogShaderCompilers: Cannot use XGE Shader Compiler as Incredibuild is not installed on this machine.
[2020.05.19-06.07.23:590][  0]LogShaderCompilers: Display: Using Local Shader Compiler.
[2020.05.19-06.07.24:540][  0]LogDerivedDataCache: Display: Max Cache Size: 512 MB
[2020.05.19-06.07.24:598][  0]LogDerivedDataCache: Loaded boot cache 0.06s 81MB C:/Users/Playtech/AppData/Local/UnrealEngine/4.24/DerivedDataCache/Boot.ddc.
[2020.05.19-06.07.24:599][  0]LogDerivedDataCache: Display: Loaded Boot cache: C:/Users/Playtech/AppData/Local/UnrealEngine/4.24/DerivedDataCache/Boot.ddc
[2020.05.19-06.07.24:599][  0]LogDerivedDataCache: FDerivedDataBackendGraph:  Pak pak cache file F:/Unreal Crap/Github/BSE-Killer-Round-19071/MoveSkatePhys/DerivedDataCache/DDC.ddp not found, will not use a pak cache.
[2020.05.19-06.07.24:599][  0]LogDerivedDataCache: Unable to find inner node Pak for hierarchical cache Hierarchy.
[2020.05.19-06.07.24:599][  0]LogDerivedDataCache: FDerivedDataBackendGraph:  CompressedPak pak cache file F:/Unreal Crap/Github/BSE-Killer-Round-19071/MoveSkatePhys/DerivedDataCache/Compressed.ddp not found, will not use a pak cache.
[2020.05.19-06.07.24:599][  0]LogDerivedDataCache: Unable to find inner node CompressedPak for hierarchical cache Hierarchy.
[2020.05.19-06.07.24:611][  0]LogDerivedDataCache: Display: Pak cache opened for reading ../../../Engine/DerivedDataCache/Compressed.ddp.
[2020.05.19-06.07.24:612][  0]LogDerivedDataCache: FDerivedDataBackendGraph:  EnterprisePak pak cache file ../../../Enterprise/DerivedDataCache/Compressed.ddp not found, will not use a pak cache.
[2020.05.19-06.07.24:612][  0]LogDerivedDataCache: Unable to find inner node EnterprisePak for hierarchical cache Hierarchy.
[2020.05.19-06.07.24:615][  0]LogDerivedDataCache: Using Local data cache path C:/Users/Playtech/AppData/Local/UnrealEngine/Common/DerivedDataCache: Writable
[2020.05.19-06.07.24:615][  0]LogDerivedDataCache: Shared data cache path not found in *engine.ini, will not use an Shared cache.
[2020.05.19-06.07.24:615][  0]LogDerivedDataCache: Unable to find inner node Shared for hierarchical cache Hierarchy.
[2020.05.19-06.07.24:645][  0]LogMaterial: Verifying Global Shaders for PCD3D_SM5
[2020.05.19-06.07.24:648][  0]LogSlate: Using FreeType 2.10.0
[2020.05.19-06.07.24:649][  0]LogSlate: SlateFontServices - WITH_FREETYPE: 1, WITH_HARFBUZZ: 1
[2020.05.19-06.07.24:755][  0]LogAssetRegistry: FAssetRegistry took 0.0033 seconds to start up
[2020.05.19-06.07.25:150][  0]LogInit: Selected Device Profile: [Windows]
[2020.05.19-06.07.25:340][  0]LogMeshReduction: Using QuadricMeshReduction for automatic static mesh reduction
[2020.05.19-06.07.25:340][  0]LogMeshReduction: Using SimplygonMeshReduction for automatic skeletal mesh reduction
[2020.05.19-06.07.25:340][  0]LogMeshReduction: Using ProxyLODMeshReduction for automatic mesh merging
[2020.05.19-06.07.25:340][  0]LogMeshReduction: No distributed automatic mesh merging module available
[2020.05.19-06.07.25:340][  0]LogMeshMerging: No distributed automatic mesh merging module available
[2020.05.19-06.07.25:358][  0]LogNetVersion: MoveSkatePhys 1.0.0, NetCL: 10570792, EngineNetVer: 13, GameNetVer: 0 (Checksum: 1295155464)
[2020.05.19-06.07.27:309][  0]LogPackageLocalizationCache: Processed 11 localized package path(s) for 1 prioritized culture(s) in 0.078002 seconds
[2020.05.19-06.07.27:319][  0]LogUObjectArray: 46750 objects as part of root set at end of initial load.
[2020.05.19-06.07.27:320][  0]LogUObjectAllocator: 8137160 out of 0 bytes used by permanent object pool.
[2020.05.19-06.07.27:320][  0]LogUObjectArray: CloseDisregardForGC: 0/0 objects in disregard for GC pool
[2020.05.19-06.07.28:047][  0]LogTcpMessaging: Initializing TcpMessaging bridge
[2020.05.19-06.07.28:052][  0]LogUdpMessaging: Initializing bridge on interface 25.22.61.211:0 to multicast group 234.0.0.1:6666.
[2020.05.19-06.07.28:052][  0]FUdpSocketBuilder: Failed to bind UdpMessageUnicastSocket to 25.22.61.211:0
[2020.05.19-06.07.28:052][  0]FUdpSocketBuilder: Failed to configure multicast for UdpMessageUnicastSocket (loopback: 1, ttl: 1)
[2020.05.19-06.07.28:052][  0]FUdpSocketBuilder: Failed to create and initialize socket UdpMessageUnicastSocket (last error: 0)
[2020.05.19-06.07.28:052][  0]LogUdpMessaging: Error: StartTransport failed to create unicast socket on 25.22.61.211:0
[2020.05.19-06.07.28:385][  0]SourceControl: Source control is disabled
[2020.05.19-06.07.28:386][  0]LogWindows: Warning: CreateProc failed: The system cannot find the file specified. (0x00000002)
[2020.05.19-06.07.28:386][  0]LogWindows: Warning: URL: D:/Users/boedi.par8520/AppData/Local/GitHubDesktop/app-2.3.1/resources/app/git/cmd/git.exe version
[2020.05.19-06.07.28:387][  0]LogWindows: Warning: CreateProc failed: The system cannot find the file specified. (0x00000002)
[2020.05.19-06.07.28:387][  0]LogWindows: Warning: URL: D:/Users/boedi.par8520/AppData/Local/GitHubDesktop/app-2.3.1/resources/app/git/cmd/git.exe version
[2020.05.19-06.07.28:389][  0]LogWindows: Warning: CreateProc failed: The system cannot find the file specified. (0x00000002)
[2020.05.19-06.07.28:389][  0]LogWindows: Warning: URL: D:/Users/boedi.par8520/AppData/Local/GitHubDesktop/app-2.3.1/resources/app/git/cmd/git.exe version
[2020.05.19-06.07.28:390][  0]LogWindows: Warning: CreateProc failed: The system cannot find the file specified. (0x00000002)
[2020.05.19-06.07.28:390][  0]LogWindows: Warning: URL: D:/Users/boedi.par8520/AppData/Local/GitHubDesktop/app-2.3.1/resources/app/git/cmd/git.exe version
[2020.05.19-06.07.28:547][  0]LogAndroidPermission: UAndroidPermissionCallbackProxy::GetInstance
[2020.05.19-06.07.28:563][  0]LogAudioCaptureCore: Display: No Audio Capture implementations found. Audio input will be silent.
[2020.05.19-06.07.28:563][  0]LogAudioCaptureCore: Display: No Audio Capture implementations found. Audio input will be silent.
[2020.05.19-06.07.28:674][  0]LogOcInput: OculusInput pre-init called
[2020.05.19-06.07.29:907][  0]LogEngine: Initializing Engine...
[2020.05.19-06.07.29:991][  0]LogHMD: Failed to initialize OpenVR with code 117
[2020.05.19-06.07.29:992][  0]LogStats: UGameplayTagsManager::InitializeManager -  0.000 s
[2020.05.19-06.07.30:403][  0]LogInit: Initializing FReadOnlyCVARCache
[2020.05.19-06.07.30:412][  0]LogAIModule: Creating AISystem for world Untitled
[2020.05.19-06.07.30:508][  0]LogAudioMixer: Display: Audio Mixer Platform Settings:
[2020.05.19-06.07.30:508][  0]LogAudioMixer: Display: 	Sample Rate:						  48000
[2020.05.19-06.07.30:508][  0]LogAudioMixer: Display: 	Callback Buffer Frame Size Requested: 1024
[2020.05.19-06.07.30:508][  0]LogAudioMixer: Display: 	Callback Buffer Frame Size To Use:	  1024
[2020.05.19-06.07.30:508][  0]LogAudioMixer: Display: 	Number of buffers to queue:			  2
[2020.05.19-06.07.30:508][  0]LogAudioMixer: Display: 	Max Channels (voices):				  32
[2020.05.19-06.07.30:508][  0]LogAudioMixer: Display: 	Number of Async Source Workers:		  0
[2020.05.19-06.07.30:508][  0]LogAudio: Display: AudioDevice MaxSources: 32
[2020.05.19-06.07.30:508][  0]LogAudio: Display: Using built-in audio occlusion.
[2020.05.19-06.07.30:508][  0]LogAudioMixer: Display: Initializing audio mixer.
[2020.05.19-06.07.30:535][  0]LogAudioMixer: Display: Audio Device Output Speaker Info:
[2020.05.19-06.07.30:535][  0]LogAudioMixer: Display: Name: Speakers (Logitech G933 Gaming Headset)
[2020.05.19-06.07.30:535][  0]LogAudioMixer: Display: Is Default: Yes
[2020.05.19-06.07.30:535][  0]LogAudioMixer: Display: Sample Rate: 48000
[2020.05.19-06.07.30:535][  0]LogAudioMixer: Display: Channel Count Used: 8
[2020.05.19-06.07.30:535][  0]LogAudioMixer: Display: Device Channel Count: 8
[2020.05.19-06.07.30:535][  0]LogAudioMixer: Display: Channel Order:
[2020.05.19-06.07.30:535][  0]LogAudioMixer: Display: 0: FrontLeft
[2020.05.19-06.07.30:535][  0]LogAudioMixer: Display: 1: FrontRight
[2020.05.19-06.07.30:535][  0]LogAudioMixer: Display: 2: FrontCenter
[2020.05.19-06.07.30:535][  0]LogAudioMixer: Display: 3: LowFrequency
[2020.05.19-06.07.30:535][  0]LogAudioMixer: Display: 4: BackLeft
[2020.05.19-06.07.30:535][  0]LogAudioMixer: Display: 5: BackRight
[2020.05.19-06.07.30:535][  0]LogAudioMixer: Display: 6: SideLeft
[2020.05.19-06.07.30:535][  0]LogAudioMixer: Display: 7: SideRight
[2020.05.19-06.07.30:568][  0]LogAudioMixer: Display: Using Audio Device Speakers (Logitech G933 Gaming Headset)
[2020.05.19-06.07.30:578][  0]LogInit: FAudioDevice initialized.
[2020.05.19-06.07.30:579][  0]LogNetVersion: Set ProjectVersion to 1.0.0.0. Version Checksum will be recalculated on next use.
[2020.05.19-06.07.30:776][  0]LogDerivedDataCache: Saved boot cache 0.20s 81MB C:/Users/Playtech/AppData/Local/UnrealEngine/4.24/DerivedDataCache/Boot.ddc.
[2020.05.19-06.07.30:777][  0]LogInit: Texture streaming: Enabled
[2020.05.19-06.07.30:795][  0]LogEngineSessionManager: EngineSessionManager initialized
[2020.05.19-06.07.30:795][  0]LogEditorSessionSummary: Verbose: Initializing EditorSessionSummaryWriter for editor session tracking
[2020.05.19-06.07.30:804][  0]LogEditorSessionSummary: EditorSessionSummaryWriter initialized
[2020.05.19-06.07.30:873][  0]LogInit: Transaction tracking system initialized
[2020.05.19-06.07.30:890][  0]BlueprintLog: New page: Editor Load
[2020.05.19-06.07.30:934][  0]LocalizationService: Localization service is disabled
[2020.05.19-06.07.31:306][  0]LogCook: Display: Max memory allowance for cook 16384mb min free memory 0mb
[2020.05.19-06.07.31:306][  0]LogCook: Display: Mobile HDR setting 1
[2020.05.19-06.07.31:432][  0]LogFileCache: Scanning file cache for directory 'F:/Unreal Crap/Github/BSE-Killer-Round-19071/MoveSkatePhys/Content/' took 0.01s
[2020.05.19-06.07.32:619][  0]LogWindows: Warning: CreateProc failed: The system cannot find the file specified. (0x00000002)
[2020.05.19-06.07.32:619][  0]LogWindows: Warning: URL: D:/Users/boedi.par8520/AppData/Local/GitHubDesktop/app-2.3.1/resources/app/git/cmd/git.exe version
[2020.05.19-06.07.32:619][  0]Cmd: MAP LOAD FILE="F:/Unreal Crap/Github/BSE-Killer-Round-19071/MoveSkatePhys/Content/Levels/Simple_Test.umap" TEMPLATE=0 SHOWPROGRESS=1 FEATURELEVEL=3
[2020.05.19-06.07.32:620][  0]LightingResults: New page: Lighting Build
[2020.05.19-06.07.32:621][  0]LogWorld: UWorld::CleanupWorld for Untitled, bSessionEnded=true, bCleanupResources=true
[2020.05.19-06.07.32:621][  0]LogSlate: InvalidateAllWidgets triggered.  All widgets were invalidated
[2020.05.19-06.07.32:621][  0]MapCheck: New page: Map Check
[2020.05.19-06.07.32:621][  0]LightingResults: New page: Lighting Build
[2020.05.19-06.07.32:663][  0]LogUObjectHash: Compacting FUObjectHashTables data took   2.01ms
[2020.05.19-06.07.42:147][  0]LogAIModule: Creating AISystem for world Simple_Test
[2020.05.19-06.07.42:228][  0]LogEditorServer: Finished looking for orphan Actors (0.000 secs)
[2020.05.19-06.07.42:534][  0]LogUObjectHash: Compacting FUObjectHashTables data took   4.82ms
[2020.05.19-06.07.42:535][  0]Cmd: MAP CHECKDEP NOCLEARLOG
[2020.05.19-06.07.42:535][  0]MapCheck: Map check complete: 0 Error(s), 0 Warning(s), took 0.181ms to complete.
[2020.05.19-06.07.42:535][  0]LogFileHelpers: Loading map 'Simple_Test' took 9.916
[2020.05.19-06.07.42:935][  0]LogSlate: Updating window title bar state: overlay mode, drag disabled, window buttons hidden, title bar hidden
[2020.05.19-06.07.42:946][  0]LogSlate: Updating window title bar state: overlay mode, drag disabled, window buttons hidden, title bar hidden
[2020.05.19-06.07.42:958][  0]LogSlate: Updating window title bar state: overlay mode, drag disabled, window buttons hidden, title bar hidden
[2020.05.19-06.07.42:970][  0]LogSlate: Updating window title bar state: overlay mode, drag disabled, window buttons hidden, title bar hidden
[2020.05.19-06.07.43:017][  0]LogCollectionManager: Loaded 0 collections in 0.002854 seconds
[2020.05.19-06.07.43:037][  0]LogFileCache: Scanning file cache for directory 'F:/Unreal Crap/Github/BSE-Killer-Round-19071/MoveSkatePhys/Saved/Collections/' took 0.00s
[2020.05.19-06.07.43:037][  0]LogFileCache: Scanning file cache for directory 'F:/Unreal Crap/Github/BSE-Killer-Round-19071/MoveSkatePhys/Content/Developers/Playtech/Collections/' took 0.00s
[2020.05.19-06.07.43:037][  0]LogFileCache: Scanning file cache for directory 'F:/Unreal Crap/Github/BSE-Killer-Round-19071/MoveSkatePhys/Content/Collections/' took 0.00s
[2020.05.19-06.07.43:037][  0]LogContentBrowser: Native class hierarchy populated in 0.0130 seconds. Added 3025 classes and 735 folders.
[2020.05.19-06.07.43:046][  0]LogContentBrowser: Native class hierarchy updated for 'WidgetCarousel' in 0.0004 seconds. Added 0 classes and 0 folders.
[2020.05.19-06.07.44:869][  0]LogContentBrowser: Native class hierarchy updated for 'AddContentDialog' in 0.0003 seconds. Added 0 classes and 0 folders.
[2020.05.19-06.07.44:918][  0]LogContentBrowser: Native class hierarchy updated for 'SceneOutliner' in 0.0004 seconds. Added 2 classes and 3 folders.
[2020.05.19-06.07.45:301][  0]LogSlate: Took 0.000755 seconds to synchronously load lazily loaded font '../../../Engine/Content/Slate/Fonts/Roboto-Regular.ttf' (155K)
[2020.05.19-06.07.45:303][  0]LogSlate: Took 0.000532 seconds to synchronously load lazily loaded font '../../../Engine/Content/Slate/Fonts/Roboto-Bold.ttf' (160K)
[2020.05.19-06.07.45:343][  0]LogSlate: Took 0.034679 seconds to synchronously load lazily loaded font '../../../Engine/Content/Editor/Slate/Fonts/FontAwesome.ttf' (139K)
[2020.05.19-06.07.45:537][  0]LogRenderer: Reallocating scene render targets to support 1204x576 Format 10 NumSamples 1 (Frame:1).
[2020.05.19-06.07.45:658][  0]LogSlate: Took 0.022704 seconds to synchronously load lazily loaded font '../../../Engine/Content/Slate/Fonts/Roboto-Light.ttf' (167K)
[2020.05.19-06.07.45:807][  0]LogContentBrowser: Native class hierarchy updated for 'HierarchicalLODOutliner' in 0.0003 seconds. Added 0 classes and 0 folders.
[2020.05.19-06.07.45:807][  0]LogLoad: (Engine Initialization) Total time: 26.15 seconds
[2020.05.19-06.07.45:807][  0]LogLoad: (Engine Initialization) Total Blueprint compile time: 0.00 seconds
[2020.05.19-06.07.45:876][  0]LogContentStreaming: Texture pool size now 1000 MB
[2020.05.19-06.07.46:810][ 10]LogAssetRegistry: Asset discovery search completed in 22.0558 seconds
[2020.05.19-06.07.46:814][ 10]LogCollectionManager: Fixed up redirectors for 0 collections in 0.000011 seconds (updated 0 objects)
[2020.05.19-06.07.51:142][ 23]LogFileCache: Retrieving MD5 hashes for directory 'F:/Unreal Crap/Github/BSE-Killer-Round-19071/MoveSkatePhys/Content/' took 5.32s
[2020.05.19-06.09.07:743][369]LogTemp: Repeating last play command: Selected Viewport
[2020.05.19-06.09.07:758][369]LogPlayLevel: PlayLevel: No blueprints needed recompiling
[2020.05.19-06.09.07:782][369]PIE: New page: PIE session: Simple_Test (20/05/2020, 6:09:07 am)
[2020.05.19-06.09.07:783][369]LogOnline: OSS: Creating online subsystem instance for: NULL
[2020.05.19-06.09.07:784][369]LogOnline: OSS: TryLoadSubsystemAndSetDefault: Loaded subsystem for module [NULL]
[2020.05.19-06.09.07:785][369]LogPlayLevel: Creating play world package: /Game/Levels/UEDPIE_0_Simple_Test
[2020.05.19-06.09.07:797][369]LogPlayLevel: PIE: StaticDuplicateObject took: (0.012149s)
[2020.05.19-06.09.07:798][369]LogAIModule: Creating AISystem for world Simple_Test
[2020.05.19-06.09.07:798][369]LogPlayLevel: PIE: World Init took: (0.001410s)
[2020.05.19-06.09.07:798][369]LogPlayLevel: PIE: Created PIE world by copying editor world from /Game/Levels/Simple_Test.Simple_Test to /Game/Levels/UEDPIE_0_Simple_Test.Simple_Test (0.013876s)
[2020.05.19-06.09.07:840][369]LogUObjectHash: Compacting FUObjectHashTables data took   1.97ms
[2020.05.19-06.09.07:845][369]LogAudioMixer: Display: Audio Mixer Platform Settings:
[2020.05.19-06.09.07:845][369]LogAudioMixer: Display: 	Sample Rate:						  48000
[2020.05.19-06.09.07:845][369]LogAudioMixer: Display: 	Callback Buffer Frame Size Requested: 1024
[2020.05.19-06.09.07:845][369]LogAudioMixer: Display: 	Callback Buffer Frame Size To Use:	  1024
[2020.05.19-06.09.07:845][369]LogAudioMixer: Display: 	Number of buffers to queue:			  2
[2020.05.19-06.09.07:845][369]LogAudioMixer: Display: 	Max Channels (voices):				  32
[2020.05.19-06.09.07:845][369]LogAudioMixer: Display: 	Number of Async Source Workers:		  0
[2020.05.19-06.09.07:845][369]LogAudio: Display: AudioDevice MaxSources: 32
[2020.05.19-06.09.07:846][369]LogAudio: Display: Using built-in audio occlusion.
[2020.05.19-06.09.07:846][369]LogAudioMixer: Display: Initializing audio mixer.
[2020.05.19-06.09.07:865][369]LogAudioMixer: Display: Audio Device Output Speaker Info:
[2020.05.19-06.09.07:865][369]LogAudioMixer: Display: Name: Speakers (Logitech G933 Gaming Headset)
[2020.05.19-06.09.07:865][369]LogAudioMixer: Display: Is Default: Yes
[2020.05.19-06.09.07:865][369]LogAudioMixer: Display: Sample Rate: 48000
[2020.05.19-06.09.07:865][369]LogAudioMixer: Display: Channel Count Used: 8
[2020.05.19-06.09.07:865][369]LogAudioMixer: Display: Device Channel Count: 8
[2020.05.19-06.09.07:865][369]LogAudioMixer: Display: Channel Order:
[2020.05.19-06.09.07:865][369]LogAudioMixer: Display: 0: FrontLeft
[2020.05.19-06.09.07:865][369]LogAudioMixer: Display: 1: FrontRight
[2020.05.19-06.09.07:865][369]LogAudioMixer: Display: 2: FrontCenter
[2020.05.19-06.09.07:865][369]LogAudioMixer: Display: 3: LowFrequency
[2020.05.19-06.09.07:865][369]LogAudioMixer: Display: 4: BackLeft
[2020.05.19-06.09.07:865][369]LogAudioMixer: Display: 5: BackRight
[2020.05.19-06.09.07:865][369]LogAudioMixer: Display: 6: SideLeft
[2020.05.19-06.09.07:865][369]LogAudioMixer: Display: 7: SideRight
[2020.05.19-06.09.07:883][369]LogAudioMixer: Display: Using Audio Device Speakers (Logitech G933 Gaming Headset)
[2020.05.19-06.09.07:885][369]LogInit: FAudioDevice initialized.
[2020.05.19-06.09.07:894][369]LogLoad: Game class is 'KillerRoundGameMode_C'
[2020.05.19-06.09.07:897][369]LogWorld: Bringing World /Game/Levels/UEDPIE_0_Simple_Test.Simple_Test up for play (max tick rate 0) at 2020.05.19-18.09.07
[2020.05.19-06.09.07:898][369]LogWorld: Bringing up level for play took: 0.003326
[2020.05.19-06.09.07:898][369]LogOnline: OSS: Creating online subsystem instance for: :Context_3
[2020.05.19-06.09.07:902][369]LogContentBrowser: Native class hierarchy updated for 'MovieSceneCapture' in 0.0004 seconds. Added 20 classes and 0 folders.
[2020.05.19-06.09.07:905][369]PIE: Play in editor start time for /Game/Levels/UEDPIE_0_Simple_Test 0.947
[2020.05.19-06.13.13:584][119]LogAudioMixer: Display: No commands were queued while flushing the source manager.
[2020.05.19-06.13.13:588][119]LogAudioMixer: Display: Flush succeeded in the source manager command queue (1).
[2020.05.19-06.13.13:608][119]LogAudioMixer: Display: Flush succeeded the source manager command queue (2).
[2020.05.19-06.13.13:608][119]LogSlate: Updating window title bar state: overlay mode, drag disabled, window buttons hidden, title bar hidden
[2020.05.19-06.13.13:608][119]LogWorld: BeginTearingDown for /Game/Levels/UEDPIE_0_Simple_Test
[2020.05.19-06.13.13:608][119]LogAudioMixer: Display: No commands were queued while flushing the source manager.
[2020.05.19-06.13.13:609][119]LogWorld: UWorld::CleanupWorld for Simple_Test, bSessionEnded=true, bCleanupResources=true
[2020.05.19-06.13.13:610][119]LogSlate: InvalidateAllWidgets triggered.  All widgets were invalidated
[2020.05.19-06.13.13:617][119]LogPlayLevel: Display: Shutting down PIE online subsystems
[2020.05.19-06.13.13:621][119]LogSlate: InvalidateAllWidgets triggered.  All widgets were invalidated
[2020.05.19-06.13.13:661][119]LogAudioMixer: Display: No commands were queued while flushing the source manager.
[2020.05.19-06.13.13:666][119]LogSlate: Updating window title bar state: overlay mode, drag disabled, window buttons hidden, title bar hidden
[2020.05.19-06.13.13:671][119]LogUObjectHash: Compacting FUObjectHashTables data took   2.84ms
[2020.05.19-06.13.13:689][120]LogPlayLevel: Display: Destroying online subsystem :Context_3
[2020.05.19-06.13.18:077][620]LogSlate: Took 0.047138 seconds to synchronously load lazily loaded font '../../../Engine/Content/Slate/Fonts/Roboto-Light.ttf' (167K)
[2020.05.19-06.13.18:098][620]LogAssetEditorSubsystem: Opening Asset editor for Blueprint /Game/Blueprints/Roller2.Roller2
[2020.05.19-06.13.18:447][620]LogContentBrowser: Native class hierarchy updated for 'BlueprintGraph' in 0.0006 seconds. Added 121 classes and 0 folders.
[2020.05.19-06.13.19:710][620]LogSlate: Took 0.002097 seconds to synchronously load lazily loaded font '../../../Engine/Content/Slate/Fonts/Roboto-BoldCondensed.ttf' (158K)
[2020.05.19-06.13.20:060][621]LogSlate: Took 0.012737 seconds to synchronously load lazily loaded font '../../../Engine/Content/Slate/Fonts/Roboto-Italic.ttf' (157K)
[2020.05.19-06.13.31:104][254]LogTemp: Repeating last play command: Selected Viewport
[2020.05.19-06.13.31:117][254]LogPlayLevel: PlayLevel: No blueprints needed recompiling
[2020.05.19-06.13.31:117][254]PIE: New page: PIE session: Simple_Test (20/05/2020, 6:13:31 am)
[2020.05.19-06.13.31:117][254]LogPlayLevel: Creating play world package: /Game/Levels/UEDPIE_0_Simple_Test
[2020.05.19-06.13.31:134][254]LogPlayLevel: PIE: StaticDuplicateObject took: (0.016846s)
[2020.05.19-06.13.31:135][254]LogAIModule: Creating AISystem for world Simple_Test
[2020.05.19-06.13.31:135][254]LogPlayLevel: PIE: World Init took: (0.001033s)
[2020.05.19-06.13.31:135][254]LogPlayLevel: PIE: Created PIE world by copying editor world from /Game/Levels/Simple_Test.Simple_Test to /Game/Levels/UEDPIE_0_Simple_Test.Simple_Test (0.018026s)
[2020.05.19-06.13.31:182][254]LogUObjectHash: Compacting FUObjectHashTables data took   4.00ms
[2020.05.19-06.13.31:183][254]LogAudioMixer: Display: Audio Mixer Platform Settings:
[2020.05.19-06.13.31:184][254]LogAudioMixer: Display: 	Sample Rate:						  48000
[2020.05.19-06.13.31:184][254]LogAudioMixer: Display: 	Callback Buffer Frame Size Requested: 1024
[2020.05.19-06.13.31:184][254]LogAudioMixer: Display: 	Callback Buffer Frame Size To Use:	  1024
[2020.05.19-06.13.31:184][254]LogAudioMixer: Display: 	Number of buffers to queue:			  2
[2020.05.19-06.13.31:184][254]LogAudioMixer: Display: 	Max Channels (voices):				  32
[2020.05.19-06.13.31:184][254]LogAudioMixer: Display: 	Number of Async Source Workers:		  0
[2020.05.19-06.13.31:184][254]LogAudio: Display: AudioDevice MaxSources: 32
[2020.05.19-06.13.31:184][254]LogAudio: Display: Using built-in audio occlusion.
[2020.05.19-06.13.31:184][254]LogAudioMixer: Display: Initializing audio mixer.
[2020.05.19-06.13.31:198][254]LogAudioMixer: Display: Audio Device Output Speaker Info:
[2020.05.19-06.13.31:198][254]LogAudioMixer: Display: Name: Speakers (Logitech G933 Gaming Headset)
[2020.05.19-06.13.31:198][254]LogAudioMixer: Display: Is Default: Yes
[2020.05.19-06.13.31:198][254]LogAudioMixer: Display: Sample Rate: 48000
[2020.05.19-06.13.31:198][254]LogAudioMixer: Display: Channel Count Used: 8
[2020.05.19-06.13.31:198][254]LogAudioMixer: Display: Device Channel Count: 8
[2020.05.19-06.13.31:198][254]LogAudioMixer: Display: Channel Order:
[2020.05.19-06.13.31:198][254]LogAudioMixer: Display: 0: FrontLeft
[2020.05.19-06.13.31:198][254]LogAudioMixer: Display: 1: FrontRight
[2020.05.19-06.13.31:198][254]LogAudioMixer: Display: 2: FrontCenter
[2020.05.19-06.13.31:198][254]LogAudioMixer: Display: 3: LowFrequency
[2020.05.19-06.13.31:198][254]LogAudioMixer: Display: 4: BackLeft
[2020.05.19-06.13.31:198][254]LogAudioMixer: Display: 5: BackRight
[2020.05.19-06.13.31:198][254]LogAudioMixer: Display: 6: SideLeft
[2020.05.19-06.13.31:198][254]LogAudioMixer: Display: 7: SideRight
[2020.05.19-06.13.31:216][254]LogAudioMixer: Display: Using Audio Device Speakers (Logitech G933 Gaming Headset)
[2020.05.19-06.13.31:219][254]LogInit: FAudioDevice initialized.
[2020.05.19-06.13.31:229][254]LogLoad: Game class is 'KillerRoundGameMode_C'
[2020.05.19-06.13.31:233][254]LogWorld: Bringing World /Game/Levels/UEDPIE_0_Simple_Test.Simple_Test up for play (max tick rate 0) at 2020.05.19-18.13.31
[2020.05.19-06.13.31:233][254]LogWorld: Bringing up level for play took: 0.003150
[2020.05.19-06.13.31:234][254]LogOnline: OSS: Creating online subsystem instance for: :Context_7
[2020.05.19-06.13.31:238][254]PIE: Play in editor start time for /Game/Levels/UEDPIE_0_Simple_Test 0.279
[2020.05.19-06.13.32:166][312]LogBlueprintDebug: Warning: Hit breakpoint on node 'K2Node_InputAction', from offset 0
[2020.05.19-06.13.32:166][312]LogBlueprintDebug: 
Script call stack:
	Function /Game/Blueprints/Roller2.Roller2_C:InpActEvt_Fire_K2Node_InputActionEvent_1

[2020.05.19-06.13.35:440][313]LogBlueprintDebug: Warning: Hit breakpoint on node 'K2Node_InputAction', from offset 0
[2020.05.19-06.13.35:440][313]LogBlueprintDebug: 
Script call stack:
	Function /Game/Blueprints/Roller2.Roller2_C:InpActEvt_Fire_K2Node_InputActionEvent_2

[2020.05.19-06.13.37:438][329]LogBlueprintDebug: Warning: Hit breakpoint on node 'K2Node_InputAction', from offset 0
[2020.05.19-06.13.37:438][329]LogBlueprintDebug: 
Script call stack:
	Function /Game/Blueprints/Roller2.Roller2_C:InpActEvt_Fire_K2Node_InputActionEvent_2

[2020.05.19-06.13.39:076][346]LogBlueprintDebug: Warning: Hit breakpoint on node 'K2Node_InputAction', from offset 0
[2020.05.19-06.13.39:076][346]LogBlueprintDebug: 
Script call stack:
	Function /Game/Blueprints/Roller2.Roller2_C:InpActEvt_Fire_K2Node_InputActionEvent_2

[2020.05.19-06.13.41:698][373]LogBlueprintDebug: Warning: Hit breakpoint on node 'K2Node_InputAction', from offset 0
[2020.05.19-06.13.41:698][373]LogBlueprintDebug: 
Script call stack:
	Function /Game/Blueprints/Roller2.Roller2_C:InpActEvt_Fire_K2Node_InputActionEvent_2

[2020.05.19-06.13.43:580][411]LogBlueprintDebug: Warning: Hit breakpoint on node 'K2Node_InputAction', from offset 0
[2020.05.19-06.13.43:580][411]LogBlueprintDebug: 
Script call stack:
	Function /Game/Blueprints/Roller2.Roller2_C:InpActEvt_Fire_K2Node_InputActionEvent_2

[2020.05.19-06.13.55:872][411]LogAudioMixer: Display: No commands were queued while flushing the source manager.
[2020.05.19-06.13.55:888][411]LogAudioMixer: Display: Flush succeeded in the source manager command queue (1).
[2020.05.19-06.13.55:908][411]LogAudioMixer: Display: Flush succeeded the source manager command queue (2).
[2020.05.19-06.13.55:908][411]LogSlate: Updating window title bar state: overlay mode, drag disabled, window buttons hidden, title bar hidden
[2020.05.19-06.13.55:908][411]LogWorld: BeginTearingDown for /Game/Levels/UEDPIE_0_Simple_Test
[2020.05.19-06.13.55:908][411]LogAudioMixer: Display: No commands were queued while flushing the source manager.
[2020.05.19-06.13.55:909][411]LogWorld: UWorld::CleanupWorld for Simple_Test, bSessionEnded=true, bCleanupResources=true
[2020.05.19-06.13.55:911][411]LogSlate: InvalidateAllWidgets triggered.  All widgets were invalidated
[2020.05.19-06.13.55:937][411]LogPlayLevel: Display: Shutting down PIE online subsystems
[2020.05.19-06.13.55:943][411]LogSlate: InvalidateAllWidgets triggered.  All widgets were invalidated
[2020.05.19-06.13.55:992][411]LogAudioMixer: Display: No commands were queued while flushing the source manager.
[2020.05.19-06.13.55:996][411]LogSlate: Updating window title bar state: overlay mode, drag disabled, window buttons hidden, title bar hidden
[2020.05.19-06.13.56:002][411]LogUObjectHash: Compacting FUObjectHashTables data took   3.61ms
[2020.05.19-06.13.56:239][412]LogPlayLevel: Display: Destroying online subsystem :Context_7
[2020.05.19-06.14.10:072][401]LogTemp: Repeating last play command: Selected Viewport
[2020.05.19-06.14.10:087][401]BlueprintLog: New page: Pre-Play auto-recompile
[2020.05.19-06.14.10:140][401]LogPlayLevel: [PlayLevel] Compiling Roller2 before play...
[2020.05.19-06.14.10:635][401]LogUObjectHash: Compacting FUObjectHashTables data took   4.65ms
[2020.05.19-06.14.10:636][401]LogPlayLevel: PlayLevel: Blueprint regeneration took 549 ms (1 blueprints)
[2020.05.19-06.14.10:636][401]PIE: New page: PIE session: Simple_Test (20/05/2020, 6:14:10 am)
[2020.05.19-06.14.10:636][401]LogPlayLevel: Creating play world package: /Game/Levels/UEDPIE_0_Simple_Test
[2020.05.19-06.14.10:648][401]LogPlayLevel: PIE: StaticDuplicateObject took: (0.011102s)
[2020.05.19-06.14.10:648][401]LogAIModule: Creating AISystem for world Simple_Test
[2020.05.19-06.14.10:649][401]LogPlayLevel: PIE: World Init took: (0.000998s)
[2020.05.19-06.14.10:649][401]LogPlayLevel: PIE: Created PIE world by copying editor world from /Game/Levels/Simple_Test.Simple_Test to /Game/Levels/UEDPIE_0_Simple_Test.Simple_Test (0.012240s)
[2020.05.19-06.14.10:698][401]LogUObjectHash: Compacting FUObjectHashTables data took   2.86ms
[2020.05.19-06.14.10:698][401]LogAudioMixer: Display: Audio Mixer Platform Settings:
[2020.05.19-06.14.10:698][401]LogAudioMixer: Display: 	Sample Rate:						  48000
[2020.05.19-06.14.10:698][401]LogAudioMixer: Display: 	Callback Buffer Frame Size Requested: 1024
[2020.05.19-06.14.10:698][401]LogAudioMixer: Display: 	Callback Buffer Frame Size To Use:	  1024
[2020.05.19-06.14.10:698][401]LogAudioMixer: Display: 	Number of buffers to queue:			  2
[2020.05.19-06.14.10:698][401]LogAudioMixer: Display: 	Max Channels (voices):				  32
[2020.05.19-06.14.10:698][401]LogAudioMixer: Display: 	Number of Async Source Workers:		  0
[2020.05.19-06.14.10:698][401]LogAudio: Display: AudioDevice MaxSources: 32
[2020.05.19-06.14.10:699][401]LogAudio: Display: Using built-in audio occlusion.
[2020.05.19-06.14.10:699][401]LogAudioMixer: Display: Initializing audio mixer.
[2020.05.19-06.14.10:711][401]LogAudioMixer: Display: Audio Device Output Speaker Info:
[2020.05.19-06.14.10:712][401]LogAudioMixer: Display: Name: Speakers (Logitech G933 Gaming Headset)
[2020.05.19-06.14.10:712][401]LogAudioMixer: Display: Is Default: Yes
[2020.05.19-06.14.10:712][401]LogAudioMixer: Display: Sample Rate: 48000
[2020.05.19-06.14.10:712][401]LogAudioMixer: Display: Channel Count Used: 8
[2020.05.19-06.14.10:712][401]LogAudioMixer: Display: Device Channel Count: 8
[2020.05.19-06.14.10:712][401]LogAudioMixer: Display: Channel Order:
[2020.05.19-06.14.10:712][401]LogAudioMixer: Display: 0: FrontLeft
[2020.05.19-06.14.10:712][401]LogAudioMixer: Display: 1: FrontRight
[2020.05.19-06.14.10:712][401]LogAudioMixer: Display: 2: FrontCenter
[2020.05.19-06.14.10:712][401]LogAudioMixer: Display: 3: LowFrequency
[2020.05.19-06.14.10:712][401]LogAudioMixer: Display: 4: BackLeft
[2020.05.19-06.14.10:712][401]LogAudioMixer: Display: 5: BackRight
[2020.05.19-06.14.10:712][401]LogAudioMixer: Display: 6: SideLeft
[2020.05.19-06.14.10:712][401]LogAudioMixer: Display: 7: SideRight
[2020.05.19-06.14.10:730][401]LogAudioMixer: Display: Using Audio Device Speakers (Logitech G933 Gaming Headset)
[2020.05.19-06.14.10:732][401]LogInit: FAudioDevice initialized.
[2020.05.19-06.14.10:753][401]LogLoad: Game class is 'KillerRoundGameMode_C'
[2020.05.19-06.14.10:756][401]LogWorld: Bringing World /Game/Levels/UEDPIE_0_Simple_Test.Simple_Test up for play (max tick rate 0) at 2020.05.19-18.14.10
[2020.05.19-06.14.10:757][401]LogWorld: Bringing up level for play took: 0.003456
[2020.05.19-06.14.10:757][401]LogOnline: OSS: Creating online subsystem instance for: :Context_8
[2020.05.19-06.14.10:761][401]PIE: Play in editor start time for /Game/Levels/UEDPIE_0_Simple_Test -0.197
[2020.05.19-06.14.11:253][414]LogBlueprintDebug: Warning: Hit breakpoint on node 'K2Node_InputAction', from offset 0
[2020.05.19-06.14.11:253][414]LogBlueprintDebug: 
Script call stack:
	Function /Game/Blueprints/Roller2.Roller2_C:InpActEvt_Fire_K2Node_InputActionEvent_1

[2020.05.19-06.14.20:761][901]LogAudioMixer: Display: No commands were queued while flushing the source manager.
[2020.05.19-06.14.20:779][901]LogAudioMixer: Display: Flush succeeded in the source manager command queue (1).
[2020.05.19-06.14.20:799][901]LogAudioMixer: Display: Flush succeeded the source manager command queue (2).
[2020.05.19-06.14.20:799][901]LogSlate: Updating window title bar state: overlay mode, drag disabled, window buttons hidden, title bar hidden
[2020.05.19-06.14.20:799][901]LogWorld: BeginTearingDown for /Game/Levels/UEDPIE_0_Simple_Test
[2020.05.19-06.14.20:799][901]LogAudioMixer: Display: No commands were queued while flushing the source manager.
[2020.05.19-06.14.20:800][901]LogWorld: UWorld::CleanupWorld for Simple_Test, bSessionEnded=true, bCleanupResources=true
[2020.05.19-06.14.20:801][901]LogSlate: InvalidateAllWidgets triggered.  All widgets were invalidated
[2020.05.19-06.14.20:828][901]LogPlayLevel: Display: Shutting down PIE online subsystems
[2020.05.19-06.14.20:834][901]LogSlate: InvalidateAllWidgets triggered.  All widgets were invalidated
[2020.05.19-06.14.20:880][901]LogAudioMixer: Display: No commands were queued while flushing the source manager.
[2020.05.19-06.14.20:885][901]LogSlate: Updating window title bar state: overlay mode, drag disabled, window buttons hidden, title bar hidden
[2020.05.19-06.14.20:891][901]LogUObjectHash: Compacting FUObjectHashTables data took   3.59ms
[2020.05.19-06.14.21:154][902]LogPlayLevel: Display: Destroying online subsystem :Context_8
[2020.05.19-06.14.52:352][278]LogTemp: Repeating last play command: Selected Viewport
[2020.05.19-06.14.52:367][278]BlueprintLog: New page: Pre-Play auto-recompile
[2020.05.19-06.14.52:396][278]LogPlayLevel: [PlayLevel] Compiling Roller2 before play...
[2020.05.19-06.14.52:951][278]LogUObjectHash: Compacting FUObjectHashTables data took   4.88ms
[2020.05.19-06.14.52:952][278]LogPlayLevel: PlayLevel: Blueprint regeneration took 585 ms (1 blueprints)
[2020.05.19-06.14.52:953][278]PIE: New page: PIE session: Simple_Test (20/05/2020, 6:14:52 am)
[2020.05.19-06.14.52:953][278]LogPlayLevel: Creating play world package: /Game/Levels/UEDPIE_0_Simple_Test
[2020.05.19-06.14.52:964][278]LogPlayLevel: PIE: StaticDuplicateObject took: (0.011511s)
[2020.05.19-06.14.52:965][278]LogAIModule: Creating AISystem for world Simple_Test
[2020.05.19-06.14.52:965][278]LogPlayLevel: PIE: World Init took: (0.001020s)
[2020.05.19-06.14.52:965][278]LogPlayLevel: PIE: Created PIE world by copying editor world from /Game/Levels/Simple_Test.Simple_Test to /Game/Levels/UEDPIE_0_Simple_Test.Simple_Test (0.012687s)
[2020.05.19-06.14.53:015][278]LogUObjectHash: Compacting FUObjectHashTables data took   2.98ms
[2020.05.19-06.14.53:015][278]LogAudioMixer: Display: Audio Mixer Platform Settings:
[2020.05.19-06.14.53:015][278]LogAudioMixer: Display: 	Sample Rate:						  48000
[2020.05.19-06.14.53:015][278]LogAudioMixer: Display: 	Callback Buffer Frame Size Requested: 1024
[2020.05.19-06.14.53:015][278]LogAudioMixer: Display: 	Callback Buffer Frame Size To Use:	  1024
[2020.05.19-06.14.53:015][278]LogAudioMixer: Display: 	Number of buffers to queue:			  2
[2020.05.19-06.14.53:015][278]LogAudioMixer: Display: 	Max Channels (voices):				  32
[2020.05.19-06.14.53:015][278]LogAudioMixer: Display: 	Number of Async Source Workers:		  0
[2020.05.19-06.14.53:015][278]LogAudio: Display: AudioDevice MaxSources: 32
[2020.05.19-06.14.53:016][278]LogAudio: Display: Using built-in audio occlusion.
[2020.05.19-06.14.53:016][278]LogAudioMixer: Display: Initializing audio mixer.
[2020.05.19-06.14.53:031][278]LogAudioMixer: Display: Audio Device Output Speaker Info:
[2020.05.19-06.14.53:031][278]LogAudioMixer: Display: Name: Speakers (Logitech G933 Gaming Headset)
[2020.05.19-06.14.53:031][278]LogAudioMixer: Display: Is Default: Yes
[2020.05.19-06.14.53:031][278]LogAudioMixer: Display: Sample Rate: 48000
[2020.05.19-06.14.53:031][278]LogAudioMixer: Display: Channel Count Used: 8
[2020.05.19-06.14.53:031][278]LogAudioMixer: Display: Device Channel Count: 8
[2020.05.19-06.14.53:031][278]LogAudioMixer: Display: Channel Order:
[2020.05.19-06.14.53:031][278]LogAudioMixer: Display: 0: FrontLeft
[2020.05.19-06.14.53:031][278]LogAudioMixer: Display: 1: FrontRight
[2020.05.19-06.14.53:031][278]LogAudioMixer: Display: 2: FrontCenter
[2020.05.19-06.14.53:031][278]LogAudioMixer: Display: 3: LowFrequency
[2020.05.19-06.14.53:031][278]LogAudioMixer: Display: 4: BackLeft
[2020.05.19-06.14.53:031][278]LogAudioMixer: Display: 5: BackRight
[2020.05.19-06.14.53:031][278]LogAudioMixer: Display: 6: SideLeft
[2020.05.19-06.14.53:031][278]LogAudioMixer: Display: 7: SideRight
[2020.05.19-06.14.53:049][278]LogAudioMixer: Display: Using Audio Device Speakers (Logitech G933 Gaming Headset)
[2020.05.19-06.14.53:051][278]LogInit: FAudioDevice initialized.
[2020.05.19-06.14.53:075][278]LogLoad: Game class is 'KillerRoundGameMode_C'
[2020.05.19-06.14.53:078][278]LogWorld: Bringing World /Game/Levels/UEDPIE_0_Simple_Test.Simple_Test up for play (max tick rate 0) at 2020.05.19-18.14.53
[2020.05.19-06.14.53:079][278]LogWorld: Bringing up level for play took: 0.003684
[2020.05.19-06.14.53:080][278]LogOnline: OSS: Creating online subsystem instance for: :Context_9
[2020.05.19-06.14.53:084][278]PIE: Play in editor start time for /Game/Levels/UEDPIE_0_Simple_Test 0.126
[2020.05.19-06.15.23:515][339]LogAudioMixer: Display: No commands were queued while flushing the source manager.
[2020.05.19-06.15.23:518][339]LogAudioMixer: Display: Flush succeeded in the source manager command queue (1).
[2020.05.19-06.15.23:538][339]LogAudioMixer: Display: Flush succeeded the source manager command queue (2).
[2020.05.19-06.15.23:538][339]LogSlate: Updating window title bar state: overlay mode, drag disabled, window buttons hidden, title bar hidden
[2020.05.19-06.15.23:538][339]LogWorld: BeginTearingDown for /Game/Levels/UEDPIE_0_Simple_Test
[2020.05.19-06.15.23:538][339]LogAudioMixer: Display: No commands were queued while flushing the source manager.
[2020.05.19-06.15.23:539][339]LogWorld: UWorld::CleanupWorld for Simple_Test, bSessionEnded=true, bCleanupResources=true
[2020.05.19-06.15.23:540][339]LogSlate: InvalidateAllWidgets triggered.  All widgets were invalidated
[2020.05.19-06.15.23:568][339]LogPlayLevel: Display: Shutting down PIE online subsystems
[2020.05.19-06.15.23:575][339]LogSlate: InvalidateAllWidgets triggered.  All widgets were invalidated
[2020.05.19-06.15.23:624][339]LogAudioMixer: Display: No commands were queued while flushing the source manager.
[2020.05.19-06.15.23:630][339]LogSlate: Updating window title bar state: overlay mode, drag disabled, window buttons hidden, title bar hidden
[2020.05.19-06.15.23:640][339]LogUObjectHash: Compacting FUObjectHashTables data took   2.96ms
[2020.05.19-06.15.23:867][340]LogPlayLevel: Display: Destroying online subsystem :Context_9
[2020.05.19-06.15.28:542][684]LogAssetEditorSubsystem: Opening Asset editor for StaticMesh /Game/Levels/sandStuff/sand.sand
[2020.05.19-06.15.29:789][685]LogRenderer: Reallocating scene render targets to support 1432x920 Format 10 NumSamples 1 (Frame:1).
[2020.05.19-06.15.59:333][847]LogUObjectHash: Compacting FUObjectHashTables data took   5.21ms
[2020.05.19-06.15.59:369][847]Cmd: OBJ SAVEPACKAGE PACKAGE="/Game/Levels/Simple_Test" FILE="F:/Unreal Crap/Github/BSE-Killer-Round-19071/MoveSkatePhys/Content/Levels/Simple_Test.umap" SILENT=true AUTOSAVING=false KEEPDIRTY=false
[2020.05.19-06.15.59:422][847]LogUObjectHash: Compacting FUObjectHashTables data took   3.68ms
[2020.05.19-06.15.59:502][847]LogSavePackage: Moving 'F:/Unreal Crap/Github/BSE-Killer-Round-19071/MoveSkatePhys/Saved/Simple_TestF1AB02D2412D1B9E47B48B9B2C5EEF6A.tmp' to 'F:/Unreal Crap/Github/BSE-Killer-Round-19071/MoveSkatePhys/Content/Levels/Simple_Test.umap'
[2020.05.19-06.15.59:532][847]LogFileHelpers: Saving map 'Simple_Test' took 0.163
[2020.05.19-06.15.59:533][847]Cmd: OBJ SAVEPACKAGE PACKAGE="/Game/Blueprints/Roller2" FILE="F:/Unreal Crap/Github/BSE-Killer-Round-19071/MoveSkatePhys/Content/Blueprints/Roller2.uasset" SILENT=true
[2020.05.19-06.15.59:649][847]LogSavePackage: Moving 'F:/Unreal Crap/Github/BSE-Killer-Round-19071/MoveSkatePhys/Saved/Roller24F744978496387079F816A9666FAB36A.tmp' to 'F:/Unreal Crap/Github/BSE-Killer-Round-19071/MoveSkatePhys/Content/Blueprints/Roller2.uasset'
[2020.05.19-06.15.59:709][847]AssetCheck: New page: Asset Save: multiple assets
[2020.05.19-06.15.59:709][847]LogContentValidation: Display: Validating World /Game/Levels/Simple_Test.Simple_Test
[2020.05.19-06.15.59:709][847]LogContentValidation: Display: Validating Blueprint /Game/Blueprints/Roller2.Roller2
[2020.05.19-06.16.16:137][774]LogTemp: Repeating last play command: Selected Viewport
[2020.05.19-06.16.16:150][774]LogPlayLevel: PlayLevel: No blueprints needed recompiling
[2020.05.19-06.16.16:150][774]PIE: New page: PIE session: Simple_Test (20/05/2020, 6:16:16 am)
[2020.05.19-06.16.16:151][774]LogPlayLevel: Creating play world package: /Game/Levels/UEDPIE_0_Simple_Test
[2020.05.19-06.16.16:162][774]LogPlayLevel: PIE: StaticDuplicateObject took: (0.011012s)
[2020.05.19-06.16.16:163][774]LogAIModule: Creating AISystem for world Simple_Test
[2020.05.19-06.16.16:163][774]LogPlayLevel: PIE: World Init took: (0.001000s)
[2020.05.19-06.16.16:163][774]LogPlayLevel: PIE: Created PIE world by copying editor world from /Game/Levels/Simple_Test.Simple_Test to /Game/Levels/UEDPIE_0_Simple_Test.Simple_Test (0.012158s)
[2020.05.19-06.16.16:213][774]LogUObjectHash: Compacting FUObjectHashTables data took   3.54ms
[2020.05.19-06.16.16:216][774]LogAudioMixer: Display: Audio Mixer Platform Settings:
[2020.05.19-06.16.16:216][774]LogAudioMixer: Display: 	Sample Rate:						  48000
[2020.05.19-06.16.16:216][774]LogAudioMixer: Display: 	Callback Buffer Frame Size Requested: 1024
[2020.05.19-06.16.16:216][774]LogAudioMixer: Display: 	Callback Buffer Frame Size To Use:	  1024
[2020.05.19-06.16.16:216][774]LogAudioMixer: Display: 	Number of buffers to queue:			  2
[2020.05.19-06.16.16:216][774]LogAudioMixer: Display: 	Max Channels (voices):				  32
[2020.05.19-06.16.16:216][774]LogAudioMixer: Display: 	Number of Async Source Workers:		  0
[2020.05.19-06.16.16:216][774]LogAudio: Display: AudioDevice MaxSources: 32
[2020.05.19-06.16.16:216][774]LogAudio: Display: Using built-in audio occlusion.
[2020.05.19-06.16.16:216][774]LogAudioMixer: Display: Initializing audio mixer.
[2020.05.19-06.16.16:230][774]LogAudioMixer: Display: Audio Device Output Speaker Info:
[2020.05.19-06.16.16:231][774]LogAudioMixer: Display: Name: Speakers (Logitech G933 Gaming Headset)
[2020.05.19-06.16.16:231][774]LogAudioMixer: Display: Is Default: Yes
[2020.05.19-06.16.16:231][774]LogAudioMixer: Display: Sample Rate: 48000
[2020.05.19-06.16.16:231][774]LogAudioMixer: Display: Channel Count Used: 8
[2020.05.19-06.16.16:231][774]LogAudioMixer: Display: Device Channel Count: 8
[2020.05.19-06.16.16:231][774]LogAudioMixer: Display: Channel Order:
[2020.05.19-06.16.16:231][774]LogAudioMixer: Display: 0: FrontLeft
[2020.05.19-06.16.16:231][774]LogAudioMixer: Display: 1: FrontRight
[2020.05.19-06.16.16:231][774]LogAudioMixer: Display: 2: FrontCenter
[2020.05.19-06.16.16:231][774]LogAudioMixer: Display: 3: LowFrequency
[2020.05.19-06.16.16:231][774]LogAudioMixer: Display: 4: BackLeft
[2020.05.19-06.16.16:231][774]LogAudioMixer: Display: 5: BackRight
[2020.05.19-06.16.16:231][774]LogAudioMixer: Display: 6: SideLeft
[2020.05.19-06.16.16:231][774]LogAudioMixer: Display: 7: SideRight
[2020.05.19-06.16.16:251][774]LogAudioMixer: Display: Using Audio Device Speakers (Logitech G933 Gaming Headset)
[2020.05.19-06.16.16:253][774]LogInit: FAudioDevice initialized.
[2020.05.19-06.16.16:262][774]LogLoad: Game class is 'KillerRoundGameMode_C'
[2020.05.19-06.16.16:264][774]LogWorld: Bringing World /Game/Levels/UEDPIE_0_Simple_Test.Simple_Test up for play (max tick rate 0) at 2020.05.19-18.16.16
[2020.05.19-06.16.16:265][774]LogWorld: Bringing up level for play took: 0.002805
[2020.05.19-06.16.16:265][774]LogOnline: OSS: Creating online subsystem instance for: :Context_11
[2020.05.19-06.16.16:269][774]PIE: Play in editor start time for /Game/Levels/UEDPIE_0_Simple_Test -0.689
[2020.05.19-06.16.55:251][757]LogAudioMixer: Display: No commands were queued while flushing the source manager.
[2020.05.19-06.16.55:268][757]LogAudioMixer: Display: Flush succeeded in the source manager command queue (1).
[2020.05.19-06.16.55:288][757]LogAudioMixer: Display: Flush succeeded the source manager command queue (2).
[2020.05.19-06.16.55:288][757]LogSlate: Updating window title bar state: overlay mode, drag disabled, window buttons hidden, title bar hidden
[2020.05.19-06.16.55:288][757]LogWorld: BeginTearingDown for /Game/Levels/UEDPIE_0_Simple_Test
[2020.05.19-06.16.55:288][757]LogAudioMixer: Display: No commands were queued while flushing the source manager.
[2020.05.19-06.16.55:289][757]LogWorld: UWorld::CleanupWorld for Simple_Test, bSessionEnded=true, bCleanupResources=true
[2020.05.19-06.16.55:290][757]LogSlate: InvalidateAllWidgets triggered.  All widgets were invalidated
[2020.05.19-06.16.55:321][757]LogPlayLevel: Display: Shutting down PIE online subsystems
[2020.05.19-06.16.55:329][757]LogSlate: InvalidateAllWidgets triggered.  All widgets were invalidated
[2020.05.19-06.16.55:379][757]LogAudioMixer: Display: No commands were queued while flushing the source manager.
[2020.05.19-06.16.55:384][757]LogSlate: Updating window title bar state: overlay mode, drag disabled, window buttons hidden, title bar hidden
[2020.05.19-06.16.55:393][757]LogUObjectHash: Compacting FUObjectHashTables data took   3.94ms
[2020.05.19-06.16.55:424][758]LogPlayLevel: Display: Destroying online subsystem :Context_11
[2020.05.19-06.16.57:921][948]LogEditorViewport: Clicking on Actor (LMB): StaticMeshActor (Pillar)
[2020.05.19-06.17.31:628][ 33]Cmd: MODE GRID=1
[2020.05.19-06.17.42:163][849]LogEditorViewport: Clicking on Actor (LMB): LoadUnloadMesh_C (Arena)
[2020.05.19-06.17.43:472][900]LogEditorViewport: Clicking on Actor (LMB): StaticMeshActor (Pillar)
[2020.05.19-06.17.43:917][902]LogEditorViewport: Clicking on Actor (LMB): StaticMeshActor (Pillar)
[2020.05.19-06.17.54:679][672]LogEditorViewport: Clicking on Actor (context menu): LoadUnloadMesh_C (Arena)
[2020.05.19-06.17.54:796][675]LogEditorViewport: Clicking on Actor (context menu): LoadUnloadMesh_C (Arena)
[2020.05.19-06.17.55:661][719]LogTemp: Repeating last play command: Selected Viewport
[2020.05.19-06.17.55:675][719]LogPlayLevel: PlayLevel: No blueprints needed recompiling
[2020.05.19-06.17.55:675][719]PIE: New page: PIE session: Simple_Test (20/05/2020, 6:17:55 am)
[2020.05.19-06.17.55:675][719]LogPlayLevel: Creating play world package: /Game/Levels/UEDPIE_0_Simple_Test
[2020.05.19-06.17.55:686][719]LogPlayLevel: PIE: StaticDuplicateObject took: (0.010889s)
[2020.05.19-06.17.55:687][719]LogAIModule: Creating AISystem for world Simple_Test
[2020.05.19-06.17.55:687][719]LogPlayLevel: PIE: World Init took: (0.001012s)
[2020.05.19-06.17.55:687][719]LogPlayLevel: PIE: Created PIE world by copying editor world from /Game/Levels/Simple_Test.Simple_Test to /Game/Levels/UEDPIE_0_Simple_Test.Simple_Test (0.012052s)
[2020.05.19-06.17.55:739][719]LogUObjectHash: Compacting FUObjectHashTables data took   3.81ms
[2020.05.19-06.17.55:747][719]LogAudioMixer: Display: Audio Mixer Platform Settings:
[2020.05.19-06.17.55:747][719]LogAudioMixer: Display: 	Sample Rate:						  48000
[2020.05.19-06.17.55:747][719]LogAudioMixer: Display: 	Callback Buffer Frame Size Requested: 1024
[2020.05.19-06.17.55:747][719]LogAudioMixer: Display: 	Callback Buffer Frame Size To Use:	  1024
[2020.05.19-06.17.55:747][719]LogAudioMixer: Display: 	Number of buffers to queue:			  2
[2020.05.19-06.17.55:747][719]LogAudioMixer: Display: 	Max Channels (voices):				  32
[2020.05.19-06.17.55:747][719]LogAudioMixer: Display: 	Number of Async Source Workers:		  0
[2020.05.19-06.17.55:747][719]LogAudio: Display: AudioDevice MaxSources: 32
[2020.05.19-06.17.55:747][719]LogAudio: Display: Using built-in audio occlusion.
[2020.05.19-06.17.55:747][719]LogAudioMixer: Display: Initializing audio mixer.
[2020.05.19-06.17.55:761][719]LogAudioMixer: Display: Audio Device Output Speaker Info:
[2020.05.19-06.17.55:761][719]LogAudioMixer: Display: Name: Speakers (Logitech G933 Gaming Headset)
[2020.05.19-06.17.55:761][719]LogAudioMixer: Display: Is Default: Yes
[2020.05.19-06.17.55:761][719]LogAudioMixer: Display: Sample Rate: 48000
[2020.05.19-06.17.55:761][719]LogAudioMixer: Display: Channel Count Used: 8
[2020.05.19-06.17.55:761][719]LogAudioMixer: Display: Device Channel Count: 8
[2020.05.19-06.17.55:761][719]LogAudioMixer: Display: Channel Order:
[2020.05.19-06.17.55:761][719]LogAudioMixer: Display: 0: FrontLeft
[2020.05.19-06.17.55:761][719]LogAudioMixer: Display: 1: FrontRight
[2020.05.19-06.17.55:761][719]LogAudioMixer: Display: 2: FrontCenter
[2020.05.19-06.17.55:761][719]LogAudioMixer: Display: 3: LowFrequency
[2020.05.19-06.17.55:761][719]LogAudioMixer: Display: 4: BackLeft
[2020.05.19-06.17.55:761][719]LogAudioMixer: Display: 5: BackRight
[2020.05.19-06.17.55:761][719]LogAudioMixer: Display: 6: SideLeft
[2020.05.19-06.17.55:761][719]LogAudioMixer: Display: 7: SideRight
[2020.05.19-06.17.55:781][719]LogAudioMixer: Display: Using Audio Device Speakers (Logitech G933 Gaming Headset)
[2020.05.19-06.17.55:783][719]LogInit: FAudioDevice initialized.
[2020.05.19-06.17.55:795][719]LogLoad: Game class is 'KillerRoundGameMode_C'
[2020.05.19-06.17.55:798][719]LogWorld: Bringing World /Game/Levels/UEDPIE_0_Simple_Test.Simple_Test up for play (max tick rate 0) at 2020.05.19-18.17.55
[2020.05.19-06.17.55:799][719]LogWorld: Bringing up level for play took: 0.003101
[2020.05.19-06.17.55:799][719]LogOnline: OSS: Creating online subsystem instance for: :Context_12
[2020.05.19-06.17.55:803][719]PIE: Play in editor start time for /Game/Levels/UEDPIE_0_Simple_Test 0.846
[2020.05.19-06.18.44:039][961]LogAudioMixer: Display: No commands were queued while flushing the source manager.
[2020.05.19-06.18.44:058][961]LogAudioMixer: Display: Flush succeeded in the source manager command queue (1).
[2020.05.19-06.18.44:078][961]LogAudioMixer: Display: Flush succeeded the source manager command queue (2).
[2020.05.19-06.18.44:078][961]LogSlate: Updating window title bar state: overlay mode, drag disabled, window buttons hidden, title bar hidden
[2020.05.19-06.18.44:078][961]LogWorld: BeginTearingDown for /Game/Levels/UEDPIE_0_Simple_Test
[2020.05.19-06.18.44:079][961]LogAudioMixer: Display: No commands were queued while flushing the source manager.
[2020.05.19-06.18.44:079][961]LogWorld: UWorld::CleanupWorld for Simple_Test, bSessionEnded=true, bCleanupResources=true
[2020.05.19-06.18.44:081][961]LogSlate: InvalidateAllWidgets triggered.  All widgets were invalidated
[2020.05.19-06.18.44:091][961]LogPlayLevel: Display: Shutting down PIE online subsystems
[2020.05.19-06.18.44:098][961]LogSlate: InvalidateAllWidgets triggered.  All widgets were invalidated
[2020.05.19-06.18.44:149][961]LogAudioMixer: Display: No commands were queued while flushing the source manager.
[2020.05.19-06.18.44:153][961]LogSlate: Updating window title bar state: overlay mode, drag disabled, window buttons hidden, title bar hidden
[2020.05.19-06.18.44:165][961]LogUObjectHash: Compacting FUObjectHashTables data took   3.86ms
[2020.05.19-06.18.44:193][962]LogPlayLevel: Display: Destroying online subsystem :Context_12
