"../../../Engine/Content/EditorBlueprintResources/StandardMacros.uasset" 0
"../../../Engine/Content/EngineSky/C_Sky_Cloud_Color.uasset" 1
"../../../Engine/Content/EngineSky/C_Sky_Horizon_Color.uasset" 2
"../../../Engine/Content/EngineSky/C_Sky_Zenith_Color.uasset" 3
"../../../Engine/Content/EngineSky/T_Sky_Blue.uasset" 4
"../../../Engine/Content/EngineSky/T_Sky_Clouds_M.uasset" 5
"../../../Engine/Content/EngineSky/T_Sky_Stars.uasset" 6
"../../../Engine/Content/EngineSky/M_Sky_Panning_Clouds2.uasset" 7
"../../../Engine/Content/EngineSky/SM_SkySphere.uasset" 8
"../../../Engine/Content/EngineSky/BP_Sky_Sphere.uasset" 9
"F:/Unreal Crap/Github/BSE-Killer-Round-19071/MoveSkatePhys/Content/AI/Enemy/Enemy_BB_1.uasset" 10
"F:/Unreal Crap/Github/BSE-Killer-Round-19071/MoveSkatePhys/Content/Enums/BulletTypes.uasset" 11
"F:/Unreal Crap/Github/BSE-Killer-Round-19071/MoveSkatePhys/Content/Models/DiscLauncher/Bolts_rivets.uasset" 12
"F:/Unreal Crap/Github/BSE-Killer-Round-19071/MoveSkatePhys/Content/Models/DiscLauncher/Glow.uasset" 13
"F:/Unreal Crap/Github/BSE-Killer-Round-19071/MoveSkatePhys/Content/Models/DiscLauncher/Metal_01.uasset" 14
"F:/Unreal Crap/Github/BSE-Killer-Round-19071/MoveSkatePhys/Content/Models/Disc/Disc_01.uasset" 15
"F:/Unreal Crap/Github/BSE-Killer-Round-19071/MoveSkatePhys/Content/FirstPersonBP/Blueprints/FirstPersonProjectile.uasset" 16
"F:/Unreal Crap/Github/BSE-Killer-Round-19071/MoveSkatePhys/Content/StarterContent/Textures/T_Burst_M.uasset" 17
"F:/Unreal Crap/Github/BSE-Killer-Round-19071/MoveSkatePhys/Content/StarterContent/Particles/Materials/M_Burst.uasset" 18
"F:/Unreal Crap/Github/BSE-Killer-Round-19071/MoveSkatePhys/Content/StarterContent/Textures/T_Explosion_SubUV.uasset" 19
"F:/Unreal Crap/Github/BSE-Killer-Round-19071/MoveSkatePhys/Content/StarterContent/Particles/Materials/M_explosion_subUV.uasset" 20
"F:/Unreal Crap/Github/BSE-Killer-Round-19071/MoveSkatePhys/Content/StarterContent/Particles/Materials/m_flare_01.uasset" 21
"../../../Engine/Content/Functions/Engine_MaterialFunctions01/Gradient/RadialGradient.uasset" 22
"F:/Unreal Crap/Github/BSE-Killer-Round-19071/MoveSkatePhys/Content/StarterContent/Particles/Materials/M_radial_ramp.uasset" 23
"F:/Unreal Crap/Github/BSE-Killer-Round-19071/MoveSkatePhys/Content/StarterContent/Textures/T_Smoke_SubUV.uasset" 24
"F:/Unreal Crap/Github/BSE-Killer-Round-19071/MoveSkatePhys/Content/StarterContent/Textures/T_Smoke_Tiled_D.uasset" 25
"F:/Unreal Crap/Github/BSE-Killer-Round-19071/MoveSkatePhys/Content/StarterContent/Particles/Materials/M_smoke_subUV.uasset" 26
"F:/Unreal Crap/Github/BSE-Killer-Round-19071/MoveSkatePhys/Content/StarterContent/Particles/P_Explosion.uasset" 27
"F:/Unreal Crap/Github/BSE-Killer-Round-19071/MoveSkatePhys/Content/FirstPersonBP/Blueprints/Explosion.uasset" 28
"F:/Unreal Crap/Github/BSE-Killer-Round-19071/MoveSkatePhys/Content/FirstPerson/Meshes/BaseMaterial.uasset" 29
"F:/Unreal Crap/Github/BSE-Killer-Round-19071/MoveSkatePhys/Content/FirstPerson/Meshes/FirstPersonProjectileMaterial.uasset" 30
"F:/Unreal Crap/Github/BSE-Killer-Round-19071/MoveSkatePhys/Content/FirstPerson/Meshes/FirstPersonProjectileMesh.uasset" 31
"F:/Unreal Crap/Github/BSE-Killer-Round-19071/MoveSkatePhys/Content/FirstPersonBP/Blueprints/GrenadeProjectile.uasset" 32
"F:/Unreal Crap/Github/BSE-Killer-Round-19071/MoveSkatePhys/Content/FirstPersonBP/Sounds/WeaponEffects/477206__mattiagiovanetti__some-laser-gun-shots-i-_AudioTrimmer_com_.uasset" 33
"F:/Unreal Crap/Github/BSE-Killer-Round-19071/MoveSkatePhys/Content/FirstPersonBP/Guns/Revolver_Gun.uasset" 34
"F:/Unreal Crap/Github/BSE-Killer-Round-19071/MoveSkatePhys/Content/FirstPersonBP/Guns/GlockModel_Anims/Glock_D.uasset" 35
"F:/Unreal Crap/Github/BSE-Killer-Round-19071/MoveSkatePhys/Content/FirstPersonBP/Guns/GlockModel_Anims/Glock_D_Mat.uasset" 36
"F:/Unreal Crap/Github/BSE-Killer-Round-19071/MoveSkatePhys/Content/FirstPersonBP/Guns/GlockModel_Anims/Glock_Rigged_PhysicsAsset.uasset" 37
"F:/Unreal Crap/Github/BSE-Killer-Round-19071/MoveSkatePhys/Content/FirstPersonBP/Guns/GlockModel_Anims/Glock_Rigged_Skeleton.uasset" 38
"F:/Unreal Crap/Github/BSE-Killer-Round-19071/MoveSkatePhys/Content/FirstPersonBP/Guns/GlockModel_Anims/Glock_Rigged.uasset" 39
"F:/Unreal Crap/Github/BSE-Killer-Round-19071/MoveSkatePhys/Content/FirstPersonBP/Guns/Gun_Parent.uasset" 40
"F:/Unreal Crap/Github/BSE-Killer-Round-19071/MoveSkatePhys/Content/FirstPersonBP/Guns/FutureGunsModels/Shotgun.uasset" 41
"F:/Unreal Crap/Github/BSE-Killer-Round-19071/MoveSkatePhys/Content/FirstPersonBP/Guns/FutureGunsModels/Shotgun_Mat.uasset" 42
"F:/Unreal Crap/Github/BSE-Killer-Round-19071/MoveSkatePhys/Content/FirstPersonBP/Guns/FutureGunsModels/FutureGun01a_PhysicsAsset.uasset" 43
"F:/Unreal Crap/Github/BSE-Killer-Round-19071/MoveSkatePhys/Content/FirstPersonBP/Guns/FutureGunsModels/FutureGun01a_Skeleton.uasset" 44
"F:/Unreal Crap/Github/BSE-Killer-Round-19071/MoveSkatePhys/Content/FirstPersonBP/Guns/FutureGunsModels/FutureGun01a.uasset" 45
"F:/Unreal Crap/Github/BSE-Killer-Round-19071/MoveSkatePhys/Content/FirstPersonBP/Guns/Unarmed.uasset" 46
"F:/Unreal Crap/Github/BSE-Killer-Round-19071/MoveSkatePhys/Content/Blueprints/RollerController.uasset" 47
"F:/Unreal Crap/Github/BSE-Killer-Round-19071/MoveSkatePhys/Content/KillerRoundGameMode.uasset" 48
"F:/Unreal Crap/Github/BSE-Killer-Round-19071/MoveSkatePhys/Content/HUD/DeathMessage.uasset" 49
"F:/Unreal Crap/Github/BSE-Killer-Round-19071/MoveSkatePhys/Content/HUD/Crosshair.uasset" 50
"F:/Unreal Crap/Github/BSE-Killer-Round-19071/MoveSkatePhys/Content/HUD/Crosshair_hit.uasset" 51
"F:/Unreal Crap/Github/BSE-Killer-Round-19071/MoveSkatePhys/Content/HUD/PlayerHUDWidget.uasset" 52
"F:/Unreal Crap/Github/BSE-Killer-Round-19071/MoveSkatePhys/Content/HUD/PlayerHUD.uasset" 53
"F:/Unreal Crap/Github/BSE-Killer-Round-19071/MoveSkatePhys/Content/FirstPersonBP/Guns/GunVariables.uasset" 54
"../../../Engine/Content/Functions/Engine_MaterialFunctions01/Opacity/CameraDepthFade.uasset" 55
"../../../Engine/Content/EngineMaterials/T_Default_Material_Grid_M.uasset" 56
"../../../Engine/Content/EngineMaterials/T_Default_Material_Grid_N.uasset" 57
"../../../Engine/Content/EngineMaterials/WorldGridMaterial.uasset" 58
"F:/Unreal Crap/Github/BSE-Killer-Round-19071/MoveSkatePhys/Content/StarterContent/Props/MaterialSphere.uasset" 59
"F:/Unreal Crap/Github/BSE-Killer-Round-19071/MoveSkatePhys/Content/Blueprints/PlayerRoller.uasset" 60
"F:/Unreal Crap/Github/BSE-Killer-Round-19071/MoveSkatePhys/Content/AI/Enemy/FindPlayerLocation.uasset" 61
"F:/Unreal Crap/Github/BSE-Killer-Round-19071/MoveSkatePhys/Content/AI/Enemy/FindRandLocation.uasset" 62
"F:/Unreal Crap/Github/BSE-Killer-Round-19071/MoveSkatePhys/Content/AI/Enemy/Focus.uasset" 63
"F:/Unreal Crap/Github/BSE-Killer-Round-19071/MoveSkatePhys/Content/AI/Enemy/Shooting.uasset" 64
"F:/Unreal Crap/Github/BSE-Killer-Round-19071/MoveSkatePhys/Content/AI/Enemy/StopShooting.uasset" 65
"F:/Unreal Crap/Github/BSE-Killer-Round-19071/MoveSkatePhys/Content/AI/Enemy/PlayerContext.uasset" 66
"F:/Unreal Crap/Github/BSE-Killer-Round-19071/MoveSkatePhys/Content/AI/Enemy/FindPlayer.uasset" 67
"F:/Unreal Crap/Github/BSE-Killer-Round-19071/MoveSkatePhys/Content/AI/Enemy/Enemy_BT_1.uasset" 68
"F:/Unreal Crap/Github/BSE-Killer-Round-19071/MoveSkatePhys/Content/AI/Enemy/Enemy_Control_1.uasset" 69
"F:/Unreal Crap/Github/BSE-Killer-Round-19071/MoveSkatePhys/Content/Models/DiscLauncher/Disc_Launcher_02_PhysicsAsset.uasset" 70
"F:/Unreal Crap/Github/BSE-Killer-Round-19071/MoveSkatePhys/Content/Models/DiscLauncher/Disc_Launcher_02_Skeleton.uasset" 71
"F:/Unreal Crap/Github/BSE-Killer-Round-19071/MoveSkatePhys/Content/Models/DiscLauncher/Disc_Launcher_02.uasset" 72
"F:/Unreal Crap/Github/BSE-Killer-Round-19071/MoveSkatePhys/Content/FirstPersonBP/Guns/DiscLauncher_Gun.uasset" 73
"../../Plugins/Enterprise/DatasmithContent/Content/Materials/FBXImporter/VRED/VREDRepeatMode.uasset" 74
"../../../Engine/Content/Functions/Engine_MaterialFunctions02/WorldPositionOffset/LocalPosition.uasset" 75
"../../Plugins/Enterprise/DatasmithContent/Content/Materials/FBXImporter/VRED/PlanarMapping.uasset" 76
"../../../Engine/Content/Functions/Engine_MaterialFunctions01/Texturing/FlattenNormal.uasset" 77
"../../../Engine/Content/Functions/Engine_MaterialFunctions02/Utility/MakeFloat3.uasset" 78
"../../Plugins/Enterprise/DatasmithContent/Content/Materials/FBXImporter/VRED/ProcessNormal.uasset" 79
"../../../Engine/Content/Functions/Engine_MaterialFunctions02/Texturing/CustomRotator.uasset" 80
"../../../Engine/Content/Functions/Engine_MaterialFunctions02/Utility/MakeFloat2.uasset" 81
"../../../Engine/Content/Functions/Engine_MaterialFunctions02/Utility/VectorLength.uasset" 82
"../../../Engine/Content/Functions/Engine_MaterialFunctions02/WorldPositionOffset/ObjectScale.uasset" 83
"../../Plugins/Enterprise/DatasmithContent/Content/Materials/FBXImporter/VRED/TriplanarMapping.uasset" 84
"../../Plugins/Enterprise/DatasmithContent/Content/Materials/FBXImporter/VRED/UVMapping.uasset" 85
"../../Plugins/Enterprise/DatasmithContent/Content/Materials/FBXImporter/VRED/VREDTextureRead.uasset" 86
"../../../Engine/Content/Functions/Engine_MaterialFunctions01/Texturing/BakedDisplacement.uasset" 87
"../../../Engine/Content/Functions/Engine_MaterialFunctions02/Fresnel_Function.uasset" 88
"../../../Engine/Content/Functions/MaterialLayerFunctions/MatLayerBlend_Simple.uasset" 89
"../../Plugins/Enterprise/DatasmithContent/Content/Materials/FBXImporter/VRED/BrushedMetal.uasset" 90
"F:/Unreal Crap/Github/BSE-Killer-Round-19071/MoveSkatePhys/Content/Models/Robot/gun_Base_Color.uasset" 91
"F:/Unreal Crap/Github/BSE-Killer-Round-19071/MoveSkatePhys/Content/Models/Robot/gun_Normal.uasset" 92
"F:/Unreal Crap/Github/BSE-Killer-Round-19071/MoveSkatePhys/Content/Models/Robot/gun_blinn.uasset" 93
"F:/Unreal Crap/Github/BSE-Killer-Round-19071/MoveSkatePhys/Content/Models/Robot/flame_01.uasset" 94
"F:/Unreal Crap/Github/BSE-Killer-Round-19071/MoveSkatePhys/Content/Models/Robot/lambert2.uasset" 95
"F:/Unreal Crap/Github/BSE-Killer-Round-19071/MoveSkatePhys/Content/Models/Robot/marine_Diffuse.uasset" 96
"F:/Unreal Crap/Github/BSE-Killer-Round-19071/MoveSkatePhys/Content/Models/Robot/marine_Glossiness.uasset" 97
"F:/Unreal Crap/Github/BSE-Killer-Round-19071/MoveSkatePhys/Content/Models/Robot/marine_Normal.uasset" 98
"F:/Unreal Crap/Github/BSE-Killer-Round-19071/MoveSkatePhys/Content/Models/Robot/marine_blinn.uasset" 99
"F:/Unreal Crap/Github/BSE-Killer-Round-19071/MoveSkatePhys/Content/Models/Robot/sphere_blinn.uasset" 100
"F:/Unreal Crap/Github/BSE-Killer-Round-19071/MoveSkatePhys/Content/Models/Robot/Robot1b_PhysicsAsset.uasset" 101
"F:/Unreal Crap/Github/BSE-Killer-Round-19071/MoveSkatePhys/Content/Models/Robot/Robot1b_Skeleton.uasset" 102
"F:/Unreal Crap/Github/BSE-Killer-Round-19071/MoveSkatePhys/Content/Models/Robot/Robot1b.uasset" 103
"F:/Unreal Crap/Github/BSE-Killer-Round-19071/MoveSkatePhys/Content/AI/Enemy/Enemy_1.uasset" 104
"F:/Unreal Crap/Github/BSE-Killer-Round-19071/MoveSkatePhys/Content/Blueprints/ArenaDirectionalLight.uasset" 105
"../../../Engine/Content/BasicShapes/BasicShapeMaterial.uasset" 106
"F:/Unreal Crap/Github/BSE-Killer-Round-19071/MoveSkatePhys/Content/Materials/BoostPadMat.uasset" 107
"../../../Engine/Content/BasicShapes/Cube.uasset" 108
"F:/Unreal Crap/Github/BSE-Killer-Round-19071/MoveSkatePhys/Content/StarterContent/Materials/M_Basic_Wall.uasset" 109
"F:/Unreal Crap/Github/BSE-Killer-Round-19071/MoveSkatePhys/Content/StarterContent/Shapes/Shape_Plane.uasset" 110
"F:/Unreal Crap/Github/BSE-Killer-Round-19071/MoveSkatePhys/Content/Blueprints/BoostPad.uasset" 111
"F:/Unreal Crap/Github/BSE-Killer-Round-19071/MoveSkatePhys/Content/Materials/BouncePadMat.uasset" 112
"F:/Unreal Crap/Github/BSE-Killer-Round-19071/MoveSkatePhys/Content/Blueprints/BouncePad.uasset" 113
"F:/Unreal Crap/Github/BSE-Killer-Round-19071/MoveSkatePhys/Content/Materials/HealthOrbMat.uasset" 114
"../../Plugins/Enterprise/DatasmithContent/Content/Meshes/cylinder.uasset" 115
"../../../Engine/Content/EngineMaterials/DefaultMaterial.uasset" 116
"../../../Engine/Content/EngineMeshes/MaterialSphere.uasset" 117
"F:/Unreal Crap/Github/BSE-Killer-Round-19071/MoveSkatePhys/Content/Blueprints/HealthPickup.uasset" 118
"F:/Unreal Crap/Github/BSE-Killer-Round-19071/MoveSkatePhys/Content/StarterContent/Textures/T_MacroVariation.uasset" 119
"F:/Unreal Crap/Github/BSE-Killer-Round-19071/MoveSkatePhys/Content/StarterContent/Textures/T_Metal_Gold_D.uasset" 120
"F:/Unreal Crap/Github/BSE-Killer-Round-19071/MoveSkatePhys/Content/StarterContent/Textures/T_Metal_Gold_N.uasset" 121
"F:/Unreal Crap/Github/BSE-Killer-Round-19071/MoveSkatePhys/Content/StarterContent/Materials/M_Metal_Gold.uasset" 122
"../../../Engine/Content/Functions/Engine_MaterialFunctions02/Utility/BlendAngleCorrectedNormals.uasset" 123
"../../../Engine/Content/Functions/MaterialLayerFunctions/MatLayerBlend_NormalBlend.uasset" 124
"F:/Unreal Crap/Github/BSE-Killer-Round-19071/MoveSkatePhys/Content/FirstPerson/FPWeapon/Materials/MaterialLayers/T_ML_Rubber_Blue_01_D.uasset" 125
"F:/Unreal Crap/Github/BSE-Killer-Round-19071/MoveSkatePhys/Content/FirstPerson/FPWeapon/Materials/MaterialLayers/T_ML_Rubber_Blue_01_N.uasset" 126
"F:/Unreal Crap/Github/BSE-Killer-Round-19071/MoveSkatePhys/Content/FirstPerson/FPWeapon/Materials/MaterialLayers/ML_GlossyBlack_Latex_UE4.uasset" 127
"F:/Unreal Crap/Github/BSE-Killer-Round-19071/MoveSkatePhys/Content/FirstPerson/FPWeapon/Materials/MaterialLayers/ML_Plastic_Shiny_Beige.uasset" 128
"F:/Unreal Crap/Github/BSE-Killer-Round-19071/MoveSkatePhys/Content/FirstPerson/FPWeapon/Materials/MaterialLayers/ML_Screen.uasset" 129
"F:/Unreal Crap/Github/BSE-Killer-Round-19071/MoveSkatePhys/Content/FirstPerson/FPWeapon/Materials/MaterialLayers/T_ML_Aluminum01.uasset" 130
"F:/Unreal Crap/Github/BSE-Killer-Round-19071/MoveSkatePhys/Content/FirstPerson/FPWeapon/Materials/MaterialLayers/T_ML_Aluminum01_N.uasset" 131
"F:/Unreal Crap/Github/BSE-Killer-Round-19071/MoveSkatePhys/Content/FirstPerson/FPWeapon/Materials/MaterialLayers/ML_SoftMetal_UE4.uasset" 132
"F:/Unreal Crap/Github/BSE-Killer-Round-19071/MoveSkatePhys/Content/FirstPerson/FPWeapon/Textures/T_FPGun_M.uasset" 133
"F:/Unreal Crap/Github/BSE-Killer-Round-19071/MoveSkatePhys/Content/FirstPerson/FPWeapon/Textures/T_FPGun_N.uasset" 134
"F:/Unreal Crap/Github/BSE-Killer-Round-19071/MoveSkatePhys/Content/FirstPerson/FPWeapon/Materials/M_FPGun.uasset" 135
"F:/Unreal Crap/Github/BSE-Killer-Round-19071/MoveSkatePhys/Content/FirstPerson/FPWeapon/Mesh/SK_FPGun_Skeleton.uasset" 136
"F:/Unreal Crap/Github/BSE-Killer-Round-19071/MoveSkatePhys/Content/FirstPerson/FPWeapon/Mesh/SK_FPGun.uasset" 137
"F:/Unreal Crap/Github/BSE-Killer-Round-19071/MoveSkatePhys/Content/FirstPersonBP/Guns/GrenadeLauncher_Gun.uasset" 138
"F:/Unreal Crap/Github/BSE-Killer-Round-19071/MoveSkatePhys/Content/Blueprints/WeaponPickup.uasset" 139
"F:/Unreal Crap/Github/BSE-Killer-Round-19071/MoveSkatePhys/Content/Levels/Moon/lroc_color_poles_4k.uasset" 140
"F:/Unreal Crap/Github/BSE-Killer-Round-19071/MoveSkatePhys/Content/Levels/Moon/moon_normal.uasset" 141
"F:/Unreal Crap/Github/BSE-Killer-Round-19071/MoveSkatePhys/Content/Levels/Moon/MoonMat.uasset" 142
"F:/Unreal Crap/Github/BSE-Killer-Round-19071/MoveSkatePhys/Content/StarterContent/Textures/T_Tech_Hex_Tile_M.uasset" 143
"F:/Unreal Crap/Github/BSE-Killer-Round-19071/MoveSkatePhys/Content/Materials/ForcefieldCeiling.uasset" 144
"F:/Unreal Crap/Github/BSE-Killer-Round-19071/MoveSkatePhys/Content/StarterContent/Textures/T_Metal_Steel_D.uasset" 145
"F:/Unreal Crap/Github/BSE-Killer-Round-19071/MoveSkatePhys/Content/StarterContent/Textures/T_Metal_Steel_N.uasset" 146
"F:/Unreal Crap/Github/BSE-Killer-Round-19071/MoveSkatePhys/Content/Materials/PillarMaterial.uasset" 147
"F:/Unreal Crap/Github/BSE-Killer-Round-19071/MoveSkatePhys/Content/StarterContent/Textures/T_Perlin_Noise_M.uasset" 148
"F:/Unreal Crap/Github/BSE-Killer-Round-19071/MoveSkatePhys/Content/StarterContent/Textures/T_Rock_Slate_D.uasset" 149
"F:/Unreal Crap/Github/BSE-Killer-Round-19071/MoveSkatePhys/Content/StarterContent/Textures/T_Rock_Slate_N.uasset" 150
"F:/Unreal Crap/Github/BSE-Killer-Round-19071/MoveSkatePhys/Content/StarterContent/Materials/M_Rock_Slate.uasset" 151
"F:/Unreal Crap/Github/BSE-Killer-Round-19071/MoveSkatePhys/Content/Materials/Disint.uasset" 152
"F:/Unreal Crap/Github/BSE-Killer-Round-19071/MoveSkatePhys/Content/StarterContent/Textures/T_Detail_Rocky_N.uasset" 153
"F:/Unreal Crap/Github/BSE-Killer-Round-19071/MoveSkatePhys/Content/StarterContent/Textures/T_Fire_Tiled_D.uasset" 154
"F:/Unreal Crap/Github/BSE-Killer-Round-19071/MoveSkatePhys/Content/StarterContent/Textures/T_Rock_Basalt_D.uasset" 155
"F:/Unreal Crap/Github/BSE-Killer-Round-19071/MoveSkatePhys/Content/StarterContent/Textures/T_RockMesh_M.uasset" 156
"F:/Unreal Crap/Github/BSE-Killer-Round-19071/MoveSkatePhys/Content/StarterContent/Textures/T_RockMesh_N.uasset" 157
"F:/Unreal Crap/Github/BSE-Killer-Round-19071/MoveSkatePhys/Content/Materials/DissolvingRockBase.uasset" 158
"F:/Unreal Crap/Github/BSE-Killer-Round-19071/MoveSkatePhys/Content/Materials/DissolvingRock.uasset" 159
"F:/Unreal Crap/Github/BSE-Killer-Round-19071/MoveSkatePhys/Content/Levels/Divider/lambert3.uasset" 160
"F:/Unreal Crap/Github/BSE-Killer-Round-19071/MoveSkatePhys/Content/Levels/Divider/divider3.uasset" 161
"F:/Unreal Crap/Github/BSE-Killer-Round-19071/MoveSkatePhys/Content/Levels/ForestStuff/forest_floor.uasset" 162
"F:/Unreal Crap/Github/BSE-Killer-Round-19071/MoveSkatePhys/Content/Levels/ForestStuff/forestGroundTex.uasset" 163
"F:/Unreal Crap/Github/BSE-Killer-Round-19071/MoveSkatePhys/Content/Levels/ForestStuff/forest_ForestFloor.uasset" 164
"F:/Unreal Crap/Github/BSE-Killer-Round-19071/MoveSkatePhys/Content/Levels/ForestStuff/tree1_trunk.uasset" 165
"F:/Unreal Crap/Github/BSE-Killer-Round-19071/MoveSkatePhys/Content/Levels/ForestStuff/lambert5.uasset" 166
"F:/Unreal Crap/Github/BSE-Killer-Round-19071/MoveSkatePhys/Content/Levels/ForestStuff/tree1_hub.uasset" 167
"F:/Unreal Crap/Github/BSE-Killer-Round-19071/MoveSkatePhys/Content/Levels/ForestStuff/lambert6.uasset" 168
"F:/Unreal Crap/Github/BSE-Killer-Round-19071/MoveSkatePhys/Content/Levels/ForestStuff/tree1_branch.uasset" 169
"F:/Unreal Crap/Github/BSE-Killer-Round-19071/MoveSkatePhys/Content/Levels/ForestStuff/lambert7.uasset" 170
"F:/Unreal Crap/Github/BSE-Killer-Round-19071/MoveSkatePhys/Content/Levels/ForestStuff/tree1.uasset" 171
"F:/Unreal Crap/Github/BSE-Killer-Round-19071/MoveSkatePhys/Content/Levels/ForestStuff/tree3_trunk.uasset" 172
"F:/Unreal Crap/Github/BSE-Killer-Round-19071/MoveSkatePhys/Content/Levels/ForestStuff/lambert1.uasset" 173
"F:/Unreal Crap/Github/BSE-Killer-Round-19071/MoveSkatePhys/Content/Levels/ForestStuff/tree3_branch1.uasset" 174
"F:/Unreal Crap/Github/BSE-Killer-Round-19071/MoveSkatePhys/Content/Levels/ForestStuff/lambert12.uasset" 175
"F:/Unreal Crap/Github/BSE-Killer-Round-19071/MoveSkatePhys/Content/Levels/ForestStuff/tree3_branch2.uasset" 176
"F:/Unreal Crap/Github/BSE-Killer-Round-19071/MoveSkatePhys/Content/Levels/ForestStuff/lambert13.uasset" 177
"F:/Unreal Crap/Github/BSE-Killer-Round-19071/MoveSkatePhys/Content/Levels/ForestStuff/tree3_hub.uasset" 178
"F:/Unreal Crap/Github/BSE-Killer-Round-19071/MoveSkatePhys/Content/Levels/ForestStuff/lambert14.uasset" 179
"F:/Unreal Crap/Github/BSE-Killer-Round-19071/MoveSkatePhys/Content/Levels/ForestStuff/treeType3_.uasset" 180
"F:/Unreal Crap/Github/BSE-Killer-Round-19071/MoveSkatePhys/Content/Levels/ForestStuff/tree2_hub.uasset" 181
"F:/Unreal Crap/Github/BSE-Killer-Round-19071/MoveSkatePhys/Content/Levels/ForestStuff/lambert10.uasset" 182
"F:/Unreal Crap/Github/BSE-Killer-Round-19071/MoveSkatePhys/Content/Levels/ForestStuff/tree2_trunk.uasset" 183
"F:/Unreal Crap/Github/BSE-Killer-Round-19071/MoveSkatePhys/Content/Levels/ForestStuff/lambert11.uasset" 184
"F:/Unreal Crap/Github/BSE-Killer-Round-19071/MoveSkatePhys/Content/Levels/ForestStuff/tree2_branch1.uasset" 185
"F:/Unreal Crap/Github/BSE-Killer-Round-19071/MoveSkatePhys/Content/Levels/ForestStuff/lambert8.uasset" 186
"F:/Unreal Crap/Github/BSE-Killer-Round-19071/MoveSkatePhys/Content/Levels/ForestStuff/tree2_branch2.uasset" 187
"F:/Unreal Crap/Github/BSE-Killer-Round-19071/MoveSkatePhys/Content/Levels/ForestStuff/lambert9.uasset" 188
"F:/Unreal Crap/Github/BSE-Killer-Round-19071/MoveSkatePhys/Content/Levels/ForestStuff/type2_tree2.uasset" 189
"F:/Unreal Crap/Github/BSE-Killer-Round-19071/MoveSkatePhys/Content/Levels/LavaStuff/Lava_001_COLOR.uasset" 190
"F:/Unreal Crap/Github/BSE-Killer-Round-19071/MoveSkatePhys/Content/Levels/LavaStuff/Lava_001_DISP.uasset" 191
"F:/Unreal Crap/Github/BSE-Killer-Round-19071/MoveSkatePhys/Content/Levels/LavaStuff/lambert5.uasset" 192
"F:/Unreal Crap/Github/BSE-Killer-Round-19071/MoveSkatePhys/Content/Levels/LavaStuff/lava_dangerousLava.uasset" 193
"F:/Unreal Crap/Github/BSE-Killer-Round-19071/MoveSkatePhys/Content/Levels/LavaStuff/Rock_001_COLOR.uasset" 194
"F:/Unreal Crap/Github/BSE-Killer-Round-19071/MoveSkatePhys/Content/Levels/LavaStuff/lambert4.uasset" 195
"F:/Unreal Crap/Github/BSE-Killer-Round-19071/MoveSkatePhys/Content/Levels/LavaStuff/lava_safe_path.uasset" 196
"F:/Unreal Crap/Github/BSE-Killer-Round-19071/MoveSkatePhys/Content/Levels/Moon/Moon.uasset" 197
"F:/Unreal Crap/Github/BSE-Killer-Round-19071/MoveSkatePhys/Content/Levels/Moon/Pillar.uasset" 198
"F:/Unreal Crap/Github/BSE-Killer-Round-19071/MoveSkatePhys/Content/Levels/Sand/SandG_001.uasset" 199
"F:/Unreal Crap/Github/BSE-Killer-Round-19071/MoveSkatePhys/Content/Levels/Sand/SandG_001_b.uasset" 200
"F:/Unreal Crap/Github/BSE-Killer-Round-19071/MoveSkatePhys/Content/Levels/Sand/lambert4.uasset" 201
"F:/Unreal Crap/Github/BSE-Killer-Round-19071/MoveSkatePhys/Content/Levels/Sand/sand.uasset" 202
"F:/Unreal Crap/Github/BSE-Killer-Round-19071/MoveSkatePhys/Content/Levels/Snow/133290_header.uasset" 203
"F:/Unreal Crap/Github/BSE-Killer-Round-19071/MoveSkatePhys/Content/Levels/Snow/lambert4.uasset" 204
"F:/Unreal Crap/Github/BSE-Killer-Round-19071/MoveSkatePhys/Content/Levels/Snow/0006-snow-texture-seamless-hr.uasset" 205
"F:/Unreal Crap/Github/BSE-Killer-Round-19071/MoveSkatePhys/Content/Levels/Snow/lambert5.uasset" 206
"F:/Unreal Crap/Github/BSE-Killer-Round-19071/MoveSkatePhys/Content/Levels/Snow/snow.uasset" 207
"F:/Unreal Crap/Github/BSE-Killer-Round-19071/MoveSkatePhys/Content/Levels/TronStuff/Cyan1.uasset" 208
"F:/Unreal Crap/Github/BSE-Killer-Round-19071/MoveSkatePhys/Content/Levels/TronStuff/unnamed__1_.uasset" 209
"F:/Unreal Crap/Github/BSE-Killer-Round-19071/MoveSkatePhys/Content/Levels/TronStuff/Default1.uasset" 210
"F:/Unreal Crap/Github/BSE-Killer-Round-19071/MoveSkatePhys/Content/Levels/TronStuff/Green2.uasset" 211
"F:/Unreal Crap/Github/BSE-Killer-Round-19071/MoveSkatePhys/Content/Levels/TronStuff/speedArrows.uasset" 212
"F:/Unreal Crap/Github/BSE-Killer-Round-19071/MoveSkatePhys/Content/Levels/TronStuff/phong1.uasset" 213
"F:/Unreal Crap/Github/BSE-Killer-Round-19071/MoveSkatePhys/Content/Levels/TronStuff/pink1.uasset" 214
"F:/Unreal Crap/Github/BSE-Killer-Round-19071/MoveSkatePhys/Content/Levels/TronStuff/Tron_19_05_2020a_tron_MAIN_GEOMETRY.uasset" 215
"F:/Unreal Crap/Github/BSE-Killer-Round-19071/MoveSkatePhys/Content/Levels/TronStuff/Tron_object5.uasset" 216
"F:/Unreal Crap/Github/BSE-Killer-Round-19071/MoveSkatePhys/Content/Levels/TronStuff/Tron_object7.uasset" 217
"F:/Unreal Crap/Github/BSE-Killer-Round-19071/MoveSkatePhys/Content/StarterContent/Architecture/Wall_500x500.uasset" 218
"F:/Unreal Crap/Github/BSE-Killer-Round-19071/MoveSkatePhys/Content/LevelMeshes/LoadUnloadMesh.uasset" 219
"F:/Unreal Crap/Github/BSE-Killer-Round-19071/MoveSkatePhys/Content/LoadUnloadMesh.uasset" 220
"F:/Unreal Crap/Github/BSE-Killer-Round-19071/MoveSkatePhys/Content/StaticMesh.uasset" 221
"F:/Unreal Crap/Github/BSE-Killer-Round-19071/MoveSkatePhys/Content/Blueprints/ArenaTriggers.uasset" 222
"F:/Unreal Crap/Github/BSE-Killer-Round-19071/MoveSkatePhys/Content/Blueprints/EnemySpawner.uasset" 223
"F:/Unreal Crap/Github/BSE-Killer-Round-19071/MoveSkatePhys/Content/Blueprints/Roller2.uasset" 224
"F:/Unreal Crap/Github/BSE-Killer-Round-19071/MoveSkatePhys/Content/Blueprints/RollerGameMode.uasset" 225
"F:/Unreal Crap/Github/BSE-Killer-Round-19071/MoveSkatePhys/Content/FirstPerson/Animations/GlockFire_Anim.uasset" 226
"F:/Unreal Crap/Github/BSE-Killer-Round-19071/MoveSkatePhys/Content/FirstPersonBP/Guns/GlockModel_Anims/Glock_Reload_anim.uasset" 227
"F:/Unreal Crap/Github/BSE-Killer-Round-19071/MoveSkatePhys/Content/FirstPerson/Animations/GlockReload_Anim.uasset" 228
"F:/Unreal Crap/Github/BSE-Killer-Round-19071/MoveSkatePhys/Content/FirstPerson/Audio/FirstPersonTemplateWeaponFire02.uasset" 229
"F:/Unreal Crap/Github/BSE-Killer-Round-19071/MoveSkatePhys/Content/FirstPerson/FPWeapon/Materials/MaterialLayers/ML_Plastic_Shiny_Beige_LOGO.uasset" 230
"F:/Unreal Crap/Github/BSE-Killer-Round-19071/MoveSkatePhys/Content/FirstPerson/FPWeapon/Materials/MaterialLayers/T_ML_FineRubber.uasset" 231
"F:/Unreal Crap/Github/BSE-Killer-Round-19071/MoveSkatePhys/Content/FirstPerson/FPWeapon/Mesh/SK_FPGun_PhysicsAsset.uasset" 232
"F:/Unreal Crap/Github/BSE-Killer-Round-19071/MoveSkatePhys/Content/FirstPerson/Meshes/CubeMaterialOverride.uasset" 233
"F:/Unreal Crap/Github/BSE-Killer-Round-19071/MoveSkatePhys/Content/FirstPersonBP/Guns/AssualtRifle_Gun.uasset" 234
"F:/Unreal Crap/Github/BSE-Killer-Round-19071/MoveSkatePhys/Content/FirstPersonBP/Guns/HandCannon_Gun.uasset" 235
"F:/Unreal Crap/Github/BSE-Killer-Round-19071/MoveSkatePhys/Content/FirstPersonBP/Guns/SemiAutoGun.uasset" 236
"F:/Unreal Crap/Github/BSE-Killer-Round-19071/MoveSkatePhys/Content/FirstPersonBP/Guns/FutureGunsModels/ShotGun01a_PhysicsAsset.uasset" 237
"F:/Unreal Crap/Github/BSE-Killer-Round-19071/MoveSkatePhys/Content/FirstPersonBP/Guns/FutureGunsModels/ShotGun01a_Skeleton.uasset" 238
"F:/Unreal Crap/Github/BSE-Killer-Round-19071/MoveSkatePhys/Content/FirstPersonBP/Guns/FutureGunsModels/ShotGun01a.uasset" 239
"F:/Unreal Crap/Github/BSE-Killer-Round-19071/MoveSkatePhys/Content/FirstPersonBP/Guns/Shotgun_Gun.uasset" 240
"F:/Unreal Crap/Github/BSE-Killer-Round-19071/MoveSkatePhys/Content/FirstPersonBP/Guns/FutureGunsModels/FutureGun01a_Anim.uasset" 241
"F:/Unreal Crap/Github/BSE-Killer-Round-19071/MoveSkatePhys/Content/FirstPersonBP/Guns/FutureGunsModels/initialShadingGroup1.uasset" 242
"F:/Unreal Crap/Github/BSE-Killer-Round-19071/MoveSkatePhys/Content/FirstPersonBP/Guns/FutureGunsModels/lambert2.uasset" 243
"F:/Unreal Crap/Github/BSE-Killer-Round-19071/MoveSkatePhys/Content/FirstPersonBP/Guns/FutureGunsModels/ShotGun01a_Anim.uasset" 244
"F:/Unreal Crap/Github/BSE-Killer-Round-19071/MoveSkatePhys/Content/FirstPersonBP/Guns/GlockModel_Anims/blinn2.uasset" 245
"F:/Unreal Crap/Github/BSE-Killer-Round-19071/MoveSkatePhys/Content/FirstPersonBP/Guns/GlockModel_Anims/Glock_mesh.uasset" 246
"F:/Unreal Crap/Github/BSE-Killer-Round-19071/MoveSkatePhys/Content/FirstPersonBP/Guns/GlockModel_Anims/Glock_Reload.uasset" 247
"F:/Unreal Crap/Github/BSE-Killer-Round-19071/MoveSkatePhys/Content/FirstPersonBP/Sounds/WeaponEffects/RevolverFireSFX.uasset" 248
"F:/Unreal Crap/Github/BSE-Killer-Round-19071/MoveSkatePhys/Content/Levels/Moon/C1.uasset" 249
"F:/Unreal Crap/Github/BSE-Killer-Round-19071/MoveSkatePhys/Content/Levels/BaseLevel/C1.uasset" 250
"F:/Unreal Crap/Github/BSE-Killer-Round-19071/MoveSkatePhys/Content/Levels/ForestStuff/tree2.uasset" 251
"F:/Unreal Crap/Github/BSE-Killer-Round-19071/MoveSkatePhys/Content/Levels/ForestStuff/tree3.uasset" 252
"F:/Unreal Crap/Github/BSE-Killer-Round-19071/MoveSkatePhys/Content/Levels/TronStuff/Tron_19_05_2020a_object1.uasset" 253
"F:/Unreal Crap/Github/BSE-Killer-Round-19071/MoveSkatePhys/Content/Levels/TronStuff/Green1.uasset" 254
"F:/Unreal Crap/Github/BSE-Killer-Round-19071/MoveSkatePhys/Content/Levels/TronStuff/Tron_tron_bounce.uasset" 255
"F:/Unreal Crap/Github/BSE-Killer-Round-19071/MoveSkatePhys/Content/Levels/TronStuff/Tron_tron_bounce1.uasset" 256
"F:/Unreal Crap/Github/BSE-Killer-Round-19071/MoveSkatePhys/Content/Levels/TronStuff/Tron_tron_bounce10.uasset" 257
"F:/Unreal Crap/Github/BSE-Killer-Round-19071/MoveSkatePhys/Content/Levels/TronStuff/Tron_tron_bounce11.uasset" 258
"F:/Unreal Crap/Github/BSE-Killer-Round-19071/MoveSkatePhys/Content/Levels/TronStuff/Tron_tron_bounce2.uasset" 259
"F:/Unreal Crap/Github/BSE-Killer-Round-19071/MoveSkatePhys/Content/Levels/TronStuff/Tron_tron_bounce3.uasset" 260
"F:/Unreal Crap/Github/BSE-Killer-Round-19071/MoveSkatePhys/Content/Levels/TronStuff/Tron_tron_bounce4.uasset" 261
"F:/Unreal Crap/Github/BSE-Killer-Round-19071/MoveSkatePhys/Content/Levels/TronStuff/Tron_tron_bounce5.uasset" 262
"F:/Unreal Crap/Github/BSE-Killer-Round-19071/MoveSkatePhys/Content/Levels/TronStuff/Tron_tron_bounce6.uasset" 263
"F:/Unreal Crap/Github/BSE-Killer-Round-19071/MoveSkatePhys/Content/Levels/TronStuff/Tron_tron_bounce7.uasset" 264
"F:/Unreal Crap/Github/BSE-Killer-Round-19071/MoveSkatePhys/Content/Levels/TronStuff/Tron_tron_bounce8.uasset" 265
"F:/Unreal Crap/Github/BSE-Killer-Round-19071/MoveSkatePhys/Content/Levels/TronStuff/Tron_tron_bounce9.uasset" 266
"F:/Unreal Crap/Github/BSE-Killer-Round-19071/MoveSkatePhys/Content/Levels/TronStuff/Tron_tron_speed.uasset" 267
"F:/Unreal Crap/Github/BSE-Killer-Round-19071/MoveSkatePhys/Content/Levels/TronStuff/Tron_tron_speed1.uasset" 268
"F:/Unreal Crap/Github/BSE-Killer-Round-19071/MoveSkatePhys/Content/Levels/TronStuff/Tron_tron_speed2.uasset" 269
"F:/Unreal Crap/Github/BSE-Killer-Round-19071/MoveSkatePhys/Content/Levels/TronStuff/Tron_tron_speed3.uasset" 270
"F:/Unreal Crap/Github/BSE-Killer-Round-19071/MoveSkatePhys/Content/Levels/TronStuff/Tron_tron_speed4.uasset" 271
"F:/Unreal Crap/Github/BSE-Killer-Round-19071/MoveSkatePhys/Content/Levels/TronStuff/Tron_tron_speed5.uasset" 272
"F:/Unreal Crap/Github/BSE-Killer-Round-19071/MoveSkatePhys/Content/Materials/FresnelCloud.uasset" 273
"F:/Unreal Crap/Github/BSE-Killer-Round-19071/MoveSkatePhys/Content/Materials/PillarHUDMat.uasset" 274
"F:/Unreal Crap/Github/BSE-Killer-Round-19071/MoveSkatePhys/Content/Models/Robot/Glow.uasset" 275
"F:/Unreal Crap/Github/BSE-Killer-Round-19071/MoveSkatePhys/Content/Models/Robot/Metal_01.uasset" 276
"F:/Unreal Crap/Github/BSE-Killer-Round-19071/MoveSkatePhys/Content/Models/Robot/exhaust/flame_01.uasset" 277
"F:/Unreal Crap/Github/BSE-Killer-Round-19071/MoveSkatePhys/Content/Models/Robot/exhaust/flame_02.uasset" 278
"F:/Unreal Crap/Github/BSE-Killer-Round-19071/MoveSkatePhys/Content/Models/Robot/exhaust/flame_03.uasset" 279
"F:/Unreal Crap/Github/BSE-Killer-Round-19071/MoveSkatePhys/Content/Models/Robot/exhaust/flame_04.uasset" 280
"F:/Unreal Crap/Github/BSE-Killer-Round-19071/MoveSkatePhys/Content/Models/Robot/exhaust/flame_05.uasset" 281
"F:/Unreal Crap/Github/BSE-Killer-Round-19071/MoveSkatePhys/Content/Models/Robot/texture/gun_Base_Color.uasset" 282
"F:/Unreal Crap/Github/BSE-Killer-Round-19071/MoveSkatePhys/Content/Models/Robot/texture/gun_Height.uasset" 283
"F:/Unreal Crap/Github/BSE-Killer-Round-19071/MoveSkatePhys/Content/Models/Robot/texture/gun_Metallic.uasset" 284
"F:/Unreal Crap/Github/BSE-Killer-Round-19071/MoveSkatePhys/Content/Models/Robot/texture/gun_Mixed_AO.uasset" 285
"F:/Unreal Crap/Github/BSE-Killer-Round-19071/MoveSkatePhys/Content/Models/Robot/texture/gun_Normal.uasset" 286
"F:/Unreal Crap/Github/BSE-Killer-Round-19071/MoveSkatePhys/Content/Models/Robot/texture/gun_Normal_DirectX.uasset" 287
"F:/Unreal Crap/Github/BSE-Killer-Round-19071/MoveSkatePhys/Content/Models/Robot/texture/gun_Roughness.uasset" 288
"F:/Unreal Crap/Github/BSE-Killer-Round-19071/MoveSkatePhys/Content/Models/Robot/texture/marine_Diffuse.uasset" 289
"F:/Unreal Crap/Github/BSE-Killer-Round-19071/MoveSkatePhys/Content/Models/Robot/texture/marine_f0.uasset" 290
"F:/Unreal Crap/Github/BSE-Killer-Round-19071/MoveSkatePhys/Content/Models/Robot/texture/marine_Glossiness.uasset" 291
"F:/Unreal Crap/Github/BSE-Killer-Round-19071/MoveSkatePhys/Content/Models/Robot/texture/marine_Height.uasset" 292
"F:/Unreal Crap/Github/BSE-Killer-Round-19071/MoveSkatePhys/Content/Models/Robot/texture/marine_Normal.uasset" 293
"F:/Unreal Crap/Github/BSE-Killer-Round-19071/MoveSkatePhys/Content/Models/Robot/texture/marine_Reflection.uasset" 294
"F:/Unreal Crap/Github/BSE-Killer-Round-19071/MoveSkatePhys/Content/StarterContent/Architecture/Pillar_50x500.uasset" 295
"F:/Unreal Crap/Github/BSE-Killer-Round-19071/MoveSkatePhys/Content/StarterContent/Architecture/Wall_400x300.uasset" 296
"F:/Unreal Crap/Github/BSE-Killer-Round-19071/MoveSkatePhys/Content/StarterContent/Architecture/Wall_400x400.uasset" 297
"F:/Unreal Crap/Github/BSE-Killer-Round-19071/MoveSkatePhys/Content/StarterContent/Architecture/Wall_Door_400x400.uasset" 298
"F:/Unreal Crap/Github/BSE-Killer-Round-19071/MoveSkatePhys/Content/StarterContent/Architecture/Wall_Window_400x400.uasset" 299
"F:/Unreal Crap/Github/BSE-Killer-Round-19071/MoveSkatePhys/Content/StarterContent/Audio/Collapse01.uasset" 300
"F:/Unreal Crap/Github/BSE-Killer-Round-19071/MoveSkatePhys/Content/StarterContent/Audio/Collapse02.uasset" 301
"F:/Unreal Crap/Github/BSE-Killer-Round-19071/MoveSkatePhys/Content/StarterContent/Audio/Explosion01.uasset" 302
"F:/Unreal Crap/Github/BSE-Killer-Round-19071/MoveSkatePhys/Content/StarterContent/Audio/Explosion02.uasset" 303
"F:/Unreal Crap/Github/BSE-Killer-Round-19071/MoveSkatePhys/Content/StarterContent/Audio/Fire01.uasset" 304
"F:/Unreal Crap/Github/BSE-Killer-Round-19071/MoveSkatePhys/Content/StarterContent/Audio/Fire_Sparks01.uasset" 305
"F:/Unreal Crap/Github/BSE-Killer-Round-19071/MoveSkatePhys/Content/StarterContent/Audio/Light01.uasset" 306
"F:/Unreal Crap/Github/BSE-Killer-Round-19071/MoveSkatePhys/Content/StarterContent/Audio/Light01_Cue.uasset" 307
"F:/Unreal Crap/Github/BSE-Killer-Round-19071/MoveSkatePhys/Content/StarterContent/Audio/Light02.uasset" 308
"F:/Unreal Crap/Github/BSE-Killer-Round-19071/MoveSkatePhys/Content/StarterContent/Audio/Light02_Cue.uasset" 309
"F:/Unreal Crap/Github/BSE-Killer-Round-19071/MoveSkatePhys/Content/StarterContent/Audio/Smoke01.uasset" 310
"F:/Unreal Crap/Github/BSE-Killer-Round-19071/MoveSkatePhys/Content/StarterContent/Audio/Starter_Birds01.uasset" 311
"F:/Unreal Crap/Github/BSE-Killer-Round-19071/MoveSkatePhys/Content/StarterContent/Audio/Starter_Music01.uasset" 312
"F:/Unreal Crap/Github/BSE-Killer-Round-19071/MoveSkatePhys/Content/StarterContent/Audio/Starter_Wind05.uasset" 313
"F:/Unreal Crap/Github/BSE-Killer-Round-19071/MoveSkatePhys/Content/StarterContent/Audio/Starter_Wind06.uasset" 314
"F:/Unreal Crap/Github/BSE-Killer-Round-19071/MoveSkatePhys/Content/StarterContent/Audio/Steam01.uasset" 315
"F:/Unreal Crap/Github/BSE-Killer-Round-19071/MoveSkatePhys/Content/StarterContent/Audio/Explosion_Cue.uasset" 316
"F:/Unreal Crap/Github/BSE-Killer-Round-19071/MoveSkatePhys/Content/StarterContent/Blueprints/Blueprint_Effect_Explosion.uasset" 317
"../../../Engine/Content/EditorMeshes/ColorCalibrator/T_ColorGrid.uasset" 318
"F:/Unreal Crap/Github/BSE-Killer-Round-19071/MoveSkatePhys/Content/StarterContent/Materials/M_ColorGrid_LowSpec.uasset" 319
"F:/Unreal Crap/Github/BSE-Killer-Round-19071/MoveSkatePhys/Content/StarterContent/Textures/T_Bush_D.uasset" 320
"F:/Unreal Crap/Github/BSE-Killer-Round-19071/MoveSkatePhys/Content/StarterContent/Textures/T_Bush_N.uasset" 321
"F:/Unreal Crap/Github/BSE-Killer-Round-19071/MoveSkatePhys/Content/StarterContent/Props/Materials/M_Bush.uasset" 322
"F:/Unreal Crap/Github/BSE-Killer-Round-19071/MoveSkatePhys/Content/StarterContent/Props/SM_Bush.uasset" 323
"F:/Unreal Crap/Github/BSE-Killer-Round-19071/MoveSkatePhys/Content/StarterContent/Textures/T_Chair_M.uasset" 324
"F:/Unreal Crap/Github/BSE-Killer-Round-19071/MoveSkatePhys/Content/StarterContent/Textures/T_Chair_N.uasset" 325
"F:/Unreal Crap/Github/BSE-Killer-Round-19071/MoveSkatePhys/Content/StarterContent/Props/Materials/M_Chair.uasset" 326
"F:/Unreal Crap/Github/BSE-Killer-Round-19071/MoveSkatePhys/Content/StarterContent/Props/SM_Couch.uasset" 327
"F:/Unreal Crap/Github/BSE-Killer-Round-19071/MoveSkatePhys/Content/StarterContent/Materials/M_Glass.uasset" 328
"F:/Unreal Crap/Github/BSE-Killer-Round-19071/MoveSkatePhys/Content/StarterContent/Textures/T_Door_M.uasset" 329
"F:/Unreal Crap/Github/BSE-Killer-Round-19071/MoveSkatePhys/Content/StarterContent/Textures/T_Door_N.uasset" 330
"F:/Unreal Crap/Github/BSE-Killer-Round-19071/MoveSkatePhys/Content/StarterContent/Props/Materials/M_Door.uasset" 331
"F:/Unreal Crap/Github/BSE-Killer-Round-19071/MoveSkatePhys/Content/StarterContent/Props/SM_Door.uasset" 332
"F:/Unreal Crap/Github/BSE-Killer-Round-19071/MoveSkatePhys/Content/StarterContent/Props/Materials/M_MaterialSphere.uasset" 333
"F:/Unreal Crap/Github/BSE-Killer-Round-19071/MoveSkatePhys/Content/StarterContent/Props/Materials/M_MaterialSphere_Plain.uasset" 334
"F:/Unreal Crap/Github/BSE-Killer-Round-19071/MoveSkatePhys/Content/StarterContent/Props/SM_MatPreviewMesh_02.uasset" 335
"F:/Unreal Crap/Github/BSE-Killer-Round-19071/MoveSkatePhys/Content/StarterContent/Props/Materials/M_Rock.uasset" 336
"F:/Unreal Crap/Github/BSE-Killer-Round-19071/MoveSkatePhys/Content/StarterContent/Props/SM_Rock.uasset" 337
"F:/Unreal Crap/Github/BSE-Killer-Round-19071/MoveSkatePhys/Content/StarterContent/Textures/T_Shelf_M.uasset" 338
"F:/Unreal Crap/Github/BSE-Killer-Round-19071/MoveSkatePhys/Content/StarterContent/Textures/T_Shelf_N.uasset" 339
"F:/Unreal Crap/Github/BSE-Killer-Round-19071/MoveSkatePhys/Content/StarterContent/Props/Materials/M_Shelf.uasset" 340
"F:/Unreal Crap/Github/BSE-Killer-Round-19071/MoveSkatePhys/Content/StarterContent/Props/SM_Shelf.uasset" 341
"F:/Unreal Crap/Github/BSE-Killer-Round-19071/MoveSkatePhys/Content/StarterContent/Materials/M_Basic_Floor.uasset" 342
"F:/Unreal Crap/Github/BSE-Killer-Round-19071/MoveSkatePhys/Content/StarterContent/Props/SM_Stairs.uasset" 343
"F:/Unreal Crap/Github/BSE-Killer-Round-19071/MoveSkatePhys/Content/StarterContent/Shapes/Shape_Cone.uasset" 344
"F:/Unreal Crap/Github/BSE-Killer-Round-19071/MoveSkatePhys/Content/StarterContent/Shapes/Shape_Cylinder.uasset" 345
"F:/Unreal Crap/Github/BSE-Killer-Round-19071/MoveSkatePhys/Content/StarterContent/Shapes/Shape_NarrowCapsule.uasset" 346
"F:/Unreal Crap/Github/BSE-Killer-Round-19071/MoveSkatePhys/Content/StarterContent/Shapes/Shape_Pipe.uasset" 347
"F:/Unreal Crap/Github/BSE-Killer-Round-19071/MoveSkatePhys/Content/StarterContent/Shapes/Shape_Pipe_180.uasset" 348
"F:/Unreal Crap/Github/BSE-Killer-Round-19071/MoveSkatePhys/Content/StarterContent/Shapes/Shape_Pipe_90.uasset" 349
"F:/Unreal Crap/Github/BSE-Killer-Round-19071/MoveSkatePhys/Content/StarterContent/Shapes/Shape_Torus.uasset" 350
"F:/Unreal Crap/Github/BSE-Killer-Round-19071/MoveSkatePhys/Content/StarterContent/Shapes/Shape_Trim.uasset" 351
"F:/Unreal Crap/Github/BSE-Killer-Round-19071/MoveSkatePhys/Content/StarterContent/Shapes/Shape_Trim_90_In.uasset" 352
"F:/Unreal Crap/Github/BSE-Killer-Round-19071/MoveSkatePhys/Content/StarterContent/Shapes/Shape_Trim_90_Out.uasset" 353
"F:/Unreal Crap/Github/BSE-Killer-Round-19071/MoveSkatePhys/Content/StarterContent/Shapes/Shape_TriPyramid.uasset" 354
"F:/Unreal Crap/Github/BSE-Killer-Round-19071/MoveSkatePhys/Content/StarterContent/Shapes/Shape_Tube.uasset" 355
"F:/Unreal Crap/Github/BSE-Killer-Round-19071/MoveSkatePhys/Content/StarterContent/Shapes/Shape_Wedge_A.uasset" 356
"F:/Unreal Crap/Github/BSE-Killer-Round-19071/MoveSkatePhys/Content/StarterContent/Shapes/Shape_Wedge_B.uasset" 357
"F:/Unreal Crap/Github/BSE-Killer-Round-19071/MoveSkatePhys/Content/StarterContent/Shapes/Shape_WideCapsule.uasset" 358
"../../../Engine/Content/Animation/DefaultAnimCurveCompressionSettings.uasset" 359
"../../../Engine/Content/ArtTools/RenderToTexture/Meshes/S_1_Unit_Plane.uasset" 360
"../../../Engine/Content/BasicShapes/Cone.uasset" 361
"../../../Engine/Content/BasicShapes/Cylinder.uasset" 362
"../../../Engine/Content/BasicShapes/Plane.uasset" 363
"../../../Engine/Content/BasicShapes/Sphere.uasset" 364
"../../../Engine/Content/EditorLandscapeResources/DataLayer.uasset" 365
"../../../Engine/Content/EditorMaterials/MAT_Groups_Toggle.uasset" 366
"../../../Engine/Content/EditorMaterials/MAT_Groups_Visibility.uasset" 367
"../../../Engine/Content/EditorMaterials/PreviewShadowIndicator.uasset" 368
"../../../Engine/Content/EditorMaterials/PreviewShadowIndicatorMaterial.uasset" 369
"../../../Engine/Content/EditorMaterials/MatineeGroups/MAT_ColorTrack.uasset" 370
"../../../Engine/Content/EditorMaterials/MatineeGroups/MAT_Groups_Anim.uasset" 371
"../../../Engine/Content/EditorMaterials/MatineeGroups/MAT_Groups_AudioMaster.uasset" 372
"../../../Engine/Content/EditorMaterials/MatineeGroups/MAT_Groups_Director.uasset" 373
"../../../Engine/Content/EditorMaterials/MatineeGroups/MAT_Groups_Event.uasset" 374
"../../../Engine/Content/EditorMaterials/MatineeGroups/MAT_Groups_Fade.uasset" 375
"../../../Engine/Content/EditorMaterials/MatineeGroups/MAT_Groups_Float.uasset" 376
"../../../Engine/Content/EditorMaterials/MatineeGroups/MAT_Groups_Move.uasset" 377
"../../../Engine/Content/EditorMaterials/MatineeGroups/MAT_Groups_Slomo.uasset" 378
"../../../Engine/Content/EditorMaterials/MatineeGroups/MAT_Groups_Sound.uasset" 379
"../../../Engine/Content/EditorMaterials/MatineeGroups/MAT_Groups_Vector.uasset" 380
"../../../Engine/Content/EditorMaterials/ParticleSystems/PSysThumbnail_NoImage.uasset" 381
"../../../Engine/Content/EditorMaterials/ParticleSystems/PSysThumbnail_OOD.uasset" 382
"../../../Engine/Content/EditorMaterials/Camera/CineMat.uasset" 383
"../../../Engine/Content/EditorMaterials/Camera/MI_CineMat_Rig.uasset" 384
"../../../Engine/Content/EditorMeshes/Camera/SM_CraneRig_Arm.uasset" 385
"../../../Engine/Content/EditorMeshes/Camera/SM_CraneRig_Base.uasset" 386
"../../../Engine/Content/EditorMeshes/Camera/SM_CraneRig_Body.uasset" 387
"../../../Engine/Content/EditorMeshes/Camera/SM_CraneRig_Mount.uasset" 388
"../../../Engine/Content/EditorMeshes/Camera/SM_RailRig_Mount.uasset" 389
"../../../Engine/Content/EditorMeshes/Camera/SM_RailRig_Track.uasset" 390
"../../../Engine/Content/EditorResources/BSPVertex.uasset" 391
"../../../Engine/Content/EditorResources/EmptyActor.uasset" 392
"../../../Engine/Content/EditorResources/S_Actor.uasset" 393
"../../../Engine/Content/EditorResources/S_Note.uasset" 394
"../../../Engine/Content/EditorResources/S_Solver.uasset" 395
"../../../Engine/Content/EditorResources/S_Trigger.uasset" 396
"../../../Engine/Content/EditorResources/AudioIcons/S_AudioComponent.uasset" 397
"../../../Engine/Content/EditorResources/AudioIcons/S_AudioComponent_AutoActivate.uasset" 398
"../../../Engine/Content/EditorResources/LightIcons/S_LightError.uasset" 399
"../../../Engine/Content/EditorResources/SequenceRecorder/Countdown.uasset" 400
"../../../Engine/Content/EditorResources/SequenceRecorder/RecordingIndicator.uasset" 401
"../../../Engine/Content/EditorSounds/Notifications/CompileFailed.uasset" 402
"../../../Engine/Content/EditorSounds/Notifications/CompileFailed_Cue.uasset" 403
"../../../Engine/Content/EditorSounds/Notifications/CompileSuccess.uasset" 404
"../../../Engine/Content/EditorSounds/Notifications/CompileStart_Cue.uasset" 405
"../../../Engine/Content/EditorSounds/Notifications/CompileSuccess_Cue.uasset" 406
"../../../Engine/Content/EngineDamageTypes/DmgTypeBP_Environmental.uasset" 407
"../../../Engine/Content/EngineDebugMaterials/DebugEditorMaterial.uasset" 408
"../../../Engine/Content/EngineDebugMaterials/DebugMeshMaterial.uasset" 409
"../../../Engine/Content/EngineDebugMaterials/M_SimpleTranslucent.uasset" 410
"../../../Engine/Content/Functions/Engine_MaterialFunctions02/Utility/CameraDirectionVector.uasset" 411
"../../../Engine/Content/EngineDebugMaterials/VolumeToRender.uasset" 412
"../../../Engine/Content/EngineDebugMaterials/M_VolumeRenderSphereTracePP.uasset" 413
"../../../Engine/Content/EngineDebugMaterials/WireframeMaterial.uasset" 414
"../../../Engine/Content/EngineFonts/Faces/DroidSansFallback.uasset" 415
"../../../Engine/Content/EngineFonts/Faces/RobotoBold.uasset" 416
"../../../Engine/Content/EngineFonts/Faces/RobotoBoldItalic.uasset" 417
"../../../Engine/Content/EngineFonts/Faces/RobotoItalic.uasset" 418
"../../../Engine/Content/EngineFonts/Faces/RobotoLight.uasset" 419
"../../../Engine/Content/EngineFonts/Faces/RobotoRegular.uasset" 420
"../../../Engine/Content/EngineFonts/Roboto.uasset" 421
"../../../Engine/Content/EngineMaterials/BaseFlattenDiffuseMap.uasset" 422
"../../../Engine/Content/EngineMaterials/BaseFlattenEmissiveMap.uasset" 423
"../../../Engine/Content/EngineMaterials/BaseFlattenGrayscaleMap.uasset" 424
"../../../Engine/Content/EngineMaterials/BaseFlattenNormalMap.uasset" 425
"../../../Engine/Content/EngineMaterials/BaseFlattenMaterial.uasset" 426
"../../../Engine/Content/EngineMaterials/BlueNoise.uasset" 427
"../../../Engine/Content/EngineMaterials/DefaultBloomKernel.uasset" 428
"../../../Engine/Content/EngineMaterials/DefaultBokeh.uasset" 429
"../../../Engine/Content/EngineMaterials/DefaultDiffuse.uasset" 430
"../../../Engine/Content/EngineMaterials/DefaultDeferredDecalMaterial.uasset" 431
"../../../Engine/Content/EngineMaterials/DefaultLightFunctionMaterial.uasset" 432
"../../../Engine/Content/EngineMaterials/DefaultPhysicalMaterial.uasset" 433
"../../../Engine/Content/Functions/Engine_MaterialFunctions02/Utility/BreakOutFloat2Components.uasset" 434
"../../../Engine/Content/EngineMaterials/DefaultPostProcessMaterial.uasset" 435
"../../../Engine/Content/EngineFonts/RobotoDistanceField.uasset" 436
"../../../Engine/Content/EngineMaterials/DefaultTextMaterialOpaque.uasset" 437
"../../../Engine/Content/EngineMaterials/DefaultVirtualTextureMaterial.uasset" 438
"../../../Engine/Content/EngineMaterials/DefaultWhiteGrid.uasset" 439
"../../../Engine/Content/EngineMaterials/DefaultWhiteGrid_Low.uasset" 440
"../../../Engine/Content/EngineMaterials/EmissiveMeshMaterial.uasset" 441
"../../../Engine/Content/EngineMaterials/GizmoMaterial.uasset" 442
"../../../Engine/Content/EngineMaterials/Good64x64TilingNoiseHighFreq.uasset" 443
"../../../Engine/Content/EngineMaterials/HairDefaultMaterial.uasset" 444
"../../../Engine/Content/EngineMaterials/MiniFont.uasset" 445
"../../../Engine/Content/EngineMaterials/InvalidLightmapSettings.uasset" 446
"../../../Engine/Content/EngineMaterials/M_InvalidLightmapSettings.uasset" 447
"../../../Engine/Content/Functions/Engine_MaterialFunctions02/WorldPositionOffset/CameraOffset.uasset" 448
"../../../Engine/Content/EngineMaterials/PhAT_JointLimitMaterial.uasset" 449
"../../../Engine/Content/EngineMaterials/PreintegratedSkinBRDF.uasset" 450
"../../../Engine/Content/EngineMaterials/RemoveSurfaceMaterial.uasset" 451
"../../../Engine/Content/EngineMaterials/WeightMapPlaceholderTexture.uasset" 452
"../../../Engine/Content/EngineResources/WhiteSquareTexture.uasset" 453
"../../../Engine/Content/EngineMaterials/Widget3DPassThrough.uasset" 454
"../../../Engine/Content/EngineMaterials/Widget3DPassThrough_Masked.uasset" 455
"../../../Engine/Content/EngineMaterials/Widget3DPassThrough_Opaque.uasset" 456
"../../../Engine/Content/EngineMaterials/Widget3DPassThrough_Masked_OneSided.uasset" 457
"../../../Engine/Content/EngineMaterials/Widget3DPassThrough_Opaque_OneSided.uasset" 458
"../../../Engine/Content/EngineMaterials/Widget3DPassThrough_Translucent.uasset" 459
"../../../Engine/Content/EngineMaterials/Widget3DPassThrough_Translucent_OneSided.uasset" 460
"../../../Engine/Content/EngineMeshes/Cylinder.uasset" 461
"../../../Engine/Content/EngineMeshes/Sphere.uasset" 462
"../../../Engine/Content/EngineResources/Black.uasset" 463
"../../../Engine/Content/EngineResources/DefaultTexture.uasset" 464
"../../../Engine/Content/EngineResources/DefaultTextureCube.uasset" 465
"../../../Engine/Content/EngineResources/DefaultVolumeTexture2D.uasset" 466
"../../../Engine/Content/EngineResources/DefaultVolumeTexture.uasset" 467
"../../../Engine/Content/EngineResources/GradientTexture0.uasset" 468
"../../../Engine/Content/EngineSounds/Master.uasset" 469
"../../../Engine/Content/Functions/Engine_MaterialFunctions01/Shading/ConvertFromDiffSpec.uasset" 470
"../../../Engine/Content/Functions/Engine_MaterialFunctions01/Shading/PowerToRoughness.uasset" 471
"../../../Engine/Content/Maps/Templates/Thumbnails/Default.uasset" 472
"../../../Engine/Content/Maps/Templates/Thumbnails/TimeOfDay.uasset" 473
"../../../Engine/Content/Maps/Templates/Thumbnails/VR-Basic.uasset" 474
"../../../Engine/Content/MobileResources/T_MobileControls_texture.uasset" 475
"../../../Engine/Content/MobileResources/T_MobileMenu2.uasset" 476
"../../../Engine/Content/MobileResources/HUD/AnalogHat.uasset" 477
"../../../Engine/Content/MobileResources/HUD/VirtualJoystick_Background.uasset" 478
"../../../Engine/Content/MobileResources/HUD/VirtualJoystick_Thumb.uasset" 479
"../../../Engine/Content/MobileResources/HUD/DefaultVirtualJoysticks.uasset" 480
"../../../Engine/Content/MobileResources/HUD/LeftVirtualJoystickOnly.uasset" 481
"../../../Engine/Content/MobileResources/HUD/MobileHUDButton1_off.uasset" 482
"../../../Engine/Content/MobileResources/HUD/MobileHUDButton1_on.uasset" 483
"../../../Engine/Content/MobileResources/HUD/MobileHUDButton2_off.uasset" 484
"../../../Engine/Content/MobileResources/HUD/MobileHUDButton2_on.uasset" 485
"../../../Engine/Content/MobileResources/HUD/MobileHUDButton3.uasset" 486
"../../../Engine/Content/MobileResources/HUD/MobileHUDButtonFire.uasset" 487
"../../../Engine/Content/MobileResources/HUD/MobileHUDDirectionPad.uasset" 488
"../../../Engine/Content/MobileResources/HUD/MobileHUDDirectionPad2.uasset" 489
"../../../Engine/Content/MobileResources/HUD/MobileHUDDirectionPad3.uasset" 490
"../../../Engine/Content/MobileResources/HUD/MobileHUDDirectionStick.uasset" 491
"../../../Engine/Content/MobileResources/HUD/T_Castle_ThumbstickInner.uasset" 492
"../../../Engine/Content/MobileResources/HUD/T_Castle_ThumbstickOutter.uasset" 493
"../../../Engine/Content/Tutorial/ContentIntroCurve.uasset" 494
"../../../Engine/Content/Tutorial/Basics/LevelEditorAttract.uasset" 495
"../../../Engine/Content/Tutorial/Installation/InstallingVisualStudioTutorial.uasset" 496
"../../../Engine/Content/VREditor/LaserPointer/VR_LaserPower_01.uasset" 497
"../../../Engine/Content/VREditor/TransformGizmo/TransformGizmoMaterial.uasset" 498
"../../../Engine/Content/VREditor/TransformGizmo/TranslucentTransformGizmoMaterial.uasset" 499
"../../../Engine/Content/VREditor/TransformGizmo/BoundingBoxCorner.uasset" 500
"../../../Engine/Content/VREditor/TransformGizmo/BoundingBoxEdge.uasset" 501
"../../../Engine/Content/VREditor/TransformGizmo/PlaneTranslationHandle.uasset" 502
"../../../Engine/Content/VREditor/TransformGizmo/Main.uasset" 503
"../../../Engine/Content/VREditor/TransformGizmo/Xray.uasset" 504
"../../../Engine/Content/VREditor/TransformGizmo/SM_Sequencer_Key.uasset" 505
"../../../Engine/Content/VREditor/TransformGizmo/SM_Sequencer_Node.uasset" 506
"../../Plugins/2D/Paper2D/Content/PlaceholderTextures/DummySpriteTexture.uasset" 507
"../../Plugins/2D/Paper2D/Content/DummySprite.uasset" 508
"../../Plugins/2D/Paper2D/Content/DefaultPaperTerrainMaterial.uasset" 509
"../../Plugins/2D/Paper2D/Content/DummySpriteTexture.uasset" 510
"../../Plugins/2D/Paper2D/Content/DefaultSpriteMaterial.uasset" 511
"../../Plugins/2D/Paper2D/Content/MaskedUnlitSpriteMaterial.uasset" 512
"../../Plugins/2D/Paper2D/Content/OpaqueUnlitSpriteMaterial.uasset" 513
"../../../Engine/Content/Functions/Engine_MaterialFunctions02/Utility/BreakOutFloat4Components.uasset" 514
"../../Plugins/Runtime/Oculus/OculusVR/Content/Materials/OculusMR_ChromaKey.uasset" 515
"../../Plugins/Runtime/Oculus/OculusVR/Content/Materials/OculusMR_ChromaKey_Lit.uasset" 516
"../../Plugins/Runtime/Oculus/OculusVR/Content/Materials/OculusMR_OpaqueColoredMaterial.uasset" 517
"../../Plugins/Runtime/Oculus/OculusVR/Content/Materials/OculusMR_WhiteMaterial.uasset" 518
"F:/Unreal Crap/Github/BSE-Killer-Round-19071/MoveSkatePhys/Content/MainMenuContent/GlowingTextMat.uasset" 519
"F:/Unreal Crap/Github/BSE-Killer-Round-19071/MoveSkatePhys/Content/Blueprints/PillarScreen.uasset" 520
"F:/Unreal Crap/Github/BSE-Killer-Round-19071/MoveSkatePhys/Content/Levels/Simple_Test_BuiltData.uasset" 521
"../../../Engine/Content/EngineResources/AICON-Green.uasset" 522
"F:/Unreal Crap/Github/BSE-Killer-Round-19071/MoveSkatePhys/Content/Levels/Simple_Test.umap" 523
"F:/Unreal Crap/Github/BSE-Killer-Round-19071/MoveSkatePhys/Content/Levels/TestRoom.umap" 524
"F:/Unreal Crap/Github/BSE-Killer-Round-19071/MoveSkatePhys/Content/MainMenuContent/MainMenuPlayerController.uasset" 525
"F:/Unreal Crap/Github/BSE-Killer-Round-19071/MoveSkatePhys/Content/MainMenuContent/MainMenuGameMode.uasset" 526
"F:/Unreal Crap/Github/BSE-Killer-Round-19071/MoveSkatePhys/Content/MainMenuContent/MainMenuPawn.uasset" 527
"F:/Unreal Crap/Github/BSE-Killer-Round-19071/MoveSkatePhys/Content/MainMenuContent/MenuText.uasset" 528
"F:/Unreal Crap/Github/BSE-Killer-Round-19071/MoveSkatePhys/Content/MainMenuContent/MainMenuLevel.umap" 529
"F:/Unreal Crap/Github/BSE-Killer-Round-19071/MoveSkatePhys/Content/StarterContent/Blueprints/Assets/FogBrightnessLUT.uasset" 530
"F:/Unreal Crap/Github/BSE-Killer-Round-19071/MoveSkatePhys/Content/StarterContent/Blueprints/Assets/SunlightColorLUT.uasset" 531
"F:/Unreal Crap/Github/BSE-Killer-Round-19071/MoveSkatePhys/Content/StarterContent/Blueprints/Assets/M_LightStage_Arrows.uasset" 532
"../../../Engine/Content/MapTemplates/Sky/DaylightAmbientCubemap.uasset" 533
"F:/Unreal Crap/Github/BSE-Killer-Round-19071/MoveSkatePhys/Content/StarterContent/Blueprints/Assets/M_LightStage_Skybox_Master.uasset" 534
"F:/Unreal Crap/Github/BSE-Killer-Round-19071/MoveSkatePhys/Content/StarterContent/Blueprints/Assets/M_LightStage_Skybox_Black.uasset" 535
"F:/Unreal Crap/Github/BSE-Killer-Round-19071/MoveSkatePhys/Content/StarterContent/Blueprints/Assets/M_LightStage_Skybox_HDRI.uasset" 536
"../../../Engine/Content/EditorMaterials/Thumbnails/SkySphereMaterial.uasset" 537
"F:/Unreal Crap/Github/BSE-Killer-Round-19071/MoveSkatePhys/Content/StarterContent/Blueprints/Assets/Skybox.uasset" 538
"F:/Unreal Crap/Github/BSE-Killer-Round-19071/MoveSkatePhys/Content/StarterContent/Blueprints/Assets/SM_Arrows.uasset" 539
"F:/Unreal Crap/Github/BSE-Killer-Round-19071/MoveSkatePhys/Content/StarterContent/HDRI/HDRI_Epic_Courtyard_Daylight.uasset" 540
"F:/Unreal Crap/Github/BSE-Killer-Round-19071/MoveSkatePhys/Content/StarterContent/Blueprints/BP_LightStudio.uasset" 541
"F:/Unreal Crap/Github/BSE-Killer-Round-19071/MoveSkatePhys/Content/StarterContent/Maps/Advanced_Lighting_BuiltData.uasset" 542
"F:/Unreal Crap/Github/BSE-Killer-Round-19071/MoveSkatePhys/Content/StarterContent/Materials/M_AssetPlatform.uasset" 543
"../../../Engine/Content/EditorMeshes/ColorCalibrator/M_ChromeBall.uasset" 544
"../../../Engine/Content/EditorMeshes/ColorCalibrator/M_ClearCoat.uasset" 545
"../../../Engine/Content/EditorMeshes/ColorCalibrator/M_ClearCoatBlack.uasset" 546
"../../../Engine/Content/EditorMeshes/ColorCalibrator/Color_checker.uasset" 547
"../../../Engine/Content/EditorMeshes/ColorCalibrator/M_ColorGrid.uasset" 548
"../../../Engine/Content/EditorMeshes/ColorCalibrator/M_GreyBall.uasset" 549
"../../../Engine/Content/EditorMeshes/ColorCalibrator/SM_ColorCalibrator.uasset" 550
"F:/Unreal Crap/Github/BSE-Killer-Round-19071/MoveSkatePhys/Content/StarterContent/Architecture/SM_AssetPlatform.uasset" 551
"F:/Unreal Crap/Github/BSE-Killer-Round-19071/MoveSkatePhys/Content/StarterContent/Maps/Advanced_Lighting.umap" 552
"F:/Unreal Crap/Github/BSE-Killer-Round-19071/MoveSkatePhys/Content/StarterContent/Maps/Minimal_Default_BuiltData.uasset" 553
"F:/Unreal Crap/Github/BSE-Killer-Round-19071/MoveSkatePhys/Content/StarterContent/Materials/M_Metal_Brushed_Nickel.uasset" 554
"F:/Unreal Crap/Github/BSE-Killer-Round-19071/MoveSkatePhys/Content/StarterContent/Textures/T_Metal_Aluminum_D.uasset" 555
"F:/Unreal Crap/Github/BSE-Killer-Round-19071/MoveSkatePhys/Content/StarterContent/Materials/M_Metal_Burnished_Steel.uasset" 556
"F:/Unreal Crap/Github/BSE-Killer-Round-19071/MoveSkatePhys/Content/StarterContent/Textures/T_Metal_Copper_D.uasset" 557
"F:/Unreal Crap/Github/BSE-Killer-Round-19071/MoveSkatePhys/Content/StarterContent/Materials/M_Metal_Copper.uasset" 558
"F:/Unreal Crap/Github/BSE-Killer-Round-19071/MoveSkatePhys/Content/StarterContent/Textures/T_Statue_M.uasset" 559
"F:/Unreal Crap/Github/BSE-Killer-Round-19071/MoveSkatePhys/Content/StarterContent/Textures/T_Statue_N.uasset" 560
"F:/Unreal Crap/Github/BSE-Killer-Round-19071/MoveSkatePhys/Content/StarterContent/Props/Materials/M_StatueGlass.uasset" 561
"F:/Unreal Crap/Github/BSE-Killer-Round-19071/MoveSkatePhys/Content/StarterContent/Architecture/Floor_400x400.uasset" 562
"F:/Unreal Crap/Github/BSE-Killer-Round-19071/MoveSkatePhys/Content/StarterContent/Audio/Starter_Background_Cue.uasset" 563
"F:/Unreal Crap/Github/BSE-Killer-Round-19071/MoveSkatePhys/Content/StarterContent/Props/SM_Chair.uasset" 564
"F:/Unreal Crap/Github/BSE-Killer-Round-19071/MoveSkatePhys/Content/StarterContent/Props/Materials/M_Statue.uasset" 565
"F:/Unreal Crap/Github/BSE-Killer-Round-19071/MoveSkatePhys/Content/StarterContent/Props/SM_Statue.uasset" 566
"F:/Unreal Crap/Github/BSE-Killer-Round-19071/MoveSkatePhys/Content/StarterContent/Textures/T_TableRound_M.uasset" 567
"F:/Unreal Crap/Github/BSE-Killer-Round-19071/MoveSkatePhys/Content/StarterContent/Textures/T_TableRound_N.uasset" 568
"F:/Unreal Crap/Github/BSE-Killer-Round-19071/MoveSkatePhys/Content/StarterContent/Props/Materials/M_TableRound.uasset" 569
"F:/Unreal Crap/Github/BSE-Killer-Round-19071/MoveSkatePhys/Content/StarterContent/Props/SM_TableRound.uasset" 570
"F:/Unreal Crap/Github/BSE-Killer-Round-19071/MoveSkatePhys/Content/StarterContent/Maps/Minimal_Default.umap" 571
"F:/Unreal Crap/Github/BSE-Killer-Round-19071/MoveSkatePhys/Content/StarterContent/Audio/Fire01_Cue.uasset" 572
"F:/Unreal Crap/Github/BSE-Killer-Round-19071/MoveSkatePhys/Content/StarterContent/Textures/T_Fire_SubUV.uasset" 573
"F:/Unreal Crap/Github/BSE-Killer-Round-19071/MoveSkatePhys/Content/StarterContent/Particles/Materials/M_Fire_SubUV.uasset" 574
"F:/Unreal Crap/Github/BSE-Killer-Round-19071/MoveSkatePhys/Content/StarterContent/Textures/T_Water_N.uasset" 575
"F:/Unreal Crap/Github/BSE-Killer-Round-19071/MoveSkatePhys/Content/StarterContent/Particles/Materials/M_Heat_Distortion.uasset" 576
"F:/Unreal Crap/Github/BSE-Killer-Round-19071/MoveSkatePhys/Content/StarterContent/Particles/Materials/M_Radial_Gradient.uasset" 577
"F:/Unreal Crap/Github/BSE-Killer-Round-19071/MoveSkatePhys/Content/StarterContent/Particles/P_Fire.uasset" 578
"F:/Unreal Crap/Github/BSE-Killer-Round-19071/MoveSkatePhys/Content/StarterContent/Blueprints/Blueprint_Effect_Fire.uasset" 579
"F:/Unreal Crap/Github/BSE-Killer-Round-19071/MoveSkatePhys/Content/StarterContent/Audio/Smoke01_Cue.uasset" 580
"F:/Unreal Crap/Github/BSE-Killer-Round-19071/MoveSkatePhys/Content/StarterContent/Particles/P_Smoke.uasset" 581
"F:/Unreal Crap/Github/BSE-Killer-Round-19071/MoveSkatePhys/Content/StarterContent/Blueprints/Blueprint_Effect_Smoke.uasset" 582
"F:/Unreal Crap/Github/BSE-Killer-Round-19071/MoveSkatePhys/Content/StarterContent/Audio/Fire_Sparks01_Cue.uasset" 583
"F:/Unreal Crap/Github/BSE-Killer-Round-19071/MoveSkatePhys/Content/StarterContent/Textures/T_Spark_Core.uasset" 584
"F:/Unreal Crap/Github/BSE-Killer-Round-19071/MoveSkatePhys/Content/StarterContent/Particles/Materials/M_Spark.uasset" 585
"F:/Unreal Crap/Github/BSE-Killer-Round-19071/MoveSkatePhys/Content/StarterContent/Particles/P_Sparks.uasset" 586
"F:/Unreal Crap/Github/BSE-Killer-Round-19071/MoveSkatePhys/Content/StarterContent/Blueprints/Blueprint_Effect_Sparks.uasset" 587
"F:/Unreal Crap/Github/BSE-Killer-Round-19071/MoveSkatePhys/Content/StarterContent/Audio/Steam01_Cue.uasset" 588
"F:/Unreal Crap/Github/BSE-Killer-Round-19071/MoveSkatePhys/Content/StarterContent/Particles/P_Steam_Lit.uasset" 589
"F:/Unreal Crap/Github/BSE-Killer-Round-19071/MoveSkatePhys/Content/StarterContent/Blueprints/Blueprint_Effect_Steam.uasset" 590
"F:/Unreal Crap/Github/BSE-Killer-Round-19071/MoveSkatePhys/Content/StarterContent/Textures/T_Lamp_M.uasset" 591
"F:/Unreal Crap/Github/BSE-Killer-Round-19071/MoveSkatePhys/Content/StarterContent/Textures/T_Lamp_N.uasset" 592
"F:/Unreal Crap/Github/BSE-Killer-Round-19071/MoveSkatePhys/Content/StarterContent/Props/Materials/M_Lamp.uasset" 593
"F:/Unreal Crap/Github/BSE-Killer-Round-19071/MoveSkatePhys/Content/StarterContent/Props/SM_Lamp_Ceiling.uasset" 594
"F:/Unreal Crap/Github/BSE-Killer-Round-19071/MoveSkatePhys/Content/StarterContent/Blueprints/Blueprint_CeilingLight.uasset" 595
"F:/Unreal Crap/Github/BSE-Killer-Round-19071/MoveSkatePhys/Content/StarterContent/Props/SM_Lamp_Wall.uasset" 596
"F:/Unreal Crap/Github/BSE-Killer-Round-19071/MoveSkatePhys/Content/StarterContent/Blueprints/Blueprint_WallSconce.uasset" 597
"F:/Unreal Crap/Github/BSE-Killer-Round-19071/MoveSkatePhys/Content/StarterContent/Maps/StarterMap_BuiltData.uasset" 598
"../../../Engine/Content/Functions/Engine_MaterialFunctions03/Procedurals/ComputeFilterWidth.uasset" 599
"../../../Engine/Content/EngineMaterials/AntiAliasedTextMaterialTranslucent.uasset" 600
"F:/Unreal Crap/Github/BSE-Killer-Round-19071/MoveSkatePhys/Content/StarterContent/Textures/T_Brick_Clay_Beveled_D.uasset" 601
"F:/Unreal Crap/Github/BSE-Killer-Round-19071/MoveSkatePhys/Content/StarterContent/Textures/T_Brick_Clay_Beveled_M.uasset" 602
"F:/Unreal Crap/Github/BSE-Killer-Round-19071/MoveSkatePhys/Content/StarterContent/Textures/T_Brick_Clay_Beveled_N.uasset" 603
"F:/Unreal Crap/Github/BSE-Killer-Round-19071/MoveSkatePhys/Content/StarterContent/Materials/M_Brick_Clay_Beveled.uasset" 604
"F:/Unreal Crap/Github/BSE-Killer-Round-19071/MoveSkatePhys/Content/StarterContent/Textures/T_Brick_Clay_New_D.uasset" 605
"F:/Unreal Crap/Github/BSE-Killer-Round-19071/MoveSkatePhys/Content/StarterContent/Textures/T_Brick_Clay_New_M.uasset" 606
"F:/Unreal Crap/Github/BSE-Killer-Round-19071/MoveSkatePhys/Content/StarterContent/Textures/T_Brick_Clay_New_N.uasset" 607
"F:/Unreal Crap/Github/BSE-Killer-Round-19071/MoveSkatePhys/Content/StarterContent/Materials/M_Brick_Clay_New.uasset" 608
"F:/Unreal Crap/Github/BSE-Killer-Round-19071/MoveSkatePhys/Content/StarterContent/Textures/T_Brick_Clay_Old_D.uasset" 609
"F:/Unreal Crap/Github/BSE-Killer-Round-19071/MoveSkatePhys/Content/StarterContent/Textures/T_Brick_Clay_Old_N.uasset" 610
"F:/Unreal Crap/Github/BSE-Killer-Round-19071/MoveSkatePhys/Content/StarterContent/Materials/M_Brick_Clay_Old.uasset" 611
"F:/Unreal Crap/Github/BSE-Killer-Round-19071/MoveSkatePhys/Content/StarterContent/Textures/T_Brick_Cut_Stone_D.uasset" 612
"F:/Unreal Crap/Github/BSE-Killer-Round-19071/MoveSkatePhys/Content/StarterContent/Textures/T_Brick_Cut_Stone_N.uasset" 613
"F:/Unreal Crap/Github/BSE-Killer-Round-19071/MoveSkatePhys/Content/StarterContent/Materials/M_Brick_Cut_Stone.uasset" 614
"F:/Unreal Crap/Github/BSE-Killer-Round-19071/MoveSkatePhys/Content/StarterContent/Textures/T_Brick_Hewn_Stone_D.uasset" 615
"F:/Unreal Crap/Github/BSE-Killer-Round-19071/MoveSkatePhys/Content/StarterContent/Textures/T_Brick_Hewn_Stone_M.uasset" 616
"F:/Unreal Crap/Github/BSE-Killer-Round-19071/MoveSkatePhys/Content/StarterContent/Textures/T_Brick_Hewn_Stone_N.uasset" 617
"F:/Unreal Crap/Github/BSE-Killer-Round-19071/MoveSkatePhys/Content/StarterContent/Materials/M_Brick_Hewn_Stone.uasset" 618
"F:/Unreal Crap/Github/BSE-Killer-Round-19071/MoveSkatePhys/Content/StarterContent/Textures/T_Ceramic_Tile_M.uasset" 619
"F:/Unreal Crap/Github/BSE-Killer-Round-19071/MoveSkatePhys/Content/StarterContent/Textures/T_Ceramic_Tile_N.uasset" 620
"F:/Unreal Crap/Github/BSE-Killer-Round-19071/MoveSkatePhys/Content/StarterContent/Textures/T_Rock_Marble_Polished_D.uasset" 621
"F:/Unreal Crap/Github/BSE-Killer-Round-19071/MoveSkatePhys/Content/StarterContent/Materials/M_Ceramic_Tile_Checker.uasset" 622
"F:/Unreal Crap/Github/BSE-Killer-Round-19071/MoveSkatePhys/Content/StarterContent/Textures/T_CobbleStone_Pebble_D.uasset" 623
"F:/Unreal Crap/Github/BSE-Killer-Round-19071/MoveSkatePhys/Content/StarterContent/Textures/T_CobbleStone_Pebble_M.uasset" 624
"F:/Unreal Crap/Github/BSE-Killer-Round-19071/MoveSkatePhys/Content/StarterContent/Textures/T_CobbleStone_Pebble_N.uasset" 625
"F:/Unreal Crap/Github/BSE-Killer-Round-19071/MoveSkatePhys/Content/StarterContent/Materials/M_CobbleStone_Pebble.uasset" 626
"F:/Unreal Crap/Github/BSE-Killer-Round-19071/MoveSkatePhys/Content/StarterContent/Textures/T_CobbleStone_Rough_D.uasset" 627
"F:/Unreal Crap/Github/BSE-Killer-Round-19071/MoveSkatePhys/Content/StarterContent/Textures/T_CobbleStone_Rough_N.uasset" 628
"F:/Unreal Crap/Github/BSE-Killer-Round-19071/MoveSkatePhys/Content/StarterContent/Textures/T_Gradinet_01.uasset" 629
"F:/Unreal Crap/Github/BSE-Killer-Round-19071/MoveSkatePhys/Content/StarterContent/Textures/T_Rock_Smooth_Granite_D.uasset" 630
"F:/Unreal Crap/Github/BSE-Killer-Round-19071/MoveSkatePhys/Content/StarterContent/Materials/M_CobbleStone_Rough.uasset" 631
"F:/Unreal Crap/Github/BSE-Killer-Round-19071/MoveSkatePhys/Content/StarterContent/Textures/T_CobbleStone_Smooth_D.uasset" 632
"F:/Unreal Crap/Github/BSE-Killer-Round-19071/MoveSkatePhys/Content/StarterContent/Textures/T_CobbleStone_Smooth_M.uasset" 633
"F:/Unreal Crap/Github/BSE-Killer-Round-19071/MoveSkatePhys/Content/StarterContent/Textures/T_CobbleStone_Smooth_N.uasset" 634
"F:/Unreal Crap/Github/BSE-Killer-Round-19071/MoveSkatePhys/Content/StarterContent/Materials/M_CobbleStone_Smooth.uasset" 635
"F:/Unreal Crap/Github/BSE-Killer-Round-19071/MoveSkatePhys/Content/StarterContent/Textures/T_Concrete_Grime_D.uasset" 636
"F:/Unreal Crap/Github/BSE-Killer-Round-19071/MoveSkatePhys/Content/StarterContent/Textures/T_Metal_Rust_N.uasset" 637
"F:/Unreal Crap/Github/BSE-Killer-Round-19071/MoveSkatePhys/Content/StarterContent/Materials/M_Concrete_Grime.uasset" 638
"F:/Unreal Crap/Github/BSE-Killer-Round-19071/MoveSkatePhys/Content/StarterContent/Textures/T_Concrete_Panels_D.uasset" 639
"F:/Unreal Crap/Github/BSE-Killer-Round-19071/MoveSkatePhys/Content/StarterContent/Textures/T_Concrete_Panels_N.uasset" 640
"F:/Unreal Crap/Github/BSE-Killer-Round-19071/MoveSkatePhys/Content/StarterContent/Materials/M_Concrete_Panels.uasset" 641
"F:/Unreal Crap/Github/BSE-Killer-Round-19071/MoveSkatePhys/Content/StarterContent/Textures/T_Concrete_Poured_D.uasset" 642
"F:/Unreal Crap/Github/BSE-Killer-Round-19071/MoveSkatePhys/Content/StarterContent/Textures/T_Concrete_Poured_N.uasset" 643
"F:/Unreal Crap/Github/BSE-Killer-Round-19071/MoveSkatePhys/Content/StarterContent/Materials/M_Concrete_Poured.uasset" 644
"F:/Unreal Crap/Github/BSE-Killer-Round-19071/MoveSkatePhys/Content/StarterContent/Textures/T_Concrete_Tiles_D.uasset" 645
"F:/Unreal Crap/Github/BSE-Killer-Round-19071/MoveSkatePhys/Content/StarterContent/Textures/T_Concrete_Tiles_M.uasset" 646
"F:/Unreal Crap/Github/BSE-Killer-Round-19071/MoveSkatePhys/Content/StarterContent/Textures/T_Concrete_Tiles_N.uasset" 647
"F:/Unreal Crap/Github/BSE-Killer-Round-19071/MoveSkatePhys/Content/StarterContent/Textures/T_Concrete_Tiles_Variation_M.uasset" 648
"F:/Unreal Crap/Github/BSE-Killer-Round-19071/MoveSkatePhys/Content/StarterContent/Materials/M_Concrete_Tiles.uasset" 649
"F:/Unreal Crap/Github/BSE-Killer-Round-19071/MoveSkatePhys/Content/StarterContent/Textures/T_Ground_Grass_D.uasset" 650
"F:/Unreal Crap/Github/BSE-Killer-Round-19071/MoveSkatePhys/Content/StarterContent/Textures/T_Ground_Grass_N.uasset" 651
"F:/Unreal Crap/Github/BSE-Killer-Round-19071/MoveSkatePhys/Content/StarterContent/Materials/M_Ground_Grass.uasset" 652
"F:/Unreal Crap/Github/BSE-Killer-Round-19071/MoveSkatePhys/Content/StarterContent/Textures/T_Ground_Gravel_D.uasset" 653
"F:/Unreal Crap/Github/BSE-Killer-Round-19071/MoveSkatePhys/Content/StarterContent/Textures/T_Ground_Gravel_N.uasset" 654
"F:/Unreal Crap/Github/BSE-Killer-Round-19071/MoveSkatePhys/Content/StarterContent/Materials/M_Ground_Gravel.uasset" 655
"F:/Unreal Crap/Github/BSE-Killer-Round-19071/MoveSkatePhys/Content/StarterContent/Textures/T_ground_Moss_D.uasset" 656
"F:/Unreal Crap/Github/BSE-Killer-Round-19071/MoveSkatePhys/Content/StarterContent/Textures/T_Ground_Moss_N.uasset" 657
"F:/Unreal Crap/Github/BSE-Killer-Round-19071/MoveSkatePhys/Content/StarterContent/Materials/M_Ground_Moss.uasset" 658
"F:/Unreal Crap/Github/BSE-Killer-Round-19071/MoveSkatePhys/Content/StarterContent/Materials/M_Metal_Chrome.uasset" 659
"F:/Unreal Crap/Github/BSE-Killer-Round-19071/MoveSkatePhys/Content/StarterContent/Textures/T_Metal_Rust_D.uasset" 660
"F:/Unreal Crap/Github/BSE-Killer-Round-19071/MoveSkatePhys/Content/StarterContent/Materials/M_Metal_Rust.uasset" 661
"F:/Unreal Crap/Github/BSE-Killer-Round-19071/MoveSkatePhys/Content/StarterContent/Materials/M_Metal_Steel.uasset" 662
"F:/Unreal Crap/Github/BSE-Killer-Round-19071/MoveSkatePhys/Content/StarterContent/Textures/T_Rock_Basalt_N.uasset" 663
"F:/Unreal Crap/Github/BSE-Killer-Round-19071/MoveSkatePhys/Content/StarterContent/Materials/M_Rock_Basalt.uasset" 664
"F:/Unreal Crap/Github/BSE-Killer-Round-19071/MoveSkatePhys/Content/StarterContent/Materials/M_Rock_Marble_Polished.uasset" 665
"F:/Unreal Crap/Github/BSE-Killer-Round-19071/MoveSkatePhys/Content/StarterContent/Textures/T_Rock_Sandstone_D.uasset" 666
"F:/Unreal Crap/Github/BSE-Killer-Round-19071/MoveSkatePhys/Content/StarterContent/Textures/T_Rock_Sandstone_N.uasset" 667
"F:/Unreal Crap/Github/BSE-Killer-Round-19071/MoveSkatePhys/Content/StarterContent/Materials/M_Rock_Sandstone.uasset" 668
"F:/Unreal Crap/Github/BSE-Killer-Round-19071/MoveSkatePhys/Content/StarterContent/Textures/T_Checker_Noise_M.uasset" 669
"F:/Unreal Crap/Github/BSE-Killer-Round-19071/MoveSkatePhys/Content/StarterContent/Textures/T_Single_Tile_N.uasset" 670
"F:/Unreal Crap/Github/BSE-Killer-Round-19071/MoveSkatePhys/Content/StarterContent/Textures/T_Tech_Dot_M.uasset" 671
"F:/Unreal Crap/Github/BSE-Killer-Round-19071/MoveSkatePhys/Content/StarterContent/Textures/T_Tech_Dot_N.uasset" 672
"F:/Unreal Crap/Github/BSE-Killer-Round-19071/MoveSkatePhys/Content/StarterContent/Materials/M_Tech_Checker_Dot.uasset" 673
"F:/Unreal Crap/Github/BSE-Killer-Round-19071/MoveSkatePhys/Content/StarterContent/Textures/T_Tech_Hex_Tile_N.uasset" 674
"F:/Unreal Crap/Github/BSE-Killer-Round-19071/MoveSkatePhys/Content/StarterContent/Materials/M_Tech_Hex_Tile.uasset" 675
"F:/Unreal Crap/Github/BSE-Killer-Round-19071/MoveSkatePhys/Content/StarterContent/Materials/M_Tech_Hex_Tile_Pulse.uasset" 676
"F:/Unreal Crap/Github/BSE-Killer-Round-19071/MoveSkatePhys/Content/StarterContent/Textures/T_Tech_Panel_M.uasset" 677
"F:/Unreal Crap/Github/BSE-Killer-Round-19071/MoveSkatePhys/Content/StarterContent/Textures/T_Tech_Panel_N.uasset" 678
"F:/Unreal Crap/Github/BSE-Killer-Round-19071/MoveSkatePhys/Content/StarterContent/Materials/M_Tech_Panel.uasset" 679
"F:/Unreal Crap/Github/BSE-Killer-Round-19071/MoveSkatePhys/Content/StarterContent/Materials/M_Water_Lake.uasset" 680
"F:/Unreal Crap/Github/BSE-Killer-Round-19071/MoveSkatePhys/Content/StarterContent/Textures/T_Water_M.uasset" 681
"F:/Unreal Crap/Github/BSE-Killer-Round-19071/MoveSkatePhys/Content/StarterContent/Materials/M_Water_Ocean.uasset" 682
"F:/Unreal Crap/Github/BSE-Killer-Round-19071/MoveSkatePhys/Content/StarterContent/Textures/T_Wood_Floor_Walnut_D.uasset" 683
"F:/Unreal Crap/Github/BSE-Killer-Round-19071/MoveSkatePhys/Content/StarterContent/Textures/T_Wood_Floor_Walnut_M.uasset" 684
"F:/Unreal Crap/Github/BSE-Killer-Round-19071/MoveSkatePhys/Content/StarterContent/Textures/T_Wood_Floor_Walnut_N.uasset" 685
"F:/Unreal Crap/Github/BSE-Killer-Round-19071/MoveSkatePhys/Content/StarterContent/Materials/M_Wood_Floor_Walnut_Polished.uasset" 686
"../../../Engine/Content/Functions/Engine_MaterialFunctions01/Opacity/AlphaOffset.uasset" 687
"F:/Unreal Crap/Github/BSE-Killer-Round-19071/MoveSkatePhys/Content/StarterContent/Materials/M_Wood_Floor_Walnut_Worn.uasset" 688
"F:/Unreal Crap/Github/BSE-Killer-Round-19071/MoveSkatePhys/Content/StarterContent/Textures/T_Wood_Oak_D.uasset" 689
"F:/Unreal Crap/Github/BSE-Killer-Round-19071/MoveSkatePhys/Content/StarterContent/Textures/T_Wood_Oak_N.uasset" 690
"F:/Unreal Crap/Github/BSE-Killer-Round-19071/MoveSkatePhys/Content/StarterContent/Materials/M_Wood_Oak.uasset" 691
"F:/Unreal Crap/Github/BSE-Killer-Round-19071/MoveSkatePhys/Content/StarterContent/Textures/T_Wood_Pine_D.uasset" 692
"F:/Unreal Crap/Github/BSE-Killer-Round-19071/MoveSkatePhys/Content/StarterContent/Textures/T_Wood_Pine_N.uasset" 693
"F:/Unreal Crap/Github/BSE-Killer-Round-19071/MoveSkatePhys/Content/StarterContent/Materials/M_Wood_Pine.uasset" 694
"F:/Unreal Crap/Github/BSE-Killer-Round-19071/MoveSkatePhys/Content/StarterContent/Textures/T_Wood_Walnut_D.uasset" 695
"F:/Unreal Crap/Github/BSE-Killer-Round-19071/MoveSkatePhys/Content/StarterContent/Textures/T_Wood_Walnut_N.uasset" 696
"F:/Unreal Crap/Github/BSE-Killer-Round-19071/MoveSkatePhys/Content/StarterContent/Materials/M_Wood_Walnut.uasset" 697
"F:/Unreal Crap/Github/BSE-Killer-Round-19071/MoveSkatePhys/Content/StarterContent/Architecture/Wall_400x200.uasset" 698
"F:/Unreal Crap/Github/BSE-Killer-Round-19071/MoveSkatePhys/Content/StarterContent/Architecture/Wall_Door_400x300.uasset" 699
"F:/Unreal Crap/Github/BSE-Killer-Round-19071/MoveSkatePhys/Content/StarterContent/Architecture/Wall_Window_400x300.uasset" 700
"F:/Unreal Crap/Github/BSE-Killer-Round-19071/MoveSkatePhys/Content/StarterContent/Audio/Collapse_Cue.uasset" 701
"F:/Unreal Crap/Github/BSE-Killer-Round-19071/MoveSkatePhys/Content/StarterContent/Audio/Starter_Music_Cue.uasset" 702
"F:/Unreal Crap/Github/BSE-Killer-Round-19071/MoveSkatePhys/Content/StarterContent/Textures/T_Dust_Particle_D.uasset" 703
"F:/Unreal Crap/Github/BSE-Killer-Round-19071/MoveSkatePhys/Content/StarterContent/Particles/Materials/M_Dust_Particle.uasset" 704
"F:/Unreal Crap/Github/BSE-Killer-Round-19071/MoveSkatePhys/Content/StarterContent/Particles/P_Ambient_Dust.uasset" 705
"F:/Unreal Crap/Github/BSE-Killer-Round-19071/MoveSkatePhys/Content/StarterContent/Textures/T_Frame_M.uasset" 706
"F:/Unreal Crap/Github/BSE-Killer-Round-19071/MoveSkatePhys/Content/StarterContent/Textures/T_Frame_N.uasset" 707
"F:/Unreal Crap/Github/BSE-Killer-Round-19071/MoveSkatePhys/Content/StarterContent/Props/Materials/M_Frame.uasset" 708
"F:/Unreal Crap/Github/BSE-Killer-Round-19071/MoveSkatePhys/Content/StarterContent/Props/SM_CornerFrame.uasset" 709
"F:/Unreal Crap/Github/BSE-Killer-Round-19071/MoveSkatePhys/Content/StarterContent/Props/SM_DoorFrame.uasset" 710
"F:/Unreal Crap/Github/BSE-Killer-Round-19071/MoveSkatePhys/Content/StarterContent/Props/SM_GlassWindow.uasset" 711
"F:/Unreal Crap/Github/BSE-Killer-Round-19071/MoveSkatePhys/Content/StarterContent/Props/SM_PillarFrame.uasset" 712
"F:/Unreal Crap/Github/BSE-Killer-Round-19071/MoveSkatePhys/Content/StarterContent/Props/SM_PillarFrame300.uasset" 713
"F:/Unreal Crap/Github/BSE-Killer-Round-19071/MoveSkatePhys/Content/StarterContent/Props/SM_WindowFrame.uasset" 714
"F:/Unreal Crap/Github/BSE-Killer-Round-19071/MoveSkatePhys/Content/StarterContent/Shapes/Shape_Cube.uasset" 715
"F:/Unreal Crap/Github/BSE-Killer-Round-19071/MoveSkatePhys/Content/StarterContent/Shapes/Shape_QuadPyramid.uasset" 716
"F:/Unreal Crap/Github/BSE-Killer-Round-19071/MoveSkatePhys/Content/StarterContent/Shapes/Shape_Sphere.uasset" 717
"F:/Unreal Crap/Github/BSE-Killer-Round-19071/MoveSkatePhys/Content/StarterContent/Maps/StarterMap.umap" 718
"../../../Engine/Content/Maps/Entry_BuiltData.uasset" 719
"../../../Engine/Content/Maps/Entry.umap" 720
